{"C:\\Amrita College\\Git\\Farmer_Connect\\frontend\\src\\app\\(auth)\\buyer\\register\\page.jsx": {"path":"C:\\Amrita College\\Git\\Farmer_Connect\\frontend\\src\\app\\(auth)\\buyer\\register\\page.jsx","statementMap":{"0":{"start":{"line":42,"column":24},"end":{"line":42,"column":null}},"1":{"start":{"line":3,"column":36},"end":{"line":3,"column":null}},"2":{"start":{"line":4,"column":31},"end":{"line":4,"column":null}},"3":{"start":{"line":5,"column":41},"end":{"line":5,"column":null}},"4":{"start":{"line":6,"column":26},"end":{"line":6,"column":null}},"5":{"start":{"line":7,"column":45},"end":{"line":7,"column":null}},"6":{"start":{"line":8,"column":19},"end":{"line":8,"column":null}},"7":{"start":{"line":9,"column":18},"end":{"line":9,"column":null}},"8":{"start":{"line":10,"column":19},"end":{"line":10,"column":null}},"9":{"start":{"line":11,"column":17},"end":{"line":11,"column":null}},"10":{"start":{"line":14,"column":14},"end":{"line":21,"column":null}},"11":{"start":{"line":24,"column":28},"end":{"line":30,"column":null}},"12":{"start":{"line":33,"column":28},"end":{"line":40,"column":null}},"13":{"start":{"line":43,"column":18},"end":{"line":43,"column":null}},"14":{"start":{"line":44,"column":21},"end":{"line":44,"column":null}},"15":{"start":{"line":45,"column":19},"end":{"line":45,"column":null}},"16":{"start":{"line":46,"column":56},"end":{"line":46,"column":null}},"17":{"start":{"line":46,"column":79},"end":{"line":46,"column":89}},"18":{"start":{"line":48,"column":28},"end":{"line":48,"column":null}},"19":{"start":{"line":49,"column":32},"end":{"line":49,"column":null}},"20":{"start":{"line":50,"column":42},"end":{"line":50,"column":null}},"21":{"start":{"line":51,"column":44},"end":{"line":51,"column":null}},"22":{"start":{"line":52,"column":42},"end":{"line":52,"column":null}},"23":{"start":{"line":53,"column":26},"end":{"line":53,"column":null}},"24":{"start":{"line":54,"column":40},"end":{"line":54,"column":null}},"25":{"start":{"line":55,"column":36},"end":{"line":55,"column":null}},"26":{"start":{"line":58,"column":36},"end":{"line":64,"column":null}},"27":{"start":{"line":65,"column":32},"end":{"line":65,"column":null}},"28":{"start":{"line":68,"column":4},"end":{"line":72,"column":null}},"29":{"start":{"line":69,"column":8},"end":{"line":71,"column":null}},"30":{"start":{"line":70,"column":12},"end":{"line":70,"column":null}},"31":{"start":{"line":75,"column":24},"end":{"line":78,"column":null}},"32":{"start":{"line":76,"column":8},"end":{"line":76,"column":null}},"33":{"start":{"line":76,"column":29},"end":{"line":76,"column":null}},"34":{"start":{"line":77,"column":8},"end":{"line":77,"column":null}},"35":{"start":{"line":77,"column":27},"end":{"line":77,"column":null}},"36":{"start":{"line":77,"column":46},"end":{"line":77,"column":null}},"37":{"start":{"line":81,"column":27},"end":{"line":91,"column":null}},"38":{"start":{"line":82,"column":8},"end":{"line":89,"column":null}},"39":{"start":{"line":83,"column":28},"end":{"line":83,"column":59}},"40":{"start":{"line":84,"column":12},"end":{"line":88,"column":null}},"41":{"start":{"line":85,"column":16},"end":{"line":85,"column":null}},"42":{"start":{"line":85,"column":77},"end":{"line":85,"column":91}},"43":{"start":{"line":87,"column":16},"end":{"line":87,"column":null}},"44":{"start":{"line":90,"column":8},"end":{"line":90,"column":null}},"45":{"start":{"line":90,"column":41},"end":{"line":90,"column":null}},"46":{"start":{"line":90,"column":60},"end":{"line":90,"column":null}},"47":{"start":{"line":94,"column":31},"end":{"line":100,"column":null}},"48":{"start":{"line":95,"column":8},"end":{"line":98,"column":null}},"49":{"start":{"line":96,"column":12},"end":{"line":96,"column":null}},"50":{"start":{"line":97,"column":12},"end":{"line":97,"column":null}},"51":{"start":{"line":99,"column":8},"end":{"line":99,"column":null}},"52":{"start":{"line":103,"column":31},"end":{"line":109,"column":null}},"53":{"start":{"line":104,"column":8},"end":{"line":107,"column":null}},"54":{"start":{"line":105,"column":12},"end":{"line":105,"column":null}},"55":{"start":{"line":106,"column":12},"end":{"line":106,"column":null}},"56":{"start":{"line":108,"column":8},"end":{"line":108,"column":null}},"57":{"start":{"line":112,"column":33},"end":{"line":120,"column":null}},"58":{"start":{"line":113,"column":26},"end":{"line":113,"column":null}},"59":{"start":{"line":114,"column":8},"end":{"line":114,"column":null}},"60":{"start":{"line":114,"column":43},"end":{"line":114,"column":null}},"61":{"start":{"line":115,"column":8},"end":{"line":115,"column":null}},"62":{"start":{"line":115,"column":36},"end":{"line":115,"column":null}},"63":{"start":{"line":116,"column":8},"end":{"line":116,"column":null}},"64":{"start":{"line":116,"column":32},"end":{"line":116,"column":null}},"65":{"start":{"line":117,"column":8},"end":{"line":117,"column":null}},"66":{"start":{"line":117,"column":42},"end":{"line":117,"column":null}},"67":{"start":{"line":118,"column":8},"end":{"line":118,"column":null}},"68":{"start":{"line":119,"column":8},"end":{"line":119,"column":null}},"69":{"start":{"line":123,"column":37},"end":{"line":125,"column":null}},"70":{"start":{"line":124,"column":8},"end":{"line":124,"column":null}},"71":{"start":{"line":124,"column":36},"end":{"line":124,"column":null}},"72":{"start":{"line":128,"column":28},"end":{"line":132,"column":null}},"73":{"start":{"line":129,"column":8},"end":{"line":129,"column":null}},"74":{"start":{"line":129,"column":32},"end":{"line":129,"column":76}},"75":{"start":{"line":129,"column":76},"end":{"line":129,"column":84}},"76":{"start":{"line":130,"column":8},"end":{"line":130,"column":null}},"77":{"start":{"line":130,"column":34},"end":{"line":130,"column":77}},"78":{"start":{"line":130,"column":77},"end":{"line":130,"column":85}},"79":{"start":{"line":131,"column":8},"end":{"line":131,"column":null}},"80":{"start":{"line":135,"column":33},"end":{"line":161,"column":null}},"81":{"start":{"line":136,"column":8},"end":{"line":139,"column":null}},"82":{"start":{"line":137,"column":12},"end":{"line":137,"column":null}},"83":{"start":{"line":138,"column":12},"end":{"line":138,"column":null}},"84":{"start":{"line":141,"column":8},"end":{"line":160,"column":null}},"85":{"start":{"line":142,"column":12},"end":{"line":151,"column":null}},"86":{"start":{"line":152,"column":12},"end":{"line":152,"column":null}},"87":{"start":{"line":154,"column":12},"end":{"line":159,"column":null}},"88":{"start":{"line":155,"column":16},"end":{"line":155,"column":null}},"89":{"start":{"line":156,"column":16},"end":{"line":156,"column":null}},"90":{"start":{"line":157,"column":16},"end":{"line":157,"column":null}},"91":{"start":{"line":158,"column":16},"end":{"line":158,"column":null}},"92":{"start":{"line":164,"column":23},"end":{"line":170,"column":null}},"93":{"start":{"line":165,"column":8},"end":{"line":169,"column":null}},"94":{"start":{"line":165,"column":35},"end":{"line":165,"column":null}},"95":{"start":{"line":166,"column":13},"end":{"line":169,"column":null}},"96":{"start":{"line":166,"column":47},"end":{"line":166,"column":null}},"97":{"start":{"line":167,"column":13},"end":{"line":169,"column":null}},"98":{"start":{"line":167,"column":45},"end":{"line":167,"column":75}},"99":{"start":{"line":167,"column":75},"end":{"line":167,"column":87}},"100":{"start":{"line":167,"column":87},"end":{"line":167,"column":106}},"101":{"start":{"line":168,"column":13},"end":{"line":169,"column":null}},"102":{"start":{"line":168,"column":52},"end":{"line":168,"column":null}},"103":{"start":{"line":169,"column":13},"end":{"line":169,"column":null}},"104":{"start":{"line":169,"column":43},"end":{"line":169,"column":66}},"105":{"start":{"line":169,"column":66},"end":{"line":169,"column":93}},"106":{"start":{"line":196,"column":41},"end":{"line":196,"column":61}},"107":{"start":{"line":196,"column":61},"end":{"line":196,"column":83}},"108":{"start":{"line":200,"column":43},"end":{"line":200,"column":102}},"109":{"start":{"line":200,"column":102},"end":{"line":200,"column":122}},"110":{"start":{"line":232,"column":41},"end":{"line":232,"column":61}},"111":{"start":{"line":232,"column":61},"end":{"line":232,"column":83}},"112":{"start":{"line":236,"column":43},"end":{"line":236,"column":108}},"113":{"start":{"line":236,"column":108},"end":{"line":236,"column":128}},"114":{"start":{"line":257,"column":41},"end":{"line":257,"column":61}},"115":{"start":{"line":257,"column":61},"end":{"line":257,"column":89}},"116":{"start":{"line":259,"column":71},"end":{"line":259,"column":null}},"117":{"start":{"line":262,"column":64},"end":{"line":262,"column":null}},"118":{"start":{"line":266,"column":41},"end":{"line":266,"column":82}},"119":{"start":{"line":268,"column":70},"end":{"line":268,"column":null}},"120":{"start":{"line":289,"column":41},"end":{"line":289,"column":61}},"121":{"start":{"line":289,"column":61},"end":{"line":289,"column":80}},"122":{"start":{"line":292,"column":43},"end":{"line":292,"column":98}},"123":{"start":{"line":292,"column":98},"end":{"line":292,"column":115}},"124":{"start":{"line":296,"column":43},"end":{"line":296,"column":105}},"125":{"start":{"line":296,"column":105},"end":{"line":296,"column":122}},"126":{"start":{"line":320,"column":24},"end":{"line":320,"column":null}},"127":{"start":{"line":334,"column":43},"end":{"line":334,"column":null}},"128":{"start":{"line":367,"column":41},"end":{"line":367,"column":68}},"129":{"start":{"line":367,"column":68},"end":{"line":367,"column":102}}},"fnMap":{"0":{"name":"BuyerRegisterPage","decl":{"start":{"line":42,"column":24},"end":{"line":42,"column":null}},"loc":{"start":{"line":42,"column":24},"end":{"line":431,"column":null}}},"1":{"name":"(anonymous_3)","decl":{"start":{"line":46,"column":68},"end":{"line":46,"column":69}},"loc":{"start":{"line":46,"column":79},"end":{"line":46,"column":89}}},"2":{"name":"(anonymous_4)","decl":{"start":{"line":68,"column":14},"end":{"line":68,"column":null}},"loc":{"start":{"line":68,"column":14},"end":{"line":72,"column":7}}},"3":{"name":"(anonymous_5)","decl":{"start":{"line":75,"column":24},"end":{"line":75,"column":25}},"loc":{"start":{"line":75,"column":32},"end":{"line":78,"column":null}}},"4":{"name":"(anonymous_6)","decl":{"start":{"line":76,"column":20},"end":{"line":76,"column":29}},"loc":{"start":{"line":76,"column":29},"end":{"line":76,"column":null}}},"5":{"name":"(anonymous_7)","decl":{"start":{"line":77,"column":37},"end":{"line":77,"column":46}},"loc":{"start":{"line":77,"column":46},"end":{"line":77,"column":null}}},"6":{"name":"(anonymous_8)","decl":{"start":{"line":81,"column":27},"end":{"line":81,"column":28}},"loc":{"start":{"line":81,"column":28},"end":{"line":91,"column":null}}},"7":{"name":"(anonymous_9)","decl":{"start":{"line":82,"column":20},"end":{"line":82,"column":null}},"loc":{"start":{"line":82,"column":20},"end":{"line":89,"column":null}}},"8":{"name":"(anonymous_10)","decl":{"start":{"line":85,"column":71},"end":{"line":85,"column":77}},"loc":{"start":{"line":85,"column":77},"end":{"line":85,"column":91}}},"9":{"name":"(anonymous_11)","decl":{"start":{"line":90,"column":51},"end":{"line":90,"column":60}},"loc":{"start":{"line":90,"column":60},"end":{"line":90,"column":null}}},"10":{"name":"(anonymous_12)","decl":{"start":{"line":94,"column":31},"end":{"line":94,"column":null}},"loc":{"start":{"line":94,"column":31},"end":{"line":100,"column":null}}},"11":{"name":"(anonymous_13)","decl":{"start":{"line":103,"column":31},"end":{"line":103,"column":null}},"loc":{"start":{"line":103,"column":31},"end":{"line":109,"column":null}}},"12":{"name":"(anonymous_14)","decl":{"start":{"line":112,"column":33},"end":{"line":112,"column":null}},"loc":{"start":{"line":112,"column":33},"end":{"line":120,"column":null}}},"13":{"name":"(anonymous_15)","decl":{"start":{"line":123,"column":37},"end":{"line":123,"column":null}},"loc":{"start":{"line":123,"column":37},"end":{"line":125,"column":null}}},"14":{"name":"(anonymous_16)","decl":{"start":{"line":128,"column":28},"end":{"line":128,"column":null}},"loc":{"start":{"line":128,"column":28},"end":{"line":132,"column":null}}},"15":{"name":"(anonymous_17)","decl":{"start":{"line":135,"column":33},"end":{"line":135,"column":null}},"loc":{"start":{"line":135,"column":33},"end":{"line":161,"column":null}}},"16":{"name":"(anonymous_18)","decl":{"start":{"line":164,"column":23},"end":{"line":164,"column":null}},"loc":{"start":{"line":164,"column":23},"end":{"line":170,"column":null}}},"17":{"name":"(anonymous_21)","decl":{"start":{"line":196,"column":32},"end":{"line":196,"column":33}},"loc":{"start":{"line":196,"column":33},"end":{"line":196,"column":86}}},"18":{"name":"(anonymous_22)","decl":{"start":{"line":200,"column":34},"end":{"line":200,"column":35}},"loc":{"start":{"line":200,"column":35},"end":{"line":200,"column":null}}},"19":{"name":"(anonymous_24)","decl":{"start":{"line":232,"column":32},"end":{"line":232,"column":33}},"loc":{"start":{"line":232,"column":33},"end":{"line":232,"column":86}}},"20":{"name":"(anonymous_25)","decl":{"start":{"line":236,"column":34},"end":{"line":236,"column":35}},"loc":{"start":{"line":236,"column":35},"end":{"line":236,"column":null}}},"21":{"name":"(anonymous_27)","decl":{"start":{"line":257,"column":32},"end":{"line":257,"column":33}},"loc":{"start":{"line":257,"column":33},"end":{"line":257,"column":92}}},"22":{"name":"(anonymous_28)","decl":{"start":{"line":259,"column":64},"end":{"line":259,"column":65}},"loc":{"start":{"line":259,"column":71},"end":{"line":259,"column":null}}},"23":{"name":"(anonymous_29)","decl":{"start":{"line":262,"column":57},"end":{"line":262,"column":58}},"loc":{"start":{"line":262,"column":64},"end":{"line":262,"column":null}}},"24":{"name":"(anonymous_30)","decl":{"start":{"line":266,"column":34},"end":{"line":266,"column":35}},"loc":{"start":{"line":266,"column":41},"end":{"line":266,"column":82}}},"25":{"name":"(anonymous_31)","decl":{"start":{"line":268,"column":63},"end":{"line":268,"column":64}},"loc":{"start":{"line":268,"column":70},"end":{"line":268,"column":null}}},"26":{"name":"(anonymous_33)","decl":{"start":{"line":289,"column":32},"end":{"line":289,"column":33}},"loc":{"start":{"line":289,"column":33},"end":{"line":289,"column":83}}},"27":{"name":"(anonymous_34)","decl":{"start":{"line":292,"column":34},"end":{"line":292,"column":35}},"loc":{"start":{"line":292,"column":35},"end":{"line":292,"column":null}}},"28":{"name":"(anonymous_35)","decl":{"start":{"line":296,"column":34},"end":{"line":296,"column":35}},"loc":{"start":{"line":296,"column":35},"end":{"line":296,"column":null}}},"29":{"name":"(anonymous_37)","decl":{"start":{"line":319,"column":45},"end":{"line":319,"column":46}},"loc":{"start":{"line":320,"column":24},"end":{"line":320,"column":null}}},"30":{"name":"(anonymous_38)","decl":{"start":{"line":334,"column":37},"end":{"line":334,"column":43}},"loc":{"start":{"line":334,"column":43},"end":{"line":334,"column":null}}},"31":{"name":"(anonymous_40)","decl":{"start":{"line":367,"column":33},"end":{"line":367,"column":41}},"loc":{"start":{"line":367,"column":33},"end":{"line":367,"column":null}}}},"branchMap":{"0":{"loc":{"start":{"line":69,"column":8},"end":{"line":71,"column":null}},"type":"if","locations":[{"start":{"line":69,"column":8},"end":{"line":71,"column":null}},{"start":{},"end":{}}]},"1":{"loc":{"start":{"line":77,"column":8},"end":{"line":77,"column":null}},"type":"if","locations":[{"start":{"line":77,"column":8},"end":{"line":77,"column":null}},{"start":{},"end":{}}]},"2":{"loc":{"start":{"line":83,"column":28},"end":{"line":83,"column":59}},"type":"binary-expr","locations":[{"start":{"line":83,"column":28},"end":{"line":83,"column":53}},{"start":{"line":83,"column":57},"end":{"line":83,"column":59}}]},"3":{"loc":{"start":{"line":84,"column":12},"end":{"line":88,"column":null}},"type":"if","locations":[{"start":{"line":84,"column":12},"end":{"line":88,"column":null}},{"start":{"line":86,"column":19},"end":{"line":88,"column":null}}]},"4":{"loc":{"start":{"line":90,"column":8},"end":{"line":90,"column":null}},"type":"if","locations":[{"start":{"line":90,"column":8},"end":{"line":90,"column":null}},{"start":{},"end":{}}]},"5":{"loc":{"start":{"line":95,"column":8},"end":{"line":98,"column":null}},"type":"if","locations":[{"start":{"line":95,"column":8},"end":{"line":98,"column":null}},{"start":{},"end":{}}]},"6":{"loc":{"start":{"line":104,"column":8},"end":{"line":107,"column":null}},"type":"if","locations":[{"start":{"line":104,"column":8},"end":{"line":107,"column":null}},{"start":{},"end":{}}]},"7":{"loc":{"start":{"line":114,"column":8},"end":{"line":114,"column":null}},"type":"if","locations":[{"start":{"line":114,"column":8},"end":{"line":114,"column":null}},{"start":{},"end":{}}]},"8":{"loc":{"start":{"line":115,"column":8},"end":{"line":115,"column":null}},"type":"if","locations":[{"start":{"line":115,"column":8},"end":{"line":115,"column":null}},{"start":{},"end":{}}]},"9":{"loc":{"start":{"line":116,"column":8},"end":{"line":116,"column":null}},"type":"if","locations":[{"start":{"line":116,"column":8},"end":{"line":116,"column":null}},{"start":{},"end":{}}]},"10":{"loc":{"start":{"line":117,"column":8},"end":{"line":117,"column":null}},"type":"if","locations":[{"start":{"line":117,"column":8},"end":{"line":117,"column":null}},{"start":{},"end":{}}]},"11":{"loc":{"start":{"line":124,"column":8},"end":{"line":124,"column":null}},"type":"if","locations":[{"start":{"line":124,"column":8},"end":{"line":124,"column":null}},{"start":{},"end":{}}]},"12":{"loc":{"start":{"line":129,"column":8},"end":{"line":129,"column":null}},"type":"if","locations":[{"start":{"line":129,"column":8},"end":{"line":129,"column":null}},{"start":{},"end":{}}]},"13":{"loc":{"start":{"line":130,"column":8},"end":{"line":130,"column":null}},"type":"if","locations":[{"start":{"line":130,"column":8},"end":{"line":130,"column":null}},{"start":{},"end":{}}]},"14":{"loc":{"start":{"line":136,"column":8},"end":{"line":139,"column":null}},"type":"if","locations":[{"start":{"line":136,"column":8},"end":{"line":139,"column":null}},{"start":{},"end":{}}]},"15":{"loc":{"start":{"line":154,"column":12},"end":{"line":159,"column":null}},"type":"if","locations":[{"start":{"line":154,"column":12},"end":{"line":159,"column":null}},{"start":{},"end":{}}]},"16":{"loc":{"start":{"line":165,"column":8},"end":{"line":169,"column":null}},"type":"if","locations":[{"start":{"line":165,"column":8},"end":{"line":169,"column":null}},{"start":{"line":166,"column":13},"end":{"line":169,"column":null}}]},"17":{"loc":{"start":{"line":166,"column":13},"end":{"line":169,"column":null}},"type":"if","locations":[{"start":{"line":166,"column":13},"end":{"line":169,"column":null}},{"start":{"line":167,"column":13},"end":{"line":169,"column":null}}]},"18":{"loc":{"start":{"line":167,"column":13},"end":{"line":169,"column":null}},"type":"if","locations":[{"start":{"line":167,"column":13},"end":{"line":169,"column":null}},{"start":{"line":168,"column":13},"end":{"line":169,"column":null}}]},"19":{"loc":{"start":{"line":168,"column":13},"end":{"line":169,"column":null}},"type":"if","locations":[{"start":{"line":168,"column":13},"end":{"line":169,"column":null}},{"start":{"line":169,"column":13},"end":{"line":169,"column":null}}]},"20":{"loc":{"start":{"line":169,"column":13},"end":{"line":169,"column":null}},"type":"if","locations":[{"start":{"line":169,"column":13},"end":{"line":169,"column":null}},{"start":{},"end":{}}]},"21":{"loc":{"start":{"line":201,"column":44},"end":{"line":201,"column":66}},"type":"binary-expr","locations":[{"start":{"line":201,"column":44},"end":{"line":201,"column":59}},{"start":{"line":201,"column":59},"end":{"line":201,"column":66}}]},"22":{"loc":{"start":{"line":208,"column":29},"end":{"line":208,"column":95}},"type":"binary-expr","locations":[{"start":{"line":208,"column":29},"end":{"line":208,"column":67}},{"start":{"line":208,"column":67},"end":{"line":208,"column":95}}]},"23":{"loc":{"start":{"line":212,"column":33},"end":{"line":212,"column":null}},"type":"binary-expr","locations":[{"start":{"line":212,"column":33},"end":{"line":212,"column":64}},{"start":{"line":212,"column":64},"end":{"line":212,"column":null}}]},"24":{"loc":{"start":{"line":298,"column":52},"end":{"line":298,"column":97}},"type":"binary-expr","locations":[{"start":{"line":298,"column":52},"end":{"line":298,"column":72}},{"start":{"line":298,"column":72},"end":{"line":298,"column":97}}]},"25":{"loc":{"start":{"line":325,"column":40},"end":{"line":326,"column":null}},"type":"cond-expr","locations":[{"start":{"line":326,"column":38},"end":{"line":326,"column":60}},{"start":{"line":326,"column":60},"end":{"line":326,"column":null}}]},"26":{"loc":{"start":{"line":327,"column":44},"end":{"line":328,"column":null}},"type":"cond-expr","locations":[{"start":{"line":328,"column":38},"end":{"line":328,"column":50}},{"start":{"line":328,"column":50},"end":{"line":328,"column":null}}]},"27":{"loc":{"start":{"line":329,"column":39},"end":{"line":330,"column":null}},"type":"cond-expr","locations":[{"start":{"line":330,"column":38},"end":{"line":330,"column":50}},{"start":{"line":330,"column":50},"end":{"line":330,"column":null}}]},"28":{"loc":{"start":{"line":331,"column":44},"end":{"line":331,"column":null}},"type":"cond-expr","locations":[{"start":{"line":331,"column":93},"end":{"line":331,"column":99}},{"start":{"line":331,"column":99},"end":{"line":331,"column":null}}]},"29":{"loc":{"start":{"line":341,"column":17},"end":{"line":341,"column":44}},"type":"binary-expr","locations":[{"start":{"line":341,"column":17},"end":{"line":341,"column":44}}]},"30":{"loc":{"start":{"line":369,"column":21},"end":{"line":369,"column":null}},"type":"binary-expr","locations":[{"start":{"line":369,"column":21},"end":{"line":369,"column":52}},{"start":{"line":369,"column":52},"end":{"line":369,"column":null}}]},"31":{"loc":{"start":{"line":422,"column":17},"end":{"line":422,"column":null}},"type":"binary-expr","locations":[{"start":{"line":422,"column":17},"end":{"line":422,"column":38}},{"start":{"line":422,"column":42},"end":{"line":422,"column":null}}]},"32":{"loc":{"start":{"line":423,"column":17},"end":{"line":423,"column":null}},"type":"binary-expr","locations":[{"start":{"line":423,"column":17},"end":{"line":423,"column":38}},{"start":{"line":423,"column":42},"end":{"line":423,"column":null}}]},"33":{"loc":{"start":{"line":424,"column":17},"end":{"line":424,"column":null}},"type":"binary-expr","locations":[{"start":{"line":424,"column":17},"end":{"line":424,"column":45}},{"start":{"line":424,"column":49},"end":{"line":424,"column":null}}]},"34":{"loc":{"start":{"line":425,"column":17},"end":{"line":425,"column":null}},"type":"binary-expr","locations":[{"start":{"line":425,"column":17},"end":{"line":425,"column":41}},{"start":{"line":425,"column":45},"end":{"line":425,"column":null}}]},"35":{"loc":{"start":{"line":426,"column":17},"end":{"line":426,"column":null}},"type":"binary-expr","locations":[{"start":{"line":426,"column":17},"end":{"line":426,"column":50}},{"start":{"line":426,"column":54},"end":{"line":426,"column":null}}]},"36":{"loc":{"start":{"line":427,"column":17},"end":{"line":427,"column":null}},"type":"binary-expr","locations":[{"start":{"line":427,"column":17},"end":{"line":427,"column":39}},{"start":{"line":427,"column":43},"end":{"line":427,"column":null}}]}},"s":{"0":1,"1":1,"2":1,"3":1,"4":1,"5":1,"6":1,"7":1,"8":1,"9":1,"10":1,"11":1,"12":1,"13":1,"14":1,"15":1,"16":1,"17":0,"18":1,"19":1,"20":1,"21":1,"22":1,"23":1,"24":1,"25":1,"26":1,"27":1,"28":1,"29":1,"30":0,"31":1,"32":0,"33":0,"34":0,"35":0,"36":0,"37":1,"38":0,"39":0,"40":0,"41":0,"42":0,"43":0,"44":0,"45":0,"46":0,"47":1,"48":0,"49":0,"50":0,"51":0,"52":1,"53":0,"54":0,"55":0,"56":0,"57":1,"58":0,"59":0,"60":0,"61":0,"62":0,"63":0,"64":0,"65":0,"66":0,"67":0,"68":0,"69":1,"70":0,"71":0,"72":1,"73":0,"74":0,"75":0,"76":0,"77":0,"78":0,"79":0,"80":1,"81":0,"82":0,"83":0,"84":0,"85":0,"86":0,"87":0,"88":0,"89":0,"90":0,"91":0,"92":1,"93":0,"94":0,"95":0,"96":0,"97":0,"98":0,"99":0,"100":0,"101":0,"102":0,"103":0,"104":0,"105":0,"106":0,"107":0,"108":0,"109":0,"110":0,"111":0,"112":0,"113":0,"114":0,"115":0,"116":0,"117":0,"118":0,"119":0,"120":0,"121":0,"122":0,"123":0,"124":0,"125":0,"126":0,"127":0,"128":0,"129":0},"f":{"0":1,"1":0,"2":1,"3":0,"4":0,"5":0,"6":0,"7":0,"8":0,"9":0,"10":0,"11":0,"12":0,"13":0,"14":0,"15":0,"16":0,"17":0,"18":0,"19":0,"20":0,"21":0,"22":0,"23":0,"24":0,"25":0,"26":0,"27":0,"28":0,"29":0,"30":0,"31":0},"b":{"0":[0,1],"1":[0,0],"2":[0,0],"3":[0,0],"4":[0,0],"5":[0,0],"6":[0,0],"7":[0,0],"8":[0,0],"9":[0,0],"10":[0,0],"11":[0,0],"12":[0,0],"13":[0,0],"14":[0,0],"15":[0,0],"16":[0,0],"17":[0,0],"18":[0,0],"19":[0,0],"20":[0,0],"21":[1,1],"22":[1,0],"23":[1,0],"24":[0,0],"25":[0,0],"26":[0,0],"27":[0,0],"28":[0,0],"29":[0],"30":[0,0],"31":[1,1],"32":[1,0],"33":[1,0],"34":[1,0],"35":[1,0],"36":[1,0]}}
,"C:\\Amrita College\\Git\\Farmer_Connect\\frontend\\src\\app\\(auth)\\farmer\\register\\page.jsx": {"path":"C:\\Amrita College\\Git\\Farmer_Connect\\frontend\\src\\app\\(auth)\\farmer\\register\\page.jsx","statementMap":{"0":{"start":{"line":21,"column":24},"end":{"line":21,"column":null}},"1":{"start":{"line":3,"column":36},"end":{"line":3,"column":null}},"2":{"start":{"line":4,"column":31},"end":{"line":4,"column":null}},"3":{"start":{"line":5,"column":41},"end":{"line":5,"column":null}},"4":{"start":{"line":6,"column":26},"end":{"line":6,"column":null}},"5":{"start":{"line":7,"column":45},"end":{"line":7,"column":null}},"6":{"start":{"line":8,"column":19},"end":{"line":8,"column":null}},"7":{"start":{"line":9,"column":18},"end":{"line":9,"column":null}},"8":{"start":{"line":10,"column":17},"end":{"line":10,"column":null}},"9":{"start":{"line":13,"column":14},"end":{"line":19,"column":null}},"10":{"start":{"line":22,"column":18},"end":{"line":22,"column":null}},"11":{"start":{"line":23,"column":21},"end":{"line":23,"column":null}},"12":{"start":{"line":24,"column":19},"end":{"line":24,"column":null}},"13":{"start":{"line":25,"column":56},"end":{"line":25,"column":null}},"14":{"start":{"line":25,"column":79},"end":{"line":25,"column":89}},"15":{"start":{"line":27,"column":28},"end":{"line":27,"column":null}},"16":{"start":{"line":28,"column":32},"end":{"line":28,"column":null}},"17":{"start":{"line":29,"column":42},"end":{"line":29,"column":null}},"18":{"start":{"line":30,"column":44},"end":{"line":30,"column":null}},"19":{"start":{"line":31,"column":42},"end":{"line":31,"column":null}},"20":{"start":{"line":32,"column":28},"end":{"line":32,"column":null}},"21":{"start":{"line":33,"column":34},"end":{"line":33,"column":null}},"22":{"start":{"line":34,"column":26},"end":{"line":34,"column":null}},"23":{"start":{"line":35,"column":40},"end":{"line":35,"column":null}},"24":{"start":{"line":36,"column":36},"end":{"line":36,"column":null}},"25":{"start":{"line":39,"column":4},"end":{"line":43,"column":null}},"26":{"start":{"line":40,"column":8},"end":{"line":42,"column":null}},"27":{"start":{"line":41,"column":12},"end":{"line":41,"column":null}},"28":{"start":{"line":46,"column":31},"end":{"line":50,"column":null}},"29":{"start":{"line":47,"column":22},"end":{"line":47,"column":null}},"30":{"start":{"line":48,"column":8},"end":{"line":48,"column":null}},"31":{"start":{"line":49,"column":8},"end":{"line":49,"column":null}},"32":{"start":{"line":49,"column":25},"end":{"line":49,"column":null}},"33":{"start":{"line":53,"column":31},"end":{"line":59,"column":null}},"34":{"start":{"line":54,"column":8},"end":{"line":57,"column":null}},"35":{"start":{"line":55,"column":12},"end":{"line":55,"column":null}},"36":{"start":{"line":56,"column":12},"end":{"line":56,"column":null}},"37":{"start":{"line":58,"column":8},"end":{"line":58,"column":null}},"38":{"start":{"line":62,"column":31},"end":{"line":66,"column":null}},"39":{"start":{"line":63,"column":22},"end":{"line":63,"column":null}},"40":{"start":{"line":64,"column":8},"end":{"line":64,"column":null}},"41":{"start":{"line":65,"column":8},"end":{"line":65,"column":null}},"42":{"start":{"line":65,"column":25},"end":{"line":65,"column":null}},"43":{"start":{"line":69,"column":31},"end":{"line":75,"column":null}},"44":{"start":{"line":70,"column":8},"end":{"line":73,"column":null}},"45":{"start":{"line":71,"column":12},"end":{"line":71,"column":null}},"46":{"start":{"line":72,"column":12},"end":{"line":72,"column":null}},"47":{"start":{"line":74,"column":8},"end":{"line":74,"column":null}},"48":{"start":{"line":78,"column":28},"end":{"line":88,"column":null}},"49":{"start":{"line":79,"column":8},"end":{"line":82,"column":null}},"50":{"start":{"line":80,"column":12},"end":{"line":80,"column":null}},"51":{"start":{"line":81,"column":12},"end":{"line":81,"column":null}},"52":{"start":{"line":83,"column":8},"end":{"line":86,"column":null}},"53":{"start":{"line":84,"column":12},"end":{"line":84,"column":null}},"54":{"start":{"line":85,"column":12},"end":{"line":85,"column":null}},"55":{"start":{"line":87,"column":8},"end":{"line":87,"column":null}},"56":{"start":{"line":91,"column":38},"end":{"line":111,"column":null}},"57":{"start":{"line":92,"column":8},"end":{"line":110,"column":null}},"58":{"start":{"line":93,"column":12},"end":{"line":100,"column":null}},"59":{"start":{"line":102,"column":12},"end":{"line":102,"column":null}},"60":{"start":{"line":104,"column":12},"end":{"line":109,"column":null}},"61":{"start":{"line":105,"column":16},"end":{"line":105,"column":null}},"62":{"start":{"line":106,"column":16},"end":{"line":106,"column":null}},"63":{"start":{"line":107,"column":16},"end":{"line":107,"column":null}},"64":{"start":{"line":108,"column":16},"end":{"line":108,"column":null}},"65":{"start":{"line":114,"column":23},"end":{"line":119,"column":null}},"66":{"start":{"line":115,"column":8},"end":{"line":118,"column":null}},"67":{"start":{"line":115,"column":36},"end":{"line":115,"column":null}},"68":{"start":{"line":116,"column":13},"end":{"line":118,"column":null}},"69":{"start":{"line":116,"column":45},"end":{"line":116,"column":68}},"70":{"start":{"line":116,"column":68},"end":{"line":116,"column":80}},"71":{"start":{"line":116,"column":80},"end":{"line":116,"column":99}},"72":{"start":{"line":117,"column":13},"end":{"line":118,"column":null}},"73":{"start":{"line":117,"column":42},"end":{"line":117,"column":65}},"74":{"start":{"line":117,"column":65},"end":{"line":117,"column":86}},"75":{"start":{"line":118,"column":15},"end":{"line":118,"column":42}},"76":{"start":{"line":118,"column":42},"end":{"line":118,"column":65}},"77":{"start":{"line":135,"column":41},"end":{"line":135,"column":61}},"78":{"start":{"line":135,"column":61},"end":{"line":135,"column":83}},"79":{"start":{"line":147,"column":54},"end":{"line":147,"column":null}},"80":{"start":{"line":183,"column":41},"end":{"line":183,"column":61}},"81":{"start":{"line":183,"column":61},"end":{"line":183,"column":83}},"82":{"start":{"line":194,"column":57},"end":{"line":194,"column":null}},"83":{"start":{"line":220,"column":41},"end":{"line":220,"column":61}},"84":{"start":{"line":220,"column":61},"end":{"line":220,"column":80}},"85":{"start":{"line":225,"column":55},"end":{"line":225,"column":110}},"86":{"start":{"line":225,"column":110},"end":{"line":225,"column":127}},"87":{"start":{"line":232,"column":62},"end":{"line":232,"column":124}},"88":{"start":{"line":232,"column":124},"end":{"line":232,"column":141}},"89":{"start":{"line":315,"column":37},"end":{"line":315,"column":64}},"90":{"start":{"line":315,"column":64},"end":{"line":315,"column":99}}},"fnMap":{"0":{"name":"FarmerRegisterPage","decl":{"start":{"line":21,"column":24},"end":{"line":21,"column":null}},"loc":{"start":{"line":21,"column":24},"end":{"line":379,"column":null}}},"1":{"name":"(anonymous_3)","decl":{"start":{"line":25,"column":68},"end":{"line":25,"column":69}},"loc":{"start":{"line":25,"column":79},"end":{"line":25,"column":89}}},"2":{"name":"(anonymous_4)","decl":{"start":{"line":39,"column":14},"end":{"line":39,"column":null}},"loc":{"start":{"line":39,"column":14},"end":{"line":43,"column":7}}},"3":{"name":"(anonymous_5)","decl":{"start":{"line":46,"column":31},"end":{"line":46,"column":32}},"loc":{"start":{"line":46,"column":32},"end":{"line":50,"column":null}}},"4":{"name":"(anonymous_6)","decl":{"start":{"line":53,"column":31},"end":{"line":53,"column":null}},"loc":{"start":{"line":53,"column":31},"end":{"line":59,"column":null}}},"5":{"name":"(anonymous_7)","decl":{"start":{"line":62,"column":31},"end":{"line":62,"column":32}},"loc":{"start":{"line":62,"column":32},"end":{"line":66,"column":null}}},"6":{"name":"(anonymous_8)","decl":{"start":{"line":69,"column":31},"end":{"line":69,"column":null}},"loc":{"start":{"line":69,"column":31},"end":{"line":75,"column":null}}},"7":{"name":"(anonymous_9)","decl":{"start":{"line":78,"column":28},"end":{"line":78,"column":null}},"loc":{"start":{"line":78,"column":28},"end":{"line":88,"column":null}}},"8":{"name":"(anonymous_10)","decl":{"start":{"line":91,"column":38},"end":{"line":91,"column":null}},"loc":{"start":{"line":91,"column":38},"end":{"line":111,"column":null}}},"9":{"name":"(anonymous_11)","decl":{"start":{"line":114,"column":23},"end":{"line":114,"column":null}},"loc":{"start":{"line":114,"column":23},"end":{"line":119,"column":null}}},"10":{"name":"(anonymous_13)","decl":{"start":{"line":135,"column":32},"end":{"line":135,"column":33}},"loc":{"start":{"line":135,"column":33},"end":{"line":135,"column":86}}},"11":{"name":"(anonymous_14)","decl":{"start":{"line":147,"column":47},"end":{"line":147,"column":48}},"loc":{"start":{"line":147,"column":54},"end":{"line":147,"column":null}}},"12":{"name":"(anonymous_16)","decl":{"start":{"line":183,"column":32},"end":{"line":183,"column":33}},"loc":{"start":{"line":183,"column":33},"end":{"line":183,"column":86}}},"13":{"name":"(anonymous_17)","decl":{"start":{"line":194,"column":50},"end":{"line":194,"column":51}},"loc":{"start":{"line":194,"column":57},"end":{"line":194,"column":null}}},"14":{"name":"(anonymous_19)","decl":{"start":{"line":220,"column":32},"end":{"line":220,"column":33}},"loc":{"start":{"line":220,"column":33},"end":{"line":220,"column":83}}},"15":{"name":"(anonymous_20)","decl":{"start":{"line":225,"column":46},"end":{"line":225,"column":47}},"loc":{"start":{"line":225,"column":47},"end":{"line":225,"column":null}}},"16":{"name":"(anonymous_21)","decl":{"start":{"line":232,"column":53},"end":{"line":232,"column":54}},"loc":{"start":{"line":232,"column":54},"end":{"line":232,"column":null}}},"17":{"name":"(anonymous_24)","decl":{"start":{"line":315,"column":29},"end":{"line":315,"column":37}},"loc":{"start":{"line":315,"column":29},"end":{"line":315,"column":null}}}},"branchMap":{"0":{"loc":{"start":{"line":40,"column":8},"end":{"line":42,"column":null}},"type":"if","locations":[{"start":{"line":40,"column":8},"end":{"line":42,"column":null}},{"start":{},"end":{}}]},"1":{"loc":{"start":{"line":49,"column":8},"end":{"line":49,"column":null}},"type":"if","locations":[{"start":{"line":49,"column":8},"end":{"line":49,"column":null}},{"start":{},"end":{}}]},"2":{"loc":{"start":{"line":54,"column":8},"end":{"line":57,"column":null}},"type":"if","locations":[{"start":{"line":54,"column":8},"end":{"line":57,"column":null}},{"start":{},"end":{}}]},"3":{"loc":{"start":{"line":65,"column":8},"end":{"line":65,"column":null}},"type":"if","locations":[{"start":{"line":65,"column":8},"end":{"line":65,"column":null}},{"start":{},"end":{}}]},"4":{"loc":{"start":{"line":70,"column":8},"end":{"line":73,"column":null}},"type":"if","locations":[{"start":{"line":70,"column":8},"end":{"line":73,"column":null}},{"start":{},"end":{}}]},"5":{"loc":{"start":{"line":79,"column":8},"end":{"line":82,"column":null}},"type":"if","locations":[{"start":{"line":79,"column":8},"end":{"line":82,"column":null}},{"start":{},"end":{}}]},"6":{"loc":{"start":{"line":83,"column":8},"end":{"line":86,"column":null}},"type":"if","locations":[{"start":{"line":83,"column":8},"end":{"line":86,"column":null}},{"start":{},"end":{}}]},"7":{"loc":{"start":{"line":96,"column":22},"end":{"line":96,"column":null}},"type":"binary-expr","locations":[{"start":{"line":96,"column":22},"end":{"line":96,"column":30}},{"start":{"line":96,"column":30},"end":{"line":96,"column":null}}]},"8":{"loc":{"start":{"line":99,"column":25},"end":{"line":99,"column":null}},"type":"binary-expr","locations":[{"start":{"line":99,"column":25},"end":{"line":99,"column":36}},{"start":{"line":99,"column":36},"end":{"line":99,"column":null}}]},"9":{"loc":{"start":{"line":104,"column":12},"end":{"line":109,"column":null}},"type":"if","locations":[{"start":{"line":104,"column":12},"end":{"line":109,"column":null}},{"start":{},"end":{}}]},"10":{"loc":{"start":{"line":115,"column":8},"end":{"line":118,"column":null}},"type":"if","locations":[{"start":{"line":115,"column":8},"end":{"line":118,"column":null}},{"start":{"line":116,"column":13},"end":{"line":118,"column":null}}]},"11":{"loc":{"start":{"line":116,"column":13},"end":{"line":118,"column":null}},"type":"if","locations":[{"start":{"line":116,"column":13},"end":{"line":118,"column":null}},{"start":{"line":117,"column":13},"end":{"line":118,"column":null}}]},"12":{"loc":{"start":{"line":117,"column":13},"end":{"line":118,"column":null}},"type":"if","locations":[{"start":{"line":117,"column":13},"end":{"line":118,"column":null}},{"start":{"line":118,"column":13},"end":{"line":118,"column":null}}]},"13":{"loc":{"start":{"line":141,"column":44},"end":{"line":141,"column":null}},"type":"binary-expr","locations":[{"start":{"line":141,"column":44},"end":{"line":141,"column":59}},{"start":{"line":141,"column":59},"end":{"line":141,"column":null}}]},"14":{"loc":{"start":{"line":154,"column":29},"end":{"line":154,"column":95}},"type":"binary-expr","locations":[{"start":{"line":154,"column":29},"end":{"line":154,"column":67}},{"start":{"line":154,"column":67},"end":{"line":154,"column":95}}]},"15":{"loc":{"start":{"line":158,"column":33},"end":{"line":158,"column":null}},"type":"binary-expr","locations":[{"start":{"line":158,"column":33},"end":{"line":158,"column":64}},{"start":{"line":158,"column":64},"end":{"line":158,"column":null}}]},"16":{"loc":{"start":{"line":235,"column":52},"end":{"line":235,"column":97}},"type":"binary-expr","locations":[{"start":{"line":235,"column":52},"end":{"line":235,"column":72}},{"start":{"line":235,"column":72},"end":{"line":235,"column":97}}]},"17":{"loc":{"start":{"line":267,"column":21},"end":{"line":267,"column":null}},"type":"binary-expr","locations":[{"start":{"line":267,"column":21},"end":{"line":267,"column":null}}]},"18":{"loc":{"start":{"line":277,"column":21},"end":{"line":277,"column":null}},"type":"binary-expr","locations":[{"start":{"line":277,"column":21},"end":{"line":277,"column":null}}]},"19":{"loc":{"start":{"line":289,"column":17},"end":{"line":289,"column":26}},"type":"binary-expr","locations":[{"start":{"line":289,"column":17},"end":{"line":289,"column":26}}]},"20":{"loc":{"start":{"line":318,"column":21},"end":{"line":318,"column":null}},"type":"binary-expr","locations":[{"start":{"line":318,"column":21},"end":{"line":318,"column":53}},{"start":{"line":318,"column":53},"end":{"line":318,"column":null}}]},"21":{"loc":{"start":{"line":371,"column":17},"end":{"line":371,"column":null}},"type":"binary-expr","locations":[{"start":{"line":371,"column":17},"end":{"line":371,"column":38}},{"start":{"line":371,"column":42},"end":{"line":371,"column":null}}]},"22":{"loc":{"start":{"line":372,"column":17},"end":{"line":372,"column":null}},"type":"binary-expr","locations":[{"start":{"line":372,"column":17},"end":{"line":372,"column":38}},{"start":{"line":372,"column":42},"end":{"line":372,"column":null}}]},"23":{"loc":{"start":{"line":373,"column":17},"end":{"line":373,"column":null}},"type":"binary-expr","locations":[{"start":{"line":373,"column":17},"end":{"line":373,"column":41}},{"start":{"line":373,"column":45},"end":{"line":373,"column":null}}]},"24":{"loc":{"start":{"line":374,"column":17},"end":{"line":374,"column":null}},"type":"binary-expr","locations":[{"start":{"line":374,"column":17},"end":{"line":374,"column":39}},{"start":{"line":374,"column":43},"end":{"line":374,"column":null}}]},"25":{"loc":{"start":{"line":375,"column":17},"end":{"line":375,"column":null}},"type":"binary-expr","locations":[{"start":{"line":375,"column":17},"end":{"line":375,"column":39}},{"start":{"line":375,"column":43},"end":{"line":375,"column":null}}]}},"s":{"0":1,"1":1,"2":1,"3":1,"4":1,"5":1,"6":1,"7":1,"8":1,"9":1,"10":1,"11":1,"12":1,"13":1,"14":0,"15":1,"16":1,"17":1,"18":1,"19":1,"20":1,"21":1,"22":1,"23":1,"24":1,"25":1,"26":1,"27":0,"28":1,"29":0,"30":0,"31":0,"32":0,"33":1,"34":0,"35":0,"36":0,"37":0,"38":1,"39":0,"40":0,"41":0,"42":0,"43":1,"44":0,"45":0,"46":0,"47":0,"48":1,"49":0,"50":0,"51":0,"52":0,"53":0,"54":0,"55":0,"56":1,"57":0,"58":0,"59":0,"60":0,"61":0,"62":0,"63":0,"64":0,"65":1,"66":0,"67":0,"68":0,"69":0,"70":0,"71":0,"72":0,"73":0,"74":0,"75":0,"76":0,"77":0,"78":0,"79":0,"80":0,"81":0,"82":0,"83":0,"84":0,"85":0,"86":0,"87":0,"88":0,"89":0,"90":0},"f":{"0":1,"1":0,"2":1,"3":0,"4":0,"5":0,"6":0,"7":0,"8":0,"9":0,"10":0,"11":0,"12":0,"13":0,"14":0,"15":0,"16":0,"17":0},"b":{"0":[0,1],"1":[0,0],"2":[0,0],"3":[0,0],"4":[0,0],"5":[0,0],"6":[0,0],"7":[0,0],"8":[0,0],"9":[0,0],"10":[0,0],"11":[0,0],"12":[0,0],"13":[1,1],"14":[1,0],"15":[1,0],"16":[0,0],"17":[0],"18":[0],"19":[0],"20":[0,0],"21":[1,1],"22":[1,0],"23":[1,0],"24":[1,0],"25":[1,0]}}
,"C:\\Amrita College\\Git\\Farmer_Connect\\frontend\\src\\app\\(auth)\\forgot-pin\\page.jsx": {"path":"C:\\Amrita College\\Git\\Farmer_Connect\\frontend\\src\\app\\(auth)\\forgot-pin\\page.jsx","statementMap":{"0":{"start":{"line":13,"column":24},"end":{"line":13,"column":null}},"1":{"start":{"line":3,"column":35},"end":{"line":3,"column":null}},"2":{"start":{"line":4,"column":31},"end":{"line":4,"column":null}},"3":{"start":{"line":5,"column":41},"end":{"line":5,"column":null}},"4":{"start":{"line":6,"column":43},"end":{"line":6,"column":null}},"5":{"start":{"line":7,"column":31},"end":{"line":7,"column":null}},"6":{"start":{"line":8,"column":19},"end":{"line":8,"column":null}},"7":{"start":{"line":9,"column":18},"end":{"line":9,"column":null}},"8":{"start":{"line":10,"column":26},"end":{"line":10,"column":null}},"9":{"start":{"line":11,"column":17},"end":{"line":11,"column":null}},"10":{"start":{"line":22,"column":18},"end":{"line":22,"column":null}},"11":{"start":{"line":23,"column":21},"end":{"line":23,"column":null}},"12":{"start":{"line":24,"column":19},"end":{"line":24,"column":null}},"13":{"start":{"line":25,"column":25},"end":{"line":25,"column":null}},"14":{"start":{"line":26,"column":26},"end":{"line":26,"column":null}},"15":{"start":{"line":26,"column":49},"end":{"line":26,"column":59}},"16":{"start":{"line":28,"column":36},"end":{"line":28,"column":null}},"17":{"start":{"line":29,"column":32},"end":{"line":29,"column":null}},"18":{"start":{"line":30,"column":42},"end":{"line":30,"column":null}},"19":{"start":{"line":31,"column":32},"end":{"line":31,"column":null}},"20":{"start":{"line":32,"column":40},"end":{"line":32,"column":null}},"21":{"start":{"line":33,"column":34},"end":{"line":33,"column":null}},"22":{"start":{"line":35,"column":27},"end":{"line":62,"column":null}},"23":{"start":{"line":36,"column":8},"end":{"line":36,"column":null}},"24":{"start":{"line":38,"column":8},"end":{"line":41,"column":null}},"25":{"start":{"line":39,"column":12},"end":{"line":39,"column":null}},"26":{"start":{"line":40,"column":12},"end":{"line":40,"column":null}},"27":{"start":{"line":42,"column":8},"end":{"line":45,"column":null}},"28":{"start":{"line":43,"column":12},"end":{"line":43,"column":null}},"29":{"start":{"line":44,"column":12},"end":{"line":44,"column":null}},"30":{"start":{"line":46,"column":8},"end":{"line":49,"column":null}},"31":{"start":{"line":47,"column":12},"end":{"line":47,"column":null}},"32":{"start":{"line":48,"column":12},"end":{"line":48,"column":null}},"33":{"start":{"line":50,"column":8},"end":{"line":53,"column":null}},"34":{"start":{"line":51,"column":12},"end":{"line":51,"column":null}},"35":{"start":{"line":52,"column":12},"end":{"line":52,"column":null}},"36":{"start":{"line":55,"column":8},"end":{"line":61,"column":null}},"37":{"start":{"line":56,"column":12},"end":{"line":56,"column":null}},"38":{"start":{"line":57,"column":12},"end":{"line":57,"column":null}},"39":{"start":{"line":58,"column":12},"end":{"line":58,"column":null}},"40":{"start":{"line":60,"column":12},"end":{"line":60,"column":null}},"41":{"start":{"line":64,"column":4},"end":{"line":77,"column":null}},"42":{"start":{"line":71,"column":43},"end":{"line":71,"column":66}},"43":{"start":{"line":92,"column":39},"end":{"line":92,"column":62}},"44":{"start":{"line":97,"column":39},"end":{"line":97,"column":61}},"45":{"start":{"line":107,"column":41},"end":{"line":107,"column":null}},"46":{"start":{"line":115,"column":41},"end":{"line":115,"column":null}},"47":{"start":{"line":123,"column":41},"end":{"line":123,"column":null}},"48":{"start":{"line":131,"column":41},"end":{"line":131,"column":null}}},"fnMap":{"0":{"name":"ForgotPinPage","decl":{"start":{"line":13,"column":24},"end":{"line":13,"column":null}},"loc":{"start":{"line":13,"column":24},"end":{"line":19,"column":null}}},"1":{"name":"ForgotPinContent","decl":{"start":{"line":21,"column":9},"end":{"line":21,"column":null}},"loc":{"start":{"line":21,"column":9},"end":{"line":148,"column":null}}},"2":{"name":"(anonymous_4)","decl":{"start":{"line":26,"column":38},"end":{"line":26,"column":39}},"loc":{"start":{"line":26,"column":49},"end":{"line":26,"column":59}}},"3":{"name":"(anonymous_5)","decl":{"start":{"line":35,"column":27},"end":{"line":35,"column":34}},"loc":{"start":{"line":35,"column":34},"end":{"line":62,"column":null}}},"4":{"name":"(anonymous_6)","decl":{"start":{"line":71,"column":37},"end":{"line":71,"column":43}},"loc":{"start":{"line":71,"column":43},"end":{"line":71,"column":66}}},"5":{"name":"(anonymous_7)","decl":{"start":{"line":92,"column":33},"end":{"line":92,"column":39}},"loc":{"start":{"line":92,"column":39},"end":{"line":92,"column":62}}},"6":{"name":"(anonymous_8)","decl":{"start":{"line":97,"column":33},"end":{"line":97,"column":39}},"loc":{"start":{"line":97,"column":39},"end":{"line":97,"column":61}}},"7":{"name":"(anonymous_9)","decl":{"start":{"line":107,"column":34},"end":{"line":107,"column":35}},"loc":{"start":{"line":107,"column":41},"end":{"line":107,"column":null}}},"8":{"name":"(anonymous_10)","decl":{"start":{"line":115,"column":34},"end":{"line":115,"column":35}},"loc":{"start":{"line":115,"column":41},"end":{"line":115,"column":null}}},"9":{"name":"(anonymous_11)","decl":{"start":{"line":123,"column":34},"end":{"line":123,"column":35}},"loc":{"start":{"line":123,"column":41},"end":{"line":123,"column":null}}},"10":{"name":"(anonymous_12)","decl":{"start":{"line":131,"column":34},"end":{"line":131,"column":35}},"loc":{"start":{"line":131,"column":41},"end":{"line":131,"column":null}}}},"branchMap":{"0":{"loc":{"start":{"line":28,"column":45},"end":{"line":28,"column":null}},"type":"binary-expr","locations":[{"start":{"line":28,"column":45},"end":{"line":28,"column":73}},{"start":{"line":28,"column":73},"end":{"line":28,"column":null}}]},"1":{"loc":{"start":{"line":38,"column":8},"end":{"line":41,"column":null}},"type":"if","locations":[{"start":{"line":38,"column":8},"end":{"line":41,"column":null}},{"start":{},"end":{}}]},"2":{"loc":{"start":{"line":42,"column":8},"end":{"line":45,"column":null}},"type":"if","locations":[{"start":{"line":42,"column":8},"end":{"line":45,"column":null}},{"start":{},"end":{}}]},"3":{"loc":{"start":{"line":46,"column":8},"end":{"line":49,"column":null}},"type":"if","locations":[{"start":{"line":46,"column":8},"end":{"line":49,"column":null}},{"start":{},"end":{}}]},"4":{"loc":{"start":{"line":50,"column":8},"end":{"line":53,"column":null}},"type":"if","locations":[{"start":{"line":50,"column":8},"end":{"line":53,"column":null}},{"start":{},"end":{}}]},"5":{"loc":{"start":{"line":60,"column":22},"end":{"line":60,"column":57}},"type":"binary-expr","locations":[{"start":{"line":60,"column":22},"end":{"line":60,"column":29}},{"start":{"line":60,"column":29},"end":{"line":60,"column":57}}]},"6":{"loc":{"start":{"line":64,"column":4},"end":{"line":77,"column":null}},"type":"if","locations":[{"start":{"line":64,"column":4},"end":{"line":77,"column":null}},{"start":{},"end":{}}]},"7":{"loc":{"start":{"line":91,"column":96},"end":{"line":91,"column":175}},"type":"cond-expr","locations":[{"start":{"line":91,"column":120},"end":{"line":91,"column":158}},{"start":{"line":91,"column":158},"end":{"line":91,"column":175}}]},"8":{"loc":{"start":{"line":96,"column":96},"end":{"line":96,"column":174}},"type":"cond-expr","locations":[{"start":{"line":96,"column":119},"end":{"line":96,"column":157}},{"start":{"line":96,"column":157},"end":{"line":96,"column":174}}]}},"s":{"0":1,"1":1,"2":1,"3":1,"4":1,"5":1,"6":1,"7":1,"8":1,"9":1,"10":1,"11":1,"12":1,"13":1,"14":1,"15":0,"16":1,"17":1,"18":1,"19":1,"20":1,"21":1,"22":1,"23":0,"24":0,"25":0,"26":0,"27":0,"28":0,"29":0,"30":0,"31":0,"32":0,"33":0,"34":0,"35":0,"36":0,"37":0,"38":0,"39":0,"40":0,"41":1,"42":0,"43":0,"44":0,"45":0,"46":0,"47":0,"48":0},"f":{"0":1,"1":1,"2":0,"3":0,"4":0,"5":0,"6":0,"7":0,"8":0,"9":0,"10":0},"b":{"0":[1,0],"1":[0,0],"2":[0,0],"3":[0,0],"4":[0,0],"5":[0,0],"6":[0,1],"7":[1,0],"8":[0,1]}}
,"C:\\Amrita College\\Git\\Farmer_Connect\\frontend\\src\\app\\(auth)\\login\\page.jsx": {"path":"C:\\Amrita College\\Git\\Farmer_Connect\\frontend\\src\\app\\(auth)\\login\\page.jsx","statementMap":{"0":{"start":{"line":13,"column":24},"end":{"line":13,"column":null}},"1":{"start":{"line":3,"column":46},"end":{"line":3,"column":null}},"2":{"start":{"line":4,"column":43},"end":{"line":4,"column":null}},"3":{"start":{"line":5,"column":41},"end":{"line":5,"column":null}},"4":{"start":{"line":6,"column":31},"end":{"line":6,"column":null}},"5":{"start":{"line":7,"column":27},"end":{"line":7,"column":null}},"6":{"start":{"line":8,"column":19},"end":{"line":8,"column":null}},"7":{"start":{"line":9,"column":18},"end":{"line":9,"column":null}},"8":{"start":{"line":10,"column":26},"end":{"line":10,"column":null}},"9":{"start":{"line":11,"column":17},"end":{"line":11,"column":null}},"10":{"start":{"line":22,"column":18},"end":{"line":22,"column":null}},"11":{"start":{"line":23,"column":19},"end":{"line":23,"column":null}},"12":{"start":{"line":24,"column":25},"end":{"line":24,"column":null}},"13":{"start":{"line":25,"column":21},"end":{"line":25,"column":null}},"14":{"start":{"line":26,"column":56},"end":{"line":26,"column":null}},"15":{"start":{"line":26,"column":79},"end":{"line":26,"column":89}},"16":{"start":{"line":28,"column":22},"end":{"line":28,"column":null}},"17":{"start":{"line":29,"column":24},"end":{"line":29,"column":null}},"18":{"start":{"line":30,"column":36},"end":{"line":30,"column":null}},"19":{"start":{"line":31,"column":32},"end":{"line":31,"column":null}},"20":{"start":{"line":32,"column":26},"end":{"line":32,"column":null}},"21":{"start":{"line":34,"column":4},"end":{"line":40,"column":null}},"22":{"start":{"line":35,"column":8},"end":{"line":39,"column":null}},"23":{"start":{"line":36,"column":12},"end":{"line":38,"column":null}},"24":{"start":{"line":36,"column":40},"end":{"line":36,"column":null}},"25":{"start":{"line":37,"column":17},"end":{"line":38,"column":null}},"26":{"start":{"line":37,"column":44},"end":{"line":37,"column":null}},"27":{"start":{"line":38,"column":17},"end":{"line":38,"column":null}},"28":{"start":{"line":38,"column":44},"end":{"line":38,"column":null}},"29":{"start":{"line":42,"column":4},"end":{"line":46,"column":null}},"30":{"start":{"line":43,"column":8},"end":{"line":45,"column":null}},"31":{"start":{"line":44,"column":12},"end":{"line":44,"column":null}},"32":{"start":{"line":48,"column":24},"end":{"line":64,"column":null}},"33":{"start":{"line":49,"column":8},"end":{"line":49,"column":null}},"34":{"start":{"line":50,"column":8},"end":{"line":53,"column":null}},"35":{"start":{"line":51,"column":12},"end":{"line":51,"column":null}},"36":{"start":{"line":52,"column":12},"end":{"line":52,"column":null}},"37":{"start":{"line":54,"column":8},"end":{"line":57,"column":null}},"38":{"start":{"line":55,"column":12},"end":{"line":55,"column":null}},"39":{"start":{"line":56,"column":12},"end":{"line":56,"column":null}},"40":{"start":{"line":59,"column":8},"end":{"line":63,"column":null}},"41":{"start":{"line":60,"column":12},"end":{"line":60,"column":null}},"42":{"start":{"line":62,"column":12},"end":{"line":62,"column":null}},"43":{"start":{"line":66,"column":18},"end":{"line":70,"column":null}},"44":{"start":{"line":136,"column":24},"end":{"line":137,"column":null}},"45":{"start":{"line":138,"column":43},"end":{"line":138,"column":null}},"46":{"start":{"line":171,"column":49},"end":{"line":171,"column":null}},"47":{"start":{"line":182,"column":49},"end":{"line":182,"column":null}}},"fnMap":{"0":{"name":"LoginPage","decl":{"start":{"line":13,"column":24},"end":{"line":13,"column":null}},"loc":{"start":{"line":13,"column":24},"end":{"line":19,"column":null}}},"1":{"name":"LoginContent","decl":{"start":{"line":21,"column":9},"end":{"line":21,"column":null}},"loc":{"start":{"line":21,"column":9},"end":{"line":215,"column":null}}},"2":{"name":"(anonymous_4)","decl":{"start":{"line":26,"column":68},"end":{"line":26,"column":69}},"loc":{"start":{"line":26,"column":79},"end":{"line":26,"column":89}}},"3":{"name":"(anonymous_5)","decl":{"start":{"line":34,"column":14},"end":{"line":34,"column":null}},"loc":{"start":{"line":34,"column":14},"end":{"line":40,"column":7}}},"4":{"name":"(anonymous_6)","decl":{"start":{"line":42,"column":14},"end":{"line":42,"column":null}},"loc":{"start":{"line":42,"column":14},"end":{"line":46,"column":7}}},"5":{"name":"(anonymous_7)","decl":{"start":{"line":48,"column":24},"end":{"line":48,"column":31}},"loc":{"start":{"line":48,"column":31},"end":{"line":64,"column":null}}},"6":{"name":"(anonymous_8)","decl":{"start":{"line":135,"column":31},"end":{"line":135,"column":32}},"loc":{"start":{"line":136,"column":24},"end":{"line":137,"column":null}}},"7":{"name":"(anonymous_9)","decl":{"start":{"line":138,"column":37},"end":{"line":138,"column":43}},"loc":{"start":{"line":138,"column":43},"end":{"line":138,"column":null}}},"8":{"name":"(anonymous_10)","decl":{"start":{"line":171,"column":42},"end":{"line":171,"column":43}},"loc":{"start":{"line":171,"column":49},"end":{"line":171,"column":null}}},"9":{"name":"(anonymous_11)","decl":{"start":{"line":182,"column":42},"end":{"line":182,"column":43}},"loc":{"start":{"line":182,"column":49},"end":{"line":182,"column":null}}}},"branchMap":{"0":{"loc":{"start":{"line":29,"column":24},"end":{"line":29,"column":null}},"type":"cond-expr","locations":[{"start":{"line":29,"column":75},"end":{"line":29,"column":87}},{"start":{"line":29,"column":87},"end":{"line":29,"column":null}}]},"1":{"loc":{"start":{"line":35,"column":8},"end":{"line":39,"column":null}},"type":"if","locations":[{"start":{"line":35,"column":8},"end":{"line":39,"column":null}},{"start":{},"end":{}}]},"2":{"loc":{"start":{"line":35,"column":12},"end":{"line":35,"column":37}},"type":"binary-expr","locations":[{"start":{"line":35,"column":12},"end":{"line":35,"column":31}},{"start":{"line":35,"column":31},"end":{"line":35,"column":37}}]},"3":{"loc":{"start":{"line":36,"column":12},"end":{"line":38,"column":null}},"type":"if","locations":[{"start":{"line":36,"column":12},"end":{"line":38,"column":null}},{"start":{"line":37,"column":17},"end":{"line":38,"column":null}}]},"4":{"loc":{"start":{"line":37,"column":17},"end":{"line":38,"column":null}},"type":"if","locations":[{"start":{"line":37,"column":17},"end":{"line":38,"column":null}},{"start":{"line":38,"column":17},"end":{"line":38,"column":null}}]},"5":{"loc":{"start":{"line":38,"column":17},"end":{"line":38,"column":null}},"type":"if","locations":[{"start":{"line":38,"column":17},"end":{"line":38,"column":null}},{"start":{},"end":{}}]},"6":{"loc":{"start":{"line":43,"column":8},"end":{"line":45,"column":null}},"type":"if","locations":[{"start":{"line":43,"column":8},"end":{"line":45,"column":null}},{"start":{},"end":{}}]},"7":{"loc":{"start":{"line":50,"column":8},"end":{"line":53,"column":null}},"type":"if","locations":[{"start":{"line":50,"column":8},"end":{"line":53,"column":null}},{"start":{},"end":{}}]},"8":{"loc":{"start":{"line":54,"column":8},"end":{"line":57,"column":null}},"type":"if","locations":[{"start":{"line":54,"column":8},"end":{"line":57,"column":null}},{"start":{},"end":{}}]},"9":{"loc":{"start":{"line":62,"column":22},"end":{"line":62,"column":58}},"type":"binary-expr","locations":[{"start":{"line":62,"column":22},"end":{"line":62,"column":29}},{"start":{"line":62,"column":29},"end":{"line":62,"column":58}}]},"10":{"loc":{"start":{"line":143,"column":44},"end":{"line":143,"column":null}},"type":"cond-expr","locations":[{"start":{"line":143,"column":68},"end":{"line":143,"column":78}},{"start":{"line":143,"column":78},"end":{"line":143,"column":null}}]},"11":{"loc":{"start":{"line":144,"column":39},"end":{"line":144,"column":null}},"type":"cond-expr","locations":[{"start":{"line":144,"column":63},"end":{"line":144,"column":75}},{"start":{"line":144,"column":75},"end":{"line":144,"column":null}}]},"12":{"loc":{"start":{"line":145,"column":43},"end":{"line":145,"column":null}},"type":"cond-expr","locations":[{"start":{"line":145,"column":67},"end":{"line":145,"column":102}},{"start":{"line":145,"column":102},"end":{"line":145,"column":null}}]},"13":{"loc":{"start":{"line":146,"column":43},"end":{"line":146,"column":null}},"type":"cond-expr","locations":[{"start":{"line":146,"column":67},"end":{"line":146,"column":83}},{"start":{"line":146,"column":83},"end":{"line":146,"column":null}}]},"14":{"loc":{"start":{"line":157,"column":24},"end":{"line":166,"column":25}},"type":"cond-expr","locations":[{"start":{"line":157,"column":24},"end":{"line":166,"column":25}}]}},"s":{"0":4,"1":1,"2":1,"3":1,"4":1,"5":1,"6":1,"7":1,"8":1,"9":1,"10":37,"11":37,"12":37,"13":37,"14":37,"15":41,"16":37,"17":37,"18":37,"19":37,"20":37,"21":37,"22":37,"23":0,"24":0,"25":0,"26":0,"27":0,"28":0,"29":37,"30":4,"31":0,"32":37,"33":2,"34":2,"35":1,"36":1,"37":1,"38":1,"39":1,"40":0,"41":0,"42":0,"43":37,"44":111,"45":0,"46":23,"47":10},"f":{"0":4,"1":37,"2":41,"3":37,"4":4,"5":2,"6":111,"7":0,"8":23,"9":10},"b":{"0":[37,0],"1":[0,37],"2":[37,0],"3":[0,0],"4":[0,0],"5":[0,0],"6":[0,4],"7":[1,1],"8":[1,0],"9":[0,0],"10":[37,74],"11":[37,74],"12":[37,74],"13":[37,74],"14":[0]}}
,"C:\\Amrita College\\Git\\Farmer_Connect\\frontend\\src\\components\\farmer\\ProductForm.jsx": {"path":"C:\\Amrita College\\Git\\Farmer_Connect\\frontend\\src\\components\\farmer\\ProductForm.jsx","statementMap":{"0":{"start":{"line":209,"column":0},"end":{"line":209,"column":15}},"1":{"start":{"line":1,"column":36},"end":{"line":1,"column":null}},"2":{"start":{"line":2,"column":16},"end":{"line":2,"column":null}},"3":{"start":{"line":4,"column":20},"end":{"line":207,"column":null}},"4":{"start":{"line":5,"column":36},"end":{"line":13,"column":null}},"5":{"start":{"line":14,"column":34},"end":{"line":14,"column":null}},"6":{"start":{"line":15,"column":30},"end":{"line":15,"column":null}},"7":{"start":{"line":17,"column":4},"end":{"line":29,"column":null}},"8":{"start":{"line":18,"column":8},"end":{"line":28,"column":null}},"9":{"start":{"line":19,"column":12},"end":{"line":27,"column":null}},"10":{"start":{"line":31,"column":25},"end":{"line":37,"column":null}},"11":{"start":{"line":32,"column":32},"end":{"line":32,"column":40}},"12":{"start":{"line":33,"column":8},"end":{"line":36,"column":null}},"13":{"start":{"line":33,"column":29},"end":{"line":36,"column":null}},"14":{"start":{"line":39,"column":25},"end":{"line":56,"column":null}},"15":{"start":{"line":40,"column":8},"end":{"line":40,"column":null}},"16":{"start":{"line":41,"column":8},"end":{"line":41,"column":null}},"17":{"start":{"line":42,"column":8},"end":{"line":42,"column":null}},"18":{"start":{"line":44,"column":8},"end":{"line":55,"column":null}},"19":{"start":{"line":45,"column":12},"end":{"line":49,"column":null}},"20":{"start":{"line":46,"column":16},"end":{"line":46,"column":null}},"21":{"start":{"line":48,"column":16},"end":{"line":48,"column":null}},"22":{"start":{"line":50,"column":12},"end":{"line":50,"column":null}},"23":{"start":{"line":52,"column":12},"end":{"line":52,"column":null}},"24":{"start":{"line":54,"column":12},"end":{"line":54,"column":null}},"25":{"start":{"line":58,"column":30},"end":{"line":76,"column":null}},"26":{"start":{"line":59,"column":21},"end":{"line":59,"column":38}},"27":{"start":{"line":60,"column":8},"end":{"line":60,"column":null}},"28":{"start":{"line":60,"column":19},"end":{"line":60,"column":null}},"29":{"start":{"line":62,"column":25},"end":{"line":62,"column":null}},"30":{"start":{"line":63,"column":8},"end":{"line":63,"column":null}},"31":{"start":{"line":65,"column":8},"end":{"line":75,"column":null}},"32":{"start":{"line":66,"column":24},"end":{"line":68,"column":null}},"33":{"start":{"line":69,"column":12},"end":{"line":72,"column":null}},"34":{"start":{"line":69,"column":33},"end":{"line":72,"column":null}},"35":{"start":{"line":74,"column":12},"end":{"line":74,"column":null}},"36":{"start":{"line":129,"column":28},"end":{"line":129,"column":43}},"37":{"start":{"line":209,"column":15},"end":{"line":209,"column":null}}},"fnMap":{"0":{"name":"(anonymous_2)","decl":{"start":{"line":4,"column":20},"end":{"line":4,"column":21}},"loc":{"start":{"line":4,"column":53},"end":{"line":207,"column":null}}},"1":{"name":"(anonymous_3)","decl":{"start":{"line":17,"column":14},"end":{"line":17,"column":null}},"loc":{"start":{"line":17,"column":14},"end":{"line":29,"column":7}}},"2":{"name":"(anonymous_4)","decl":{"start":{"line":31,"column":25},"end":{"line":31,"column":26}},"loc":{"start":{"line":31,"column":26},"end":{"line":37,"column":null}}},"3":{"name":"(anonymous_5)","decl":{"start":{"line":33,"column":20},"end":{"line":33,"column":29}},"loc":{"start":{"line":33,"column":29},"end":{"line":36,"column":null}}},"4":{"name":"(anonymous_6)","decl":{"start":{"line":39,"column":25},"end":{"line":39,"column":32}},"loc":{"start":{"line":39,"column":32},"end":{"line":56,"column":null}}},"5":{"name":"(anonymous_7)","decl":{"start":{"line":58,"column":30},"end":{"line":58,"column":37}},"loc":{"start":{"line":58,"column":37},"end":{"line":76,"column":null}}},"6":{"name":"(anonymous_8)","decl":{"start":{"line":69,"column":24},"end":{"line":69,"column":33}},"loc":{"start":{"line":69,"column":33},"end":{"line":72,"column":null}}},"7":{"name":"(anonymous_9)","decl":{"start":{"line":128,"column":45},"end":{"line":128,"column":46}},"loc":{"start":{"line":129,"column":28},"end":{"line":129,"column":43}}}},"branchMap":{"0":{"loc":{"start":{"line":18,"column":8},"end":{"line":28,"column":null}},"type":"if","locations":[{"start":{"line":18,"column":8},"end":{"line":28,"column":null}},{"start":{},"end":{}}]},"1":{"loc":{"start":{"line":26,"column":24},"end":{"line":26,"column":44}},"type":"binary-expr","locations":[{"start":{"line":26,"column":24},"end":{"line":26,"column":38}},{"start":{"line":26,"column":42},"end":{"line":26,"column":44}}]},"2":{"loc":{"start":{"line":45,"column":12},"end":{"line":49,"column":null}},"type":"if","locations":[{"start":{"line":45,"column":12},"end":{"line":49,"column":null}},{"start":{"line":47,"column":19},"end":{"line":49,"column":null}}]},"3":{"loc":{"start":{"line":52,"column":21},"end":{"line":52,"column":null}},"type":"binary-expr","locations":[{"start":{"line":52,"column":21},"end":{"line":52,"column":52}},{"start":{"line":52,"column":52},"end":{"line":52,"column":null}}]},"4":{"loc":{"start":{"line":60,"column":8},"end":{"line":60,"column":null}},"type":"if","locations":[{"start":{"line":60,"column":8},"end":{"line":60,"column":null}},{"start":{},"end":{}}]},"5":{"loc":{"start":{"line":80,"column":52},"end":{"line":80,"column":null}},"type":"cond-expr","locations":[{"start":{"line":80,"column":62},"end":{"line":80,"column":79}},{"start":{"line":80,"column":79},"end":{"line":80,"column":null}}]},"6":{"loc":{"start":{"line":82,"column":13},"end":{"line":82,"column":null}},"type":"binary-expr","locations":[{"start":{"line":82,"column":13},"end":{"line":82,"column":null}}]},"7":{"loc":{"start":{"line":201,"column":25},"end":{"line":201,"column":null}},"type":"cond-expr","locations":[{"start":{"line":201,"column":35},"end":{"line":201,"column":49}},{"start":{"line":201,"column":49},"end":{"line":201,"column":null}}]}},"s":{"0":2,"1":2,"2":2,"3":2,"4":32,"5":32,"6":32,"7":32,"8":2,"9":0,"10":32,"11":30,"12":30,"13":30,"14":32,"15":0,"16":0,"17":0,"18":0,"19":0,"20":0,"21":0,"22":0,"23":0,"24":0,"25":32,"26":0,"27":0,"28":0,"29":0,"30":0,"31":0,"32":0,"33":0,"34":0,"35":0,"36":0,"37":2},"f":{"0":32,"1":2,"2":30,"3":30,"4":0,"5":0,"6":0,"7":0},"b":{"0":[0,2],"1":[0,0],"2":[0,0],"3":[0,0],"4":[0,0],"5":[0,32],"6":[32],"7":[0,32]}}
,"C:\\Amrita College\\Git\\Farmer_Connect\\frontend\\src\\components\\farmer\\ProductList.jsx": {"path":"C:\\Amrita College\\Git\\Farmer_Connect\\frontend\\src\\components\\farmer\\ProductList.jsx","statementMap":{"0":{"start":{"line":130,"column":0},"end":{"line":130,"column":15}},"1":{"start":{"line":1,"column":36},"end":{"line":1,"column":null}},"2":{"start":{"line":2,"column":16},"end":{"line":2,"column":null}},"3":{"start":{"line":3,"column":24},"end":{"line":3,"column":null}},"4":{"start":{"line":5,"column":20},"end":{"line":128,"column":null}},"5":{"start":{"line":6,"column":36},"end":{"line":6,"column":null}},"6":{"start":{"line":7,"column":34},"end":{"line":7,"column":null}},"7":{"start":{"line":8,"column":30},"end":{"line":8,"column":null}},"8":{"start":{"line":9,"column":36},"end":{"line":9,"column":null}},"9":{"start":{"line":10,"column":48},"end":{"line":10,"column":null}},"10":{"start":{"line":12,"column":26},"end":{"line":24,"column":null}},"11":{"start":{"line":13,"column":8},"end":{"line":23,"column":null}},"12":{"start":{"line":14,"column":12},"end":{"line":14,"column":null}},"13":{"start":{"line":15,"column":24},"end":{"line":15,"column":null}},"14":{"start":{"line":16,"column":12},"end":{"line":16,"column":null}},"15":{"start":{"line":17,"column":12},"end":{"line":17,"column":null}},"16":{"start":{"line":19,"column":12},"end":{"line":19,"column":null}},"17":{"start":{"line":20,"column":12},"end":{"line":20,"column":null}},"18":{"start":{"line":22,"column":12},"end":{"line":22,"column":null}},"19":{"start":{"line":26,"column":4},"end":{"line":28,"column":null}},"20":{"start":{"line":27,"column":8},"end":{"line":27,"column":null}},"21":{"start":{"line":30,"column":25},"end":{"line":39,"column":null}},"22":{"start":{"line":31,"column":8},"end":{"line":31,"column":null}},"23":{"start":{"line":31,"column":78},"end":{"line":31,"column":null}},"24":{"start":{"line":33,"column":8},"end":{"line":38,"column":null}},"25":{"start":{"line":34,"column":12},"end":{"line":34,"column":null}},"26":{"start":{"line":35,"column":12},"end":{"line":35,"column":null}},"27":{"start":{"line":35,"column":45},"end":{"line":35,"column":null}},"28":{"start":{"line":37,"column":12},"end":{"line":37,"column":null}},"29":{"start":{"line":41,"column":26},"end":{"line":45,"column":null}},"30":{"start":{"line":42,"column":8},"end":{"line":42,"column":null}},"31":{"start":{"line":43,"column":8},"end":{"line":43,"column":null}},"32":{"start":{"line":44,"column":8},"end":{"line":44,"column":null}},"33":{"start":{"line":47,"column":25},"end":{"line":50,"column":null}},"34":{"start":{"line":48,"column":8},"end":{"line":48,"column":null}},"35":{"start":{"line":49,"column":8},"end":{"line":49,"column":null}},"36":{"start":{"line":54,"column":4},"end":{"line":62,"column":null}},"37":{"start":{"line":69,"column":35},"end":{"line":69,"column":null}},"38":{"start":{"line":86,"column":24},"end":{"line":86,"column":47}},"39":{"start":{"line":103,"column":55},"end":{"line":103,"column":null}},"40":{"start":{"line":112,"column":55},"end":{"line":112,"column":null}},"41":{"start":{"line":130,"column":15},"end":{"line":130,"column":null}}},"fnMap":{"0":{"name":"(anonymous_2)","decl":{"start":{"line":5,"column":20},"end":{"line":5,"column":null}},"loc":{"start":{"line":5,"column":20},"end":{"line":128,"column":null}}},"1":{"name":"(anonymous_3)","decl":{"start":{"line":12,"column":26},"end":{"line":12,"column":null}},"loc":{"start":{"line":12,"column":26},"end":{"line":24,"column":null}}},"2":{"name":"(anonymous_4)","decl":{"start":{"line":26,"column":14},"end":{"line":26,"column":null}},"loc":{"start":{"line":26,"column":14},"end":{"line":28,"column":7}}},"3":{"name":"(anonymous_5)","decl":{"start":{"line":30,"column":25},"end":{"line":30,"column":32}},"loc":{"start":{"line":30,"column":32},"end":{"line":39,"column":null}}},"4":{"name":"(anonymous_6)","decl":{"start":{"line":35,"column":40},"end":{"line":35,"column":45}},"loc":{"start":{"line":35,"column":45},"end":{"line":35,"column":null}}},"5":{"name":"(anonymous_7)","decl":{"start":{"line":41,"column":26},"end":{"line":41,"column":null}},"loc":{"start":{"line":41,"column":26},"end":{"line":45,"column":null}}},"6":{"name":"(anonymous_8)","decl":{"start":{"line":47,"column":25},"end":{"line":47,"column":null}},"loc":{"start":{"line":47,"column":25},"end":{"line":50,"column":null}}},"7":{"name":"(anonymous_9)","decl":{"start":{"line":69,"column":29},"end":{"line":69,"column":35}},"loc":{"start":{"line":69,"column":35},"end":{"line":69,"column":null}}},"8":{"name":"(anonymous_10)","decl":{"start":{"line":85,"column":34},"end":{"line":85,"column":null}},"loc":{"start":{"line":86,"column":24},"end":{"line":86,"column":47}}},"9":{"name":"(anonymous_11)","decl":{"start":{"line":103,"column":49},"end":{"line":103,"column":55}},"loc":{"start":{"line":103,"column":55},"end":{"line":103,"column":null}}},"10":{"name":"(anonymous_12)","decl":{"start":{"line":112,"column":49},"end":{"line":112,"column":55}},"loc":{"start":{"line":112,"column":55},"end":{"line":112,"column":null}}}},"branchMap":{"0":{"loc":{"start":{"line":31,"column":8},"end":{"line":31,"column":null}},"type":"if","locations":[{"start":{"line":31,"column":8},"end":{"line":31,"column":null}},{"start":{},"end":{}}]},"1":{"loc":{"start":{"line":54,"column":4},"end":{"line":62,"column":null}},"type":"if","locations":[{"start":{"line":54,"column":4},"end":{"line":62,"column":null}},{"start":{},"end":{}}]},"2":{"loc":{"start":{"line":54,"column":8},"end":{"line":54,"column":36}},"type":"binary-expr","locations":[{"start":{"line":54,"column":8},"end":{"line":54,"column":20}},{"start":{"line":54,"column":20},"end":{"line":54,"column":36}}]},"3":{"loc":{"start":{"line":76,"column":13},"end":{"line":76,"column":22}},"type":"binary-expr","locations":[{"start":{"line":76,"column":13},"end":{"line":76,"column":22}}]},"4":{"loc":{"start":{"line":79,"column":16},"end":{"line":84,"column":17}},"type":"cond-expr","locations":[{"start":{"line":79,"column":16},"end":{"line":84,"column":17}}]}},"s":{"0":3,"1":1,"2":1,"3":1,"4":1,"5":6,"6":6,"7":6,"8":6,"9":6,"10":6,"11":3,"12":3,"13":3,"14":3,"15":3,"16":0,"17":0,"18":3,"19":6,"20":3,"21":6,"22":0,"23":0,"24":0,"25":0,"26":0,"27":0,"28":0,"29":6,"30":0,"31":0,"32":0,"33":6,"34":0,"35":0,"36":3,"37":0,"38":1,"39":0,"40":0,"41":1},"f":{"0":6,"1":3,"2":3,"3":0,"4":0,"5":0,"6":0,"7":0,"8":1,"9":0,"10":0},"b":{"0":[0,0],"1":[0,3],"2":[3,3],"3":[3],"4":[2]}}
,"C:\\Amrita College\\Git\\Farmer_Connect\\frontend\\src\\components\\ui\\Button\\Button.jsx": {"path":"C:\\Amrita College\\Git\\Farmer_Connect\\frontend\\src\\components\\ui\\Button\\Button.jsx","statementMap":{"0":{"start":{"line":17,"column":24},"end":{"line":17,"column":31}},"1":{"start":{"line":3,"column":19},"end":{"line":3,"column":null}},"2":{"start":{"line":30,"column":23},"end":{"line":37,"column":null}}},"fnMap":{"0":{"name":"Button","decl":{"start":{"line":17,"column":24},"end":{"line":17,"column":31}},"loc":{"start":{"line":29,"column":1},"end":{"line":57,"column":null}}}},"branchMap":{"0":{"loc":{"start":{"line":19,"column":4},"end":{"line":19,"column":23}},"type":"default-arg","locations":[{"start":{"line":19,"column":14},"end":{"line":19,"column":23}}]},"1":{"loc":{"start":{"line":20,"column":4},"end":{"line":20,"column":15}},"type":"default-arg","locations":[{"start":{"line":20,"column":11},"end":{"line":20,"column":15}}]},"2":{"loc":{"start":{"line":21,"column":4},"end":{"line":21,"column":21}},"type":"default-arg","locations":[{"start":{"line":21,"column":16},"end":{"line":21,"column":21}}]},"3":{"loc":{"start":{"line":22,"column":4},"end":{"line":22,"column":20}},"type":"default-arg","locations":[{"start":{"line":22,"column":15},"end":{"line":22,"column":20}}]},"4":{"loc":{"start":{"line":23,"column":4},"end":{"line":23,"column":21}},"type":"default-arg","locations":[{"start":{"line":23,"column":16},"end":{"line":23,"column":21}}]},"5":{"loc":{"start":{"line":24,"column":4},"end":{"line":24,"column":19}},"type":"default-arg","locations":[{"start":{"line":24,"column":11},"end":{"line":24,"column":19}}]},"6":{"loc":{"start":{"line":27,"column":4},"end":{"line":27,"column":18}},"type":"default-arg","locations":[{"start":{"line":27,"column":16},"end":{"line":27,"column":18}}]},"7":{"loc":{"start":{"line":34,"column":8},"end":{"line":34,"column":null}},"type":"cond-expr","locations":[{"start":{"line":34,"column":20},"end":{"line":34,"column":36}},{"start":{"line":34,"column":39},"end":{"line":34,"column":null}}]},"8":{"loc":{"start":{"line":35,"column":8},"end":{"line":35,"column":null}},"type":"cond-expr","locations":[{"start":{"line":35,"column":20},"end":{"line":35,"column":34}},{"start":{"line":35,"column":37},"end":{"line":35,"column":null}}]},"9":{"loc":{"start":{"line":43,"column":22},"end":{"line":43,"column":null}},"type":"binary-expr","locations":[{"start":{"line":43,"column":22},"end":{"line":43,"column":34}},{"start":{"line":43,"column":34},"end":{"line":43,"column":null}}]},"10":{"loc":{"start":{"line":49,"column":13},"end":{"line":51,"column":null}},"type":"cond-expr","locations":[{"start":{"line":50,"column":16},"end":{"line":51,"column":null}},{"start":{"line":51,"column":16},"end":{"line":51,"column":null}}]},"11":{"loc":{"start":{"line":52,"column":46},"end":{"line":52,"column":81}},"type":"cond-expr","locations":[{"start":{"line":52,"column":58},"end":{"line":52,"column":75}},{"start":{"line":52,"column":78},"end":{"line":52,"column":81}}]}},"s":{"0":40,"1":4,"2":40},"f":{"0":40},"b":{"0":[40],"1":[40],"2":[1],"3":[39],"4":[0],"5":[0],"6":[40],"7":[40,0],"8":[0,40],"9":[40,39],"10":[0,40],"11":[0,40]}}
,"C:\\Amrita College\\Git\\Farmer_Connect\\frontend\\src\\components\\ui\\Button\\index.js": {"path":"C:\\Amrita College\\Git\\Farmer_Connect\\frontend\\src\\components\\ui\\Button\\index.js","statementMap":{"0":{"start":{"line":1,"column":9},"end":{"line":1,"column":24}},"1":{"start":{"line":1,"column":24},"end":{"line":1,"column":null}}},"fnMap":{},"branchMap":{},"s":{"0":40,"1":4},"f":{},"b":{}}
,"C:\\Amrita College\\Git\\Farmer_Connect\\frontend\\src\\components\\ui\\Input\\Input.jsx": {"path":"C:\\Amrita College\\Git\\Farmer_Connect\\frontend\\src\\components\\ui\\Input\\Input.jsx","statementMap":{"0":{"start":{"line":85,"column":0},"end":{"line":85,"column":15}},"1":{"start":{"line":3,"column":34},"end":{"line":3,"column":null}},"2":{"start":{"line":4,"column":19},"end":{"line":4,"column":null}},"3":{"start":{"line":17,"column":14},"end":{"line":83,"column":null}},"4":{"start":{"line":30,"column":21},"end":{"line":30,"column":null}},"5":{"start":{"line":31,"column":20},"end":{"line":31,"column":45}},"6":{"start":{"line":32,"column":20},"end":{"line":32,"column":null}},"7":{"start":{"line":33,"column":19},"end":{"line":33,"column":null}},"8":{"start":{"line":85,"column":15},"end":{"line":85,"column":null}}},"fnMap":{"0":{"name":"Input","decl":{"start":{"line":17,"column":34},"end":{"line":17,"column":40}},"loc":{"start":{"line":29,"column":6},"end":{"line":83,"column":null}}}},"branchMap":{"0":{"loc":{"start":{"line":24,"column":4},"end":{"line":24,"column":17}},"type":"default-arg","locations":[{"start":{"line":24,"column":11},"end":{"line":24,"column":17}}]},"1":{"loc":{"start":{"line":25,"column":4},"end":{"line":25,"column":20}},"type":"default-arg","locations":[{"start":{"line":25,"column":15},"end":{"line":25,"column":20}}]},"2":{"loc":{"start":{"line":26,"column":4},"end":{"line":26,"column":20}},"type":"default-arg","locations":[{"start":{"line":26,"column":15},"end":{"line":26,"column":20}}]},"3":{"loc":{"start":{"line":27,"column":4},"end":{"line":27,"column":18}},"type":"default-arg","locations":[{"start":{"line":27,"column":16},"end":{"line":27,"column":18}}]},"4":{"loc":{"start":{"line":31,"column":20},"end":{"line":31,"column":45}},"type":"binary-expr","locations":[{"start":{"line":31,"column":20},"end":{"line":31,"column":26}},{"start":{"line":31,"column":26},"end":{"line":31,"column":45}}]},"5":{"loc":{"start":{"line":32,"column":20},"end":{"line":32,"column":null}},"type":"cond-expr","locations":[{"start":{"line":32,"column":28},"end":{"line":32,"column":46}},{"start":{"line":32,"column":49},"end":{"line":32,"column":null}}]},"6":{"loc":{"start":{"line":33,"column":19},"end":{"line":33,"column":null}},"type":"cond-expr","locations":[{"start":{"line":33,"column":26},"end":{"line":33,"column":43}},{"start":{"line":33,"column":46},"end":{"line":33,"column":null}}]},"7":{"loc":{"start":{"line":37,"column":13},"end":{"line":37,"column":null}},"type":"binary-expr","locations":[{"start":{"line":37,"column":13},"end":{"line":37,"column":null}}]},"8":{"loc":{"start":{"line":40,"column":21},"end":{"line":40,"column":33}},"type":"binary-expr","locations":[{"start":{"line":40,"column":21},"end":{"line":40,"column":33}}]},"9":{"loc":{"start":{"line":44,"column":54},"end":{"line":44,"column":83}},"type":"cond-expr","locations":[{"start":{"line":44,"column":62},"end":{"line":44,"column":77}},{"start":{"line":44,"column":80},"end":{"line":44,"column":83}}]},"10":{"loc":{"start":{"line":44,"column":86},"end":{"line":44,"column":119}},"type":"cond-expr","locations":[{"start":{"line":44,"column":97},"end":{"line":44,"column":112}},{"start":{"line":44,"column":115},"end":{"line":44,"column":119}}]},"11":{"loc":{"start":{"line":45,"column":17},"end":{"line":45,"column":null}},"type":"binary-expr","locations":[{"start":{"line":45,"column":17},"end":{"line":45,"column":null}}]},"12":{"loc":{"start":{"line":57,"column":34},"end":{"line":57,"column":null}},"type":"cond-expr","locations":[{"start":{"line":57,"column":42},"end":{"line":57,"column":51}},{"start":{"line":57,"column":51},"end":{"line":57,"column":null}}]},"13":{"loc":{"start":{"line":58,"column":38},"end":{"line":58,"column":null}},"type":"binary-expr","locations":[{"start":{"line":58,"column":38},"end":{"line":58,"column":85}},{"start":{"line":58,"column":85},"end":{"line":58,"column":null}}]},"14":{"loc":{"start":{"line":63,"column":17},"end":{"line":63,"column":null}},"type":"binary-expr","locations":[{"start":{"line":63,"column":17},"end":{"line":63,"column":null}}]},"15":{"loc":{"start":{"line":70,"column":13},"end":{"line":70,"column":null}},"type":"binary-expr","locations":[{"start":{"line":70,"column":13},"end":{"line":70,"column":null}}]},"16":{"loc":{"start":{"line":76,"column":13},"end":{"line":76,"column":21}},"type":"binary-expr","locations":[{"start":{"line":76,"column":13},"end":{"line":76,"column":21}},{"start":{"line":76,"colum
[...]
"end":{"line":219,"column":null}},"105":{"start":{"line":220,"column":16},"end":{"line":220,"column":null}},"106":{"start":{"line":221,"column":16},"end":{"line":221,"column":null}},"107":{"start":{"line":222,"column":16},"end":{"line":222,"column":null}},"108":{"start":{"line":225,"column":16},"end":{"line":225,"column":null}},"109":{"start":{"line":226,"column":16},"end":{"line":226,"column":null}},"110":{"start":{"line":227,"column":16},"end":{"line":227,"column":null}},"111":{"start":{"line":231,"column":8},"end":{"line":239,"column":null}},"112":{"start":{"line":233,"column":16},"end":{"line":233,"column":null}},"113":{"start":{"line":234,"column":16},"end":{"line":234,"column":null}},"114":{"start":{"line":235,"column":16},"end":{"line":235,"column":null}},"115":{"start":{"line":236,"column":16},"end":{"line":236,"column":null}},"116":{"start":{"line":237,"column":16},"end":{"line":237,"column":null}},"117":{"start":{"line":238,"column":16},"end":{"line":238,"column":null}},"118":{"start":{"line":242,"column":8},"end":{"line":257,"column":null}},"119":{"start":{"line":244,"column":16},"end":{"line":244,"column":null}},"120":{"start":{"line":245,"column":16},"end":{"line":245,"column":null}},"121":{"start":{"line":248,"column":16},"end":{"line":248,"column":null}},"122":{"start":{"line":249,"column":16},"end":{"line":249,"column":null}},"123":{"start":{"line":250,"column":16},"end":{"line":250,"column":null}},"124":{"start":{"line":251,"column":16},"end":{"line":251,"column":null}},"125":{"start":{"line":252,"column":16},"end":{"line":252,"column":null}},"126":{"start":{"line":255,"column":16},"end":{"line":255,"column":null}},"127":{"start":{"line":256,"column":16},"end":{"line":256,"column":null}},"128":{"start":{"line":269,"column":4},"end":{"line":269,"column":21}},"129":{"start":{"line":271,"column":15},"end":{"line":271,"column":32}}},"fnMap":{"0":{"name":"(anonymous_15)","decl":{"start":{"line":8,"column":4},"end":{"line":8,"column":11}},"loc":{"start":{"line":8,"column":57},"end":{"line":22,"column":null}}},"1":{"name":"(anonymous_16)","decl":{"start":{"line":28,"column":4},"end":{"line":28,"column":11}},"loc":{"start":{"line":28,"column":40},"end":{"line":42,"column":null}}},"2":{"name":"(anonymous_17)","decl":{"start":{"line":48,"column":4},"end":{"line":48,"column":11}},"loc":{"start":{"line":48,"column":73},"end":{"line":62,"column":null}}},"3":{"name":"(anonymous_18)","decl":{"start":{"line":68,"column":4},"end":{"line":68,"column":11}},"loc":{"start":{"line":68,"column":33},"end":{"line":77,"column":null}}},"4":{"name":"(anonymous_19)","decl":{"start":{"line":83,"column":4},"end":{"line":83,"column":11}},"loc":{"start":{"line":83,"column":33},"end":{"line":90,"column":null}}},"5":{"name":"(anonymous_20)","decl":{"start":{"line":96,"column":4},"end":{"line":96,"column":11}},"loc":{"start":{"line":96,"column":51},"end":{"line":110,"column":null}}},"6":{"name":"(anonymous_21)","decl":{"start":{"line":129,"column":8},"end":{"line":129,"column":19}},"loc":{"start":{"line":129,"column":24},"end":{"line":131,"column":null}}},"7":{"name":"(anonymous_22)","decl":{"start":{"line":132,"column":8},"end":{"line":132,"column":15}},"loc":{"start":{"line":132,"column":20},"end":{"line":139,"column":null}}},"8":{"name":"(anonymous_23)","decl":{"start":{"line":140,"column":8},"end":{"line":140,"column":23}},"loc":{"start":{"line":140,"column":28},"end":{"line":147,"column":null}}},"9":{"name":"(anonymous_24)","decl":{"start":{"line":148,"column":8},"end":{"line":148,"column":19}},"loc":{"start":{"line":148,"column":32},"end":{"line":150,"column":null}}},"10":{"name":"(anonymous_25)","decl":{"start":{"line":151,"column":8},"end":{"line":151,"column":22}},"loc":{"start":{"line":151,"column":27},"end":{"line":155,"column":null}}},"11":{"name":"(anonymous_26)","decl":{"start":{"line":157,"column":21},"end":{"line":157,"column":22}},"loc":{"start":{"line":157,"column":29},"end":{"line":159,"column":null}}},"12":{"name":"(anonymous_27)","decl":{"start":{"line":160,"column":8},"end":{"line":160,"column":19}},"loc":{"start":{"line":160,"column":24},"end":{"line":162,"column":null}}},"13":{"name":"(anonymous_28)","decl":{"start":{"line":164,"column":19},"end":{"line":164,"column":20}},"loc":{"start":{"line":164,"column":20},"end":{"line":258,"column":null}}},"14":{"name":"(anonymous_29)","decl":{"start":{"line":167,"column":41},"end":{"line":167,"column":42}},"loc":{"start":{"line":167,"column":42},"end":{"line":170,"column":null}}},"15":{"name":"(anonymous_30)","decl":{"start":{"line":171,"column":43},"end":{"line":171,"column":44}},"loc":{"start":{"line":171,"column":51},"end":{"line":176,"column":null}}},"16":{"name":"(anonymous_31)","decl":{"start":{"line":177,"column":42},"end":{"line":177,"column":43}},"loc":{"start":{"line":177,"column":50},"end":{"line":180,"column":null}}},"17":{"name":"(anonymous_32)","decl":{"start":{"line":184,"column":44},"end":{"line":184,"column":45}},"loc":{"start":{"line":184,"column":45},"end":{"line":187,"column":null}}},"18":{"name":"(anonymous_33)","decl":{"start":{"line":188,"column":46},"end":{"line":188,"column":47}},"loc":{"start":{"line":188,"column":54},"end":{"line":193,"column":null}}},"19":{"name":"(anonymous_34)","decl":{"start":{"line":194,"column":45},"end":{"line":194,"column":46}},"loc":{"start":{"line":194,"column":53},"end":{"line":197,"column":null}}},"20":{"name":"(anonymous_35)","decl":{"start":{"line":201,"column":45},"end":{"line":201,"column":46}},"loc":{"start":{"line":201,"column":46},"end":{"line":204,"column":null}}},"21":{"name":"(anonymous_36)","decl":{"start":{"line":205,"column":47},"end":{"line":205,"column":48}},"loc":{"start":{"line":205,"column":48},"end":{"line":207,"column":null}}},"22":{"name":"(anonymous_37)","decl":{"start":{"line":208,"column":46},"end":{"line":208,"column":47}},"loc":{"start":{"line":208,"column":54},"end":{"line":211,"column":null}}},"23":{"name":"(anonymous_38)","decl":{"start":{"line":215,"column":38},"end":{"line":215,"column":39}},"loc":{"start":{"line":215,"column":39},"end":{"line":217,"column":null}}},"24":{"name":"(anonymous_39)","decl":{"start":{"line":218,"column":40},"end":{"line":218,"column":41}},"loc":{"start":{"line":218,"column":48},"end":{"line":223,"column":null}}},"25":{"name":"(anonymous_40)","decl":{"start":{"line":224,"column":39},"end":{"line":224,"column":40}},"loc":{"start":{"line":224,"column":40},"end":{"line":228,"column":null}}},"26":{"name":"(anonymous_41)","decl":{"start":{"line":232,"column":44},"end":{"line":232,"column":45}},"loc":{"start":{"line":232,"column":45},"end":{"line":239,"column":null}}},"27":{"name":"(anonymous_42)","decl":{"start":{"line":243,"column":46},"end":{"line":243,"column":47}},"loc":{"start":{"line":243,"column":47},"end":{"line":246,"column":null}}},"28":{"name":"(anonymous_43)","decl":{"start":{"line":247,"column":48},"end":{"line":247,"column":49}},"loc":{"start":{"line":247,"column":56},"end":{"line":253,"column":null}}},"29":{"name":"(anonymous_44)","decl":{"start":{"line":254,"column":47},"end":{"line":254,"column":48}},"loc":{"start":{"line":254,"column":55},"end":{"line":257,"column":null}}}},"branchMap":{"0":{"loc":{"start":{"line":17,"column":12},"end":{"line":17,"column":null}},"type":"if","locations":[{"start":{"line":17,"column":12},"end":{"line":17,"column":null}},{"start":{},"end":{}}]},"1":{"loc":{"start":{"line":37,"column":12},"end":{"line":37,"column":null}},"type":"if","locations":[{"start":{"line":37,"column":12},"end":{"line":37,"column":null}},{"start":{},"end":{}}]},"2":{"loc":{"start":{"line":57,"column":12},"end":{"line":57,"column":null}},"type":"if","locations":[{"start":{"line":57,"column":12},"end":{"line":57,"column":null}},{"start":{},"end":{}}]},"3":{"loc":{"start":{"line":72,"column":12},"end":{"line":72,"column":null}},"type":"if","locations":[{"start":{"line":72,"column":12},"end":{"line":72,"column":null}},{"start":{},"end":{}}]},"4":{"loc":{"start":{"line":105,"column":12},"end":{"line":105,"column":null}},"type":"if","locations":[{"start":{"line":105,"column":12},"end":{"line":105,"column":null}},{"start":{},"end":{}}]}},"s":{"0":0,"1":0,"2":0,"3":1,"4":0,"5":0,"6":0,"7":0,"8":0,"9":0,"10":0,"11":0,"12":0,"13":0,"14":4,"15":4,"16":0,"17":0,"18":0,"19":0,"20":0,"21":0,"22":0,"23":4,"24":0,"25":0,"26":0,"27":0,"28":0,"29":0,"30":0,"31":4,"32":0,"33":0,"34":0,"35":0,"36":0,"37":0,"38":0,"39":4,"40":0,"41":0,"42":0,"43":0,"44":0,"45":0,"46":0,"47":4,"48":0,"49":0,"50":0,"51":0,"52":4,"53":0,"54":0,"55":0,"56":0,"57":0,"58":0,"59":0,"60":4,"61":4,"62":0,"63":0,"64":0,"65":0,"66":0,"67":0,"68":0,"69":0,"70":0,"71":0,"72":0,"73":0,"74":0,"75":0,"76":0,"77":0,"78":0,"79":1,"80":0,"81":0,"82":0,"83":0,"84":0,"85":0,"86":0,"87":0,"88":1,"89":0,"90":0,"91":0,"92":0,"93":0,"94":0,"95":0,"96":1,"97":0,"98":0,"99":0,"100":0,"101":0,"102":1,"103":0,"104":0,"105":0,"106":0,"107":0,"108":0,"109":0,"110":0,"111":1,"112":0,"113":0,"114":0,"115":0,"116":0,"117":0,"118":1,"119":0,"120":0,"121":0,"122":0,"123":0,"124":0,"125":0,"126":0,"127":0,"128":4,"129":4},"f":{"0":0,"1":0,"2":0,"3":0,"4":0,"5":0,"6":0,"7":0,"8":0,"9":0,"10":0,"11":0,"12":0,"13":1,"14":0,"15":0,"16":0,"17":0,"18":0,"19":0,"20":0,"21":0,"22":0,"23":0,"24":0,"25":0,"26":0,"27":0,"28":0,"29":0},"b":{"0":[0,0],"1":[0,0],"2":[0,0],"3":[0,0],"4":[0,0]}}
,"C:\\Amrita College\\Git\\Farmer_Connect\\frontend\\src\\store\\slices\\cartSlice.js": {"path":"C:\\Amrita College\\Git\\Farmer_Connect\\frontend\\src\\store\\slices\\cartSlice.js","statementMap":{"0":{"start":{"line":53,"column":4},"end":{"line":53,"column":13}},"1":{"start":{"line":56,"column":4},"end":{"line":56,"column":13}},"2":{"start":{"line":59,"column":4},"end":{"line":59,"column":13}},"3":{"start":{"line":62,"column":0},"end":{"line":62,"column":15}},"4":{"start":{"line":58,"column":4},"end":{"line":58,"column":12}},"5":{"start":{"line":54,"column":4},"end":{"line":54,"column":18}},"6":{"start":{"line":57,"column":4},"end":{"line":57,"column":14}},"7":{"start":{"line":55,"column":4},"end":{"line":55,"column":18}},"8":{"start":{"line":3,"column":28},"end":{"line":3,"column":null}},"9":{"start":{"line":5,"column":21},"end":{"line":8,"column":null}},"10":{"start":{"line":10,"column":18},"end":{"line":50,"column":null}},"11":{"start":{"line":15,"column":25},"end":{"line":15,"column":39}},"12":{"start":{"line":16,"column":33},"end":{"line":16,"column":null}},"13":{"start":{"line":16,"column":55},"end":{"line":16,"column":71}},"14":{"start":{"line":18,"column":12},"end":{"line":25,"column":null}},"15":{"start":{"line":19,"column":16},"end":{"line":19,"column":null}},"16":{"start":{"line":21,"column":16},"end":{"line":24,"column":null}},"17":{"start":{"line":28,"column":12},"end":{"line":28,"column":null}},"18":{"start":{"line":28,"column":53},"end":{"line":28,"column":79}},"19":{"start":{"line":31,"column":37},"end":{"line":31,"column":51}},"20":{"start":{"line":32,"column":25},"end":{"line":32,"column":null}},"21":{"start":{"line":32,"column":47},"end":{"line":32,"column":null}},"22":{"start":{"line":33,"column":12},"end":{"line":35,"column":null}},"23":{"start":{"line":34,"column":16},"end":{"line":34,"column":null}},"24":{"start":{"line":38,"column":12},"end":{"line":38,"column":null}},"25":{"start":{"line":41,"column":12},"end":{"line":41,"column":null}},"26":{"start":{"line":44,"column":12},"end":{"line":44,"column":null}},"27":{"start":{"line":47,"column":12},"end":{"line":47,"column":null}},"28":{"start":{"line":60,"column":4},"end":{"line":60,"column":21}},"29":{"start":{"line":62,"column":15},"end":{"line":62,"column":32}}},"fnMap":{"0":{"name":"(anonymous_9)","decl":{"start":{"line":14,"column":19},"end":{"line":14,"column":20}},"loc":{"start":{"line":14,"column":27},"end":{"line":26,"column":null}}},"1":{"name":"(anonymous_10)","decl":{"start":{"line":16,"column":50},"end":{"line":16,"column":55}},"loc":{"start":{"line":16,"column":55},"end":{"line":16,"column":71}}},"2":{"name":"(anonymous_11)","decl":{"start":{"line":27,"column":24},"end":{"line":27,"column":25}},"loc":{"start":{"line":27,"column":32},"end":{"line":29,"column":null}}},"3":{"name":"(anonymous_12)","decl":{"start":{"line":28,"column":45},"end":{"line":28,"column":53}},"loc":{"start":{"line":28,"column":53},"end":{"line":28,"column":79}}},"4":{"name":"(anonymous_13)","decl":{"start":{"line":30,"column":24},"end":{"line":30,"column":25}},"loc":{"start":{"line":30,"column":32},"end":{"line":36,"column":null}}},"5":{"name":"(anonymous_14)","decl":{"start":{"line":32,"column":42},"end":{"line":32,"column":47}},"loc":{"start":{"line":32,"column":47},"end":{"line":32,"column":null}}},"6":{"name":"(anonymous_15)","decl":{"start":{"line":37,"column":19},"end":{"line":37,"column":20}},"loc":{"start":{"line":37,"column":20},"end":{"line":39,"column":null}}},"7":{"name":"(anonymous_16)","decl":{"start":{"line":40,"column":20},"end":{"line":40,"column":21}},"loc":{"start":{"line":40,"column":21},"end":{"line":42,"column":null}}},"8":{"name":"(anonymous_17)","decl":{"start":{"line":43,"column":18},"end":{"line":43,"column":19}},"loc":{"start":{"line":43,"column":19},"end":{"line":45,"column":null}}},"9":{"name":"(anonymous_18)","decl":{"start":{"line":46,"column":19},"end":{"line":46,"column":20}},"loc":{"start":{"line":46,"column":20},"end":{"line":48,"column":null}}}},"branchMap":{"0":{"loc":{"start":{"line":18,"column":12},"end":{"line":25,"column":null}},"type":"if","locations":[{"start":{"line":18,"column":12},"end":{"line":25,"column":null}},{"start":{"line":20,"column":19},"end":{"line":25,"column":null}}]},"1":{"loc":{"start":{"line":19,"column":41},"end":{"line":19,"column":null}},"type":"binary-expr","locations":[{"start":{"line":19,"column":41},"end":{"line":19,"column":54}},{"start":{"line":19,"column":58},"end":{"line":19,"column":null}}]},"2":{"loc":{"start":{"line":23,"column":30},"end":{"line":23,"column":null}},"type":"binary-expr","locations":[{"start":{"line":23,"column":30},"end":{"line":23,"column":43}},{"start":{"line":23,"column":47},"end":{"line":23,"column":null}}]},"3":{"loc":{"start":{"line":33,"column":12},"end":{"line":35,"column":null}},"type":"if","locations":[{"start":{"line":33,"column":12},"end":{"line":35,"column":null}},{"start":{},"end":{}}]},"4":{"loc":{"start":{"line":33,"column":16},"end":{"line":33,"column":38}},"type":"binary-expr","locations":[{"start":{"line":33,"column":16},"end":{"line":33,"column":24}},{"start":{"line":33,"column":24},"end":{"line":33,"column":38}}]}},"s":{"0":0,"1":0,"2":0,"3":1,"4":0,"5":0,"6":0,"7":0,"8":1,"9":1,"10":1,"11":0,"12":0,"13":0,"14":0,"15":0,"16":0,"17":0,"18":0,"19":0,"20":0,"21":0,"22":0,"23":0,"24":0,"25":0,"26":0,"27":0,"28":1,"29":1},"f":{"0":0,"1":0,"2":0,"3":0,"4":0,"5":0,"6":0,"7":0,"8":0,"9":0},"b":{"0":[0,0],"1":[0,0],"2":[0,0],"3":[0,0],"4":[0,0]}}
,"C:\\Amrita College\\Git\\Farmer_Connect\\frontend\\src\\store\\slices\\listingSlice.js": {"path":"C:\\Amrita College\\Git\\Farmer_Connect\\frontend\\src\\store\\slices\\listingSlice.js","statementMap":{"0":{"start":{"line":83,"column":4},"end":{"line":83,"column":12}},"1":{"start":{"line":89,"column":0},"end":{"line":89,"column":15}},"2":{"start":{"line":79,"column":4},"end":{"line":79,"column":12}},"3":{"start":{"line":80,"column":4},"end":{"line":80,"column":12}},"4":{"start":{"line":84,"column":4},"end":{"line":84,"column":15}},"5":{"start":{"line":86,"column":4},"end":{"line":86,"column":16}},"6":{"start":{"line":85,"column":4},"end":{"line":85,"column":15}},"7":{"start":{"line":81,"column":4},"end":{"line":81,"column":11}},"8":{"start":{"line":82,"column":4},"end":{"line":82,"column":18}},"9":{"start":{"line":1,"column":28},"end":{"line":1,"column":null}},"10":{"start":{"line":3,"column":21},"end":{"line":35,"column":null}},"11":{"start":{"line":37,"column":21},"end":{"line":76,"column":null}},"12":{"start":{"line":42,"column":12},"end":{"line":44,"column":null}},"13":{"start":{"line":43,"column":16},"end":{"line":43,"column":null}},"14":{"start":{"line":47,"column":12},"end":{"line":49,"column":null}},"15":{"start":{"line":48,"column":16},"end":{"line":48,"column":null}},"16":{"start":{"line":52,"column":12},"end":{"line":52,"column":null}},"17":{"start":{"line":56,"column":12},"end":{"line":58,"column":null}},"18":{"start":{"line":57,"column":16},"end":{"line":57,"column":null}},"19":{"start":{"line":62,"column":12},"end":{"line":64,"column":null}},"20":{"start":{"line":63,"column":16},"end":{"line":63,"column":null}},"21":{"start":{"line":67,"column":12},"end":{"line":67,"column":null}},"22":{"start":{"line":67,"column":79},"end":{"line":67,"column":103}},"23":{"start":{"line":70,"column":12},"end":{"line":70,"column":null}},"24":{"start":{"line":73,"column":12},"end":{"line":73,"column":null}},"25":{"start":{"line":87,"column":4},"end":{"line":87,"column":24}},"26":{"start":{"line":89,"column":15},"end":{"line":89,"column":35}}},"fnMap":{"0":{"name":"(anonymous_10)","decl":{"start":{"line":41,"column":18},"end":{"line":41,"column":19}},"loc":{"start":{"line":41,"column":19},"end":{"line":45,"column":null}}},"1":{"name":"(anonymous_11)","decl":{"start":{"line":46,"column":18},"end":{"line":46,"column":19}},"loc":{"start":{"line":46,"column":19},"end":{"line":50,"column":null}}},"2":{"name":"(anonymous_12)","decl":{"start":{"line":51,"column":17},"end":{"line":51,"column":18}},"loc":{"start":{"line":51,"column":25},"end":{"line":53,"column":null}}},"3":{"name":"(anonymous_13)","decl":{"start":{"line":54,"column":24},"end":{"line":54,"column":25}},"loc":{"start":{"line":54,"column":32},"end":{"line":59,"column":null}}},"4":{"name":"(anonymous_14)","decl":{"start":{"line":56,"column":48},"end":{"line":56,"column":null}},"loc":{"start":{"line":56,"column":48},"end":{"line":58,"column":null}}},"5":{"name":"(anonymous_15)","decl":{"start":{"line":60,"column":18},"end":{"line":60,"column":19}},"loc":{"start":{"line":60,"column":26},"end":{"line":65,"column":null}}},"6":{"name":"(anonymous_16)","decl":{"start":{"line":66,"column":21},"end":{"line":66,"column":22}},"loc":{"start":{"line":66,"column":29},"end":{"line":68,"column":null}}},"7":{"name":"(anonymous_17)","decl":{"start":{"line":67,"column":65},"end":{"line":67,"column":66}},"loc":{"start":{"line":67,"column":79},"end":{"line":67,"column":103}}},"8":{"name":"(anonymous_18)","decl":{"start":{"line":69,"column":21},"end":{"line":69,"column":22}},"loc":{"start":{"line":69,"column":29},"end":{"line":71,"column":null}}},"9":{"name":"(anonymous_19)","decl":{"start":{"line":72,"column":22},"end":{"line":72,"column":23}},"loc":{"start":{"line":72,"column":23},"end":{"line":74,"column":null}}}},"branchMap":{"0":{"loc":{"start":{"line":42,"column":12},"end":{"line":44,"column":null}},"type":"if","locations":[{"start":{"line":42,"column":12},"end":{"line":44,"column":null}},{"start":{},"end":{}}]},"1":{"loc":{"start":{"line":47,"column":12},"end":{"line":49,"column":null}},"type":"if","locations":[{"start":{"line":47,"column":12},"end":{"line":49,"column":null}},{"start":{},"end":{}}]},"2":{"loc":{"start":{"line":62,"column":12},"end":{"line":64,"column":null}},"type":"if","locations":[{"start":{"line":62,"column":12},"end":{"line":64,"column":null}},{"start":{},"end":{}}]}},"s":{"0":0,"1":1,"2":0,"3":0,"4":0,"5":0,"6":0,"7":0,"8":0,"9":1,"10":1,"11":1,"12":0,"13":0,"14":0,"15":0,"16":0,"17":0,"18":0,"19":0,"20":0,"21":0,"22":0,"23":0,"24":0,"25":1,"26":1},"f":{"0":0,"1":0,"2":0,"3":0,"4":0,"5":0,"6":0,"7":0,"8":0,"9":0},"b":{"0":[0,0],"1":[0,0],"2":[0,0]}}
,"C:\\Amrita College\\Git\\Farmer_Connect\\frontend\\src\\utils\\api.js": {"path":"C:\\Amrita College\\Git\\Farmer_Connect\\frontend\\src\\utils\\api.js","statementMap":{"0":{"start":{"line":8,"column":0},"end":{"line":8,"column":15}},"1":{"start":{"line":1,"column":12},"end":{"line":6,"column":null}},"2":{"start":{"line":8,"column":15},"end":{"line":8,"column":null}}},"fnMap":{},"branchMap":{},"s":{"0":1,"1":2,"2":2},"f":{},"b":{}}
}
