TN:
SF:src\app\(auth)\buyer\register\page.jsx
FN:42,BuyerRegisterPage
FN:46,(anonymous_3)
FN:68,(anonymous_4)
FN:75,(anonymous_5)
FN:76,(anonymous_6)
FN:77,(anonymous_7)
FN:81,(anonymous_8)
FN:82,(anonymous_9)
FN:85,(anonymous_10)
FN:90,(anonymous_11)
FN:94,(anonymous_12)
FN:103,(anonymous_13)
FN:112,(anonymous_14)
FN:123,(anonymous_15)
FN:128,(anonymous_16)
FN:135,(anonymous_17)
FN:164,(anonymous_18)
FN:196,(anonymous_21)
FN:200,(anonymous_22)
FN:232,(anonymous_24)
FN:236,(anonymous_25)
FN:257,(anonymous_27)
FN:259,(anonymous_28)
FN:262,(anonymous_29)
FN:266,(anonymous_30)
FN:268,(anonymous_31)
FN:289,(anonymous_33)
FN:292,(anonymous_34)
FN:296,(anonymous_35)
FN:319,(anonymous_37)
FN:334,(anonymous_38)
FN:367,(anonymous_40)
FNF:32
FNH:2
FNDA:1,BuyerRegisterPage
FNDA:0,(anonymous_3)
FNDA:1,(anonymous_4)
FNDA:0,(anonymous_5)
FNDA:0,(anonymous_6)
FNDA:0,(anonymous_7)
FNDA:0,(anonymous_8)
FNDA:0,(anonymous_9)
FNDA:0,(anonymous_10)
FNDA:0,(anonymous_11)
FNDA:0,(anonymous_12)
FNDA:0,(anonymous_13)
FNDA:0,(anonymous_14)
FNDA:0,(anonymous_15)
FNDA:0,(anonymous_16)
FNDA:0,(anonymous_17)
FNDA:0,(anonymous_18)
FNDA:0,(anonymous_21)
FNDA:0,(anonymous_22)
FNDA:0,(anonymous_24)
FNDA:0,(anonymous_25)
FNDA:0,(anonymous_27)
FNDA:0,(anonymous_28)
FNDA:0,(anonymous_29)
FNDA:0,(anonymous_30)
FNDA:0,(anonymous_31)
FNDA:0,(anonymous_33)
FNDA:0,(anonymous_34)
FNDA:0,(anonymous_35)
FNDA:0,(anonymous_37)
FNDA:0,(anonymous_38)
FNDA:0,(anonymous_40)
DA:3,1
DA:4,1
DA:5,1
DA:6,1
DA:7,1
DA:8,1
DA:9,1
DA:10,1
DA:11,1
DA:14,1
DA:24,1
DA:33,1
DA:42,1
DA:43,1
DA:44,1
DA:45,1
DA:46,1
DA:48,1
DA:49,1
DA:50,1
DA:51,1
DA:52,1
DA:53,1
DA:54,1
DA:55,1
DA:58,1
DA:65,1
DA:68,1
DA:69,1
DA:70,0
DA:75,1
DA:76,0
DA:77,0
DA:81,1
DA:82,0
DA:83,0
DA:84,0
DA:85,0
DA:87,0
DA:90,0
DA:94,1
DA:95,0
DA:96,0
DA:97,0
DA:99,0
DA:103,1
DA:104,0
DA:105,0
DA:106,0
DA:108,0
DA:112,1
DA:113,0
DA:114,0
DA:115,0
DA:116,0
DA:117,0
DA:118,0
DA:119,0
DA:123,1
DA:124,0
DA:128,1
DA:129,0
DA:130,0
DA:131,0
DA:135,1
DA:136,0
DA:137,0
DA:138,0
DA:141,0
DA:142,0
DA:152,0
DA:154,0
DA:155,0
DA:156,0
DA:157,0
DA:158,0
DA:164,1
DA:165,0
DA:166,0
DA:167,0
DA:168,0
DA:169,0
DA:196,0
DA:200,0
DA:232,0
DA:236,0
DA:257,0
DA:259,0
DA:262,0
DA:266,0
DA:268,0
DA:289,0
DA:292,0
DA:296,0
DA:320,0
DA:334,0
DA:367,0
LF:97
LH:38
BRDA:69,0,0,0
BRDA:69,0,1,1
BRDA:77,1,0,0
BRDA:77,1,1,0
BRDA:83,2,0,0
BRDA:83,2,1,0
BRDA:84,3,0,0
BRDA:84,3,1,0
BRDA:90,4,0,0
BRDA:90,4,1,0
BRDA:95,5,0,0
BRDA:95,5,1,0
BRDA:104,6,0,0
BRDA:104,6,1,0
BRDA:114,7,0,0
BRDA:114,7,1,0
BRDA:115,8,0,0
BRDA:115,8,1,0
BRDA:116,9,0,0
BRDA:116,9,1,0
BRDA:117,10,0,0
BRDA:117,10,1,0
BRDA:124,11,0,0
BRDA:124,11,1,0
BRDA:129,12,0,0
BRDA:129,12,1,0
BRDA:130,13,0,0
BRDA:130,13,1,0
BRDA:136,14,0,0
BRDA:136,14,1,0
BRDA:154,15,0,0
BRDA:154,15,1,0
BRDA:165,16,0,0
BRDA:165,16,1,0
BRDA:166,17,0,0
BRDA:166,17,1,0
BRDA:167,18,0,0
BRDA:167,18,1,0
BRDA:168,19,0,0
BRDA:168,19,1,0
BRDA:169,20,0,0
BRDA:169,20,1,0
BRDA:201,21,0,1
BRDA:201,21,1,1
BRDA:208,22,0,1
BRDA:208,22,1,0
BRDA:212,23,0,1
BRDA:212,23,1,0
BRDA:298,24,0,0
BRDA:298,24,1,0
BRDA:325,25,0,0
BRDA:325,25,1,0
BRDA:327,26,0,0
BRDA:327,26,1,0
BRDA:329,27,0,0
BRDA:329,27,1,0
BRDA:331,28,0,0
BRDA:331,28,1,0
BRDA:341,29,0,0
BRDA:369,30,0,0
BRDA:369,30,1,0
BRDA:422,31,0,1
BRDA:422,31,1,1
BRDA:423,32,0,1
BRDA:423,32,1,0
BRDA:424,33,0,1
BRDA:424,33,1,0
BRDA:425,34,0,1
BRDA:425,34,1,0
BRDA:426,35,0,1
BRDA:426,35,1,0
BRDA:427,36,0,1
BRDA:427,36,1,0
BRF:73
BRH:12
end_of_record
TN:
SF:src\app\(auth)\farmer\register\page.jsx
FN:21,FarmerRegisterPage
FN:25,(anonymous_3)
FN:39,(anonymous_4)
FN:46,(anonymous_5)
FN:53,(anonymous_6)
FN:62,(anonymous_7)
FN:69,(anonymous_8)
FN:78,(anonymous_9)
FN:91,(anonymous_10)
FN:114,(anonymous_11)
FN:135,(anonymous_13)
FN:147,(anonymous_14)
FN:183,(anonymous_16)
FN:194,(anonymous_17)
FN:220,(anonymous_19)
FN:225,(anonymous_20)
FN:232,(anonymous_21)
FN:315,(anonymous_24)
FNF:18
FNH:2
FNDA:1,FarmerRegisterPage
FNDA:0,(anonymous_3)
FNDA:1,(anonymous_4)
FNDA:0,(anonymous_5)
FNDA:0,(anonymous_6)
FNDA:0,(anonymous_7)
FNDA:0,(anonymous_8)
FNDA:0,(anonymous_9)
FNDA:0,(anonymous_10)
FNDA:0,(anonymous_11)
FNDA:0,(anonymous_13)
FNDA:0,(anonymous_14)
FNDA:0,(anonymous_16)
FNDA:0,(anonymous_17)
FNDA:0,(anonymous_19)
FNDA:0,(anonymous_20)
FNDA:0,(anonymous_21)
FNDA:0,(anonymous_24)
DA:3,1
DA:4,1
DA:5,1
DA:6,1
DA:7,1
DA:8,1
DA:9,1
DA:10,1
DA:13,1
DA:21,1
DA:22,1
DA:23,1
DA:24,1
DA:25,1
DA:27,1
DA:28,1
DA:29,1
DA:30,1
DA:31,1
DA:32,1
DA:33,1
DA:34,1
DA:35,1
DA:36,1
DA:39,1
DA:40,1
DA:41,0
DA:46,1
DA:47,0
DA:48,0
DA:49,0
DA:53,1
DA:54,0
DA:55,0
DA:56,0
DA:58,0
DA:62,1
DA:63,0
DA:64,0
DA:65,0
DA:69,1
DA:70,0
DA:71,0
DA:72,0
DA:74,0
DA:78,1
DA:79,0
DA:80,0
DA:81,0
DA:83,0
DA:84,0
DA:85,0
DA:87,0
DA:91,1
DA:92,0
DA:93,0
DA:102,0
DA:104,0
DA:105,0
DA:106,0
DA:107,0
DA:108,0
DA:114,1
DA:115,0
DA:116,0
DA:117,0
DA:118,0
DA:135,0
DA:147,0
DA:183,0
DA:194,0
DA:220,0
DA:225,0
DA:232,0
DA:315,0
LF:75
LH:33
BRDA:40,0,0,0
BRDA:40,0,1,1
BRDA:49,1,0,0
BRDA:49,1,1,0
BRDA:54,2,0,0
BRDA:54,2,1,0
BRDA:65,3,0,0
BRDA:65,3,1,0
BRDA:70,4,0,0
BRDA:70,4,1,0
BRDA:79,5,0,0
BRDA:79,5,1,0
BRDA:83,6,0,0
BRDA:83,6,1,0
BRDA:96,7,0,0
BRDA:96,7,1,0
BRDA:99,8,0,0
BRDA:99,8,1,0
BRDA:104,9,0,0
BRDA:104,9,1,0
BRDA:115,10,0,0
BRDA:115,10,1,0
BRDA:116,11,0,0
BRDA:116,11,1,0
BRDA:117,12,0,0
BRDA:117,12,1,0
BRDA:141,13,0,1
BRDA:141,13,1,1
BRDA:154,14,0,1
BRDA:154,14,1,0
BRDA:158,15,0,1
BRDA:158,15,1,0
BRDA:235,16,0,0
BRDA:235,16,1,0
BRDA:267,17,0,0
BRDA:277,18,0,0
BRDA:289,19,0,0
BRDA:318,20,0,0
BRDA:318,20,1,0
BRDA:371,21,0,1
BRDA:371,21,1,1
BRDA:372,22,0,1
BRDA:372,22,1,0
BRDA:373,23,0,1
BRDA:373,23,1,0
BRDA:374,24,0,1
BRDA:374,24,1,0
BRDA:375,25,0,1
BRDA:375,25,1,0
BRF:49
BRH:11
end_of_record
TN:
SF:src\app\(auth)\forgot-pin\page.jsx
FN:13,ForgotPinPage
FN:21,ForgotPinContent
FN:26,(anonymous_4)
FN:35,(anonymous_5)
FN:71,(anonymous_6)
FN:92,(anonymous_7)
FN:97,(anonymous_8)
FN:107,(anonymous_9)
FN:115,(anonymous_10)
FN:123,(anonymous_11)
FN:131,(anonymous_12)
FNF:11
FNH:2
FNDA:1,ForgotPinPage
FNDA:1,ForgotPinContent
FNDA:0,(anonymous_4)
FNDA:0,(anonymous_5)
FNDA:0,(anonymous_6)
FNDA:0,(anonymous_7)
FNDA:0,(anonymous_8)
FNDA:0,(anonymous_9)
FNDA:0,(anonymous_10)
FNDA:0,(anonymous_11)
FNDA:0,(anonymous_12)
DA:3,1
DA:4,1
DA:5,1
DA:6,1
DA:7,1
DA:8,1
DA:9,1
DA:10,1
DA:11,1
DA:13,1
DA:22,1
DA:23,1
DA:24,1
DA:25,1
DA:26,1
DA:28,1
DA:29,1
DA:30,1
DA:31,1
DA:32,1
DA:33,1
DA:35,1
DA:36,0
DA:38,0
DA:39,0
DA:40,0
DA:42,0
DA:43,0
DA:44,0
DA:46,0
DA:47,0
DA:48,0
DA:50,0
DA:51,0
DA:52,0
DA:55,0
DA:56,0
DA:57,0
DA:58,0
DA:60,0
DA:64,1
DA:71,0
DA:92,0
DA:97,0
DA:107,0
DA:115,0
DA:123,0
DA:131,0
LF:48
LH:23
BRDA:28,0,0,1
BRDA:28,0,1,0
BRDA:38,1,0,0
BRDA:38,1,1,0
BRDA:42,2,0,0
BRDA:42,2,1,0
BRDA:46,3,0,0
BRDA:46,3,1,0
BRDA:50,4,0,0
BRDA:50,4,1,0
BRDA:60,5,0,0
BRDA:60,5,1,0
BRDA:64,6,0,0
BRDA:64,6,1,1
BRDA:91,7,0,1
BRDA:91,7,1,0
BRDA:96,8,0,0
BRDA:96,8,1,1
BRF:18
BRH:4
end_of_record
TN:
SF:src\app\(auth)\login\page.jsx
FN:13,LoginPage
FN:21,LoginContent
FN:26,(anonymous_4)
FN:34,(anonymous_5)
FN:42,(anonymous_6)
FN:48,(anonymous_7)
FN:135,(anonymous_8)
FN:138,(anonymous_9)
FN:171,(anonymous_10)
FN:182,(anonymous_11)
FNF:10
FNH:9
FNDA:4,LoginPage
FNDA:37,LoginContent
FNDA:41,(anonymous_4)
FNDA:37,(anonymous_5)
FNDA:4,(anonymous_6)
FNDA:2,(anonymous_7)
FNDA:111,(anonymous_8)
FNDA:0,(anonymous_9)
FNDA:23,(anonymous_10)
FNDA:10,(anonymous_11)
DA:3,1
DA:4,1
DA:5,1
DA:6,1
DA:7,1
DA:8,1
DA:9,1
DA:10,1
DA:11,1
DA:13,4
DA:22,37
DA:23,37
DA:24,37
DA:25,37
DA:26,41
DA:28,37
DA:29,37
DA:30,37
DA:31,37
DA:32,37
DA:34,37
DA:35,37
DA:36,0
DA:37,0
DA:38,0
DA:42,37
DA:43,4
DA:44,0
DA:48,37
DA:49,2
DA:50,2
DA:51,1
DA:52,1
DA:54,1
DA:55,1
DA:56,1
DA:59,0
DA:60,0
DA:62,0
DA:66,37
DA:136,111
DA:138,0
DA:171,23
DA:182,10
LF:44
LH:36
BRDA:29,0,0,37
BRDA:29,0,1,0
BRDA:35,1,0,0
BRDA:35,1,1,37
BRDA:35,2,0,37
BRDA:35,2,1,0
BRDA:36,3,0,0
BRDA:36,3,1,0
BRDA:37,4,0,0
BRDA:37,4,1,0
BRDA:38,5,0,0
BRDA:38,5,1,0
BRDA:43,6,0,0
BRDA:43,6,1,4
BRDA:50,7,0,1
BRDA:50,7,1,1
BRDA:54,8,0,1
BRDA:54,8,1,0
BRDA:62,9,0,0
BRDA:62,9,1,0
BRDA:143,10,0,37
BRDA:143,10,1,74
BRDA:144,11,0,37
BRDA:144,11,1,74
BRDA:145,12,0,37
BRDA:145,12,1,74
BRDA:146,13,0,37
BRDA:146,13,1,74
BRDA:157,14,0,0
BRF:29
BRH:15
end_of_record
TN:
SF:src\components\farmer\ProductForm.jsx
FN:4,(anonymous_2)
FN:17,(anonymous_3)
FN:31,(anonymous_4)
FN:33,(anonymous_5)
FN:39,(anonymous_6)
FN:58,(anonymous_7)
FN:69,(anonymous_8)
FN:128,(anonymous_9)
FNF:8
FNH:4
FNDA:32,(anonymous_2)
FNDA:2,(anonymous_3)
FNDA:30,(anonymous_4)
FNDA:30,(anonymous_5)
FNDA:0,(anonymous_6)
FNDA:0,(anonymous_7)
FNDA:0,(anonymous_8)
FNDA:0,(anonymous_9)
DA:1,2
DA:2,2
DA:4,2
DA:5,32
DA:14,32
DA:15,32
DA:17,32
DA:18,2
DA:19,0
DA:31,32
DA:32,30
DA:33,30
DA:39,32
DA:40,0
DA:41,0
DA:42,0
DA:44,0
DA:45,0
DA:46,0
DA:48,0
DA:50,0
DA:52,0
DA:54,0
DA:58,32
DA:59,0
DA:60,0
DA:62,0
DA:63,0
DA:65,0
DA:66,0
DA:69,0
DA:74,0
DA:129,0
DA:209,2
LF:34
LH:14
BRDA:18,0,0,0
BRDA:18,0,1,2
BRDA:26,1,0,0
BRDA:26,1,1,0
BRDA:45,2,0,0
BRDA:45,2,1,0
BRDA:52,3,0,0
BRDA:52,3,1,0
BRDA:60,4,0,0
BRDA:60,4,1,0
BRDA:80,5,0,0
BRDA:80,5,1,32
BRDA:82,6,0,32
BRDA:201,7,0,0
BRDA:201,7,1,32
BRF:15
BRH:4
end_of_record
TN:
SF:src\components\farmer\ProductList.jsx
FN:5,(anonymous_2)
FN:12,(anonymous_3)
FN:26,(anonymous_4)
FN:30,(anonymous_5)
FN:35,(anonymous_6)
FN:41,(anonymous_7)
FN:47,(anonymous_8)
FN:69,(anonymous_9)
FN:85,(anonymous_10)
FN:103,(anonymous_11)
FN:112,(anonymous_12)
FNF:11
FNH:4
FNDA:6,(anonymous_2)
FNDA:3,(anonymous_3)
FNDA:3,(anonymous_4)
FNDA:0,(anonymous_5)
FNDA:0,(anonymous_6)
FNDA:0,(anonymous_7)
FNDA:0,(anonymous_8)
FNDA:0,(anonymous_9)
FNDA:1,(anonymous_10)
FNDA:0,(anonymous_11)
FNDA:0,(anonymous_12)
DA:1,1
DA:2,1
DA:3,1
DA:5,1
DA:6,6
DA:7,6
DA:8,6
DA:9,6
DA:10,6
DA:12,6
DA:13,3
DA:14,3
DA:15,3
DA:16,3
DA:17,3
DA:19,0
DA:20,0
DA:22,3
DA:26,6
DA:27,3
DA:30,6
DA:31,0
DA:33,0
DA:34,0
DA:35,0
DA:37,0
DA:41,6
DA:42,0
DA:43,0
DA:44,0
DA:47,6
DA:48,0
DA:49,0
DA:54,3
DA:69,0
DA:86,1
DA:103,0
DA:112,0
DA:130,3
LF:39
LH:24
BRDA:31,0,0,0
BRDA:31,0,1,0
BRDA:54,1,0,0
BRDA:54,1,1,3
BRDA:54,2,0,3
BRDA:54,2,1,3
BRDA:76,3,0,3
BRDA:79,4,0,2
BRF:8
BRH:5
end_of_record
TN:
SF:src\components\ui\Button\Button.jsx
FN:17,Button
FNF:1
FNH:1
FNDA:40,Button
DA:3,4
DA:17,40
DA:30,40
LF:3
LH:3
BRDA:19,0,0,40
BRDA:20,1,0,40
BRDA:21,2,0,1
BRDA:22,3,0,39
BRDA:23,4,0,0
BRDA:24,5,0,0
BRDA:27,6,0,40
BRDA:34,7,0,40
BRDA:34,7,1,0
BRDA:35,8,0,0
BRDA:35,8,1,40
BRDA:43,9,0,40
BRDA:43,9,1,39
BRDA:49,10,0,0
BRDA:49,10,1,40
BRDA:52,11,0,0
BRDA:52,11,1,40
BRF:17
BRH:11
end_of_record
TN:
SF:src\components\ui\Button\index.js
FNF:0
FNH:0
DA:1,40
LF:1
LH:1
BRF:0
BRH:0
end_of_record
TN:
SF:src\components\ui\Input\Input.jsx
FN:17,Input
FNF:1
FNH:1
FNDA:81,Input
DA:3,4
DA:4,4
DA:17,4
DA:30,81
DA:31,81
DA:32,81
DA:33,81
DA:85,81
LF:8
LH:8
BRDA:24,0,0,1
BRDA:25,1,0,81
BRDA:26,2,0,1
BRDA:27,3,0,81
BRDA:31,4,0,81
BRDA:31,4,1,81
BRDA:32,5,0,0
BRDA:32,5,1,81
BRDA:33,6,0,0
BRDA:33,6,1,81
BRDA:37,7,0,81
BRDA:40,8,0,81
BRDA:44,9,0,0
BRDA:44,9,1,81
BRDA:44,10,0,0
BRDA:44,10,1,81
BRDA:45,11,0,81
BRDA:57,12,0,0
BRDA:57,12,1,81
BRDA:58,13,0,81
BRDA:58,13,1,81
BRDA:63,14,0,81
BRDA:70,15,0,81
BRDA:76,16,0,81
BRDA:76,16,1,0
BRF:25
BRH:19
end_of_record
TN:
SF:src\components\ui\Input\index.js
FNF:0
FNH:0
DA:1,81
LF:1
LH:1
BRF:0
BRH:0
end_of_record
TN:
SF:src\components\ui\Select\Select.jsx
FN:10,Select
FN:50,(anonymous_3)
FNF:2
FNH:0
FNDA:0,Select
FNDA:0,(anonymous_3)
DA:3,1
DA:4,1
DA:10,1
DA:22,0
DA:23,0
DA:24,0
DA:25,0
DA:51,0
DA:74,1
LF:9
LH:4
BRDA:14,0,0,0
BRDA:15,1,0,0
BRDA:17,2,0,0
BRDA:18,3,0,0
BRDA:19,4,0,0
BRDA:23,5,0,0
BRDA:23,5,1,0
BRDA:24,6,0,0
BRDA:24,6,1,0
BRDA:25,7,0,0
BRDA:25,7,1,0
BRDA:29,8,0,0
BRDA:32,9,0,0
BRDA:36,10,0,0
BRDA:36,10,1,0
BRDA:36,11,0,0
BRDA:36,11,1,0
BRDA:42,12,0,0
BRDA:42,12,1,0
BRDA:43,13,0,0
BRDA:43,13,1,0
BRDA:59,14,0,0
BRDA:65,15,0,0
BRDA:65,15,1,0
BRF:24
BRH:0
end_of_record
TN:
SF:src\components\ui\Select\index.js
FNF:0
FNH:0
DA:1,1
LF:1
LH:1
BRF:0
BRH:0
end_of_record
TN:
SF:src\components\ui\Toast\Toast.jsx
FN:11,(anonymous_4)
FN:12,(anonymous_5)
FN:13,(anonymous_6)
FN:16,(anonymous_7)
FN:18,(anonymous_8)
FN:19,(anonymous_9)
FN:22,ToastContainer
FN:26,(anonymous_11)
FN:28,(anonymous_12)
FN:29,(anonymous_13)
FN:30,(anonymous_14)
FN:31,(anonymous_15)
FN:31,(anonymous_16)
FN:36,(anonymous_17)
FN:43,(anonymous_18)
FN:60,(anonymous_19)
FN:60,(anonymous_20)
FN:60,(anonymous_21)
FNF:18
FNH:2
FNDA:0,(anonymous_4)
FNDA:0,(anonymous_5)
FNDA:0,(anonymous_6)
FNDA:2,(anonymous_7)
FNDA:2,(anonymous_8)
FNDA:0,(anonymous_9)
FNDA:0,ToastContainer
FNDA:0,(anonymous_11)
FNDA:0,(anonymous_12)
FNDA:0,(anonymous_13)
FNDA:0,(anonymous_14)
FNDA:0,(anonymous_15)
FNDA:0,(anonymous_16)
FNDA:0,(anonymous_17)
FNDA:0,(anonymous_18)
FNDA:0,(anonymous_19)
FNDA:0,(anonymous_20)
FNDA:0,(anonymous_21)
DA:3,2
DA:4,2
DA:5,2
DA:8,2
DA:9,2
DA:10,2
DA:11,0
DA:12,0
DA:13,0
DA:16,2
DA:18,2
DA:19,2
DA:22,0
DA:23,0
DA:24,0
DA:26,0
DA:27,0
DA:28,0
DA:29,0
DA:30,0
DA:31,0
DA:35,0
DA:36,0
DA:39,0
DA:41,0
DA:44,0
DA:60,0
LF:27
LH:9
BRDA:16,0,0,0
BRDA:39,1,0,0
BRDA:39,1,1,0
BRDA:48,2,0,0
BRDA:48,2,1,0
BRDA:49,3,0,0
BRDA:49,3,1,0
BRDA:50,4,0,0
BRDA:50,4,1,0
BRDA:53,5,0,0
BRDA:54,6,0,0
BRDA:55,7,0,0
BRF:12
BRH:0
end_of_record
TN:
SF:src\store\store.js
FNF:0
FNH:0
DA:1,1
DA:2,1
DA:3,1
DA:4,1
DA:6,4
LF:5
LH:5
BRF:0
BRH:0
end_of_record
TN:
SF:src\store\slices\authSlice.js
FN:8,(anonymous_15)
FN:28,(anonymous_16)
FN:48,(anonymous_17)
FN:68,(anonymous_18)
FN:83,(anonymous_19)
FN:96,(anonymous_20)
FN:129,(anonymous_21)
FN:132,(anonymous_22)
FN:140,(anonymous_23)
FN:148,(anonymous_24)
FN:151,(anonymous_25)
FN:157,(anonymous_26)
FN:160,(anonymous_27)
FN:164,(anonymous_28)
FN:167,(anonymous_29)
FN:171,(anonymous_30)
FN:177,(anonymous_31)
FN:184,(anonymous_32)
FN:188,(anonymous_33)
FN:194,(anonymous_34)
FN:201,(anonymous_35)
FN:205,(anonymous_36)
FN:208,(anonymous_37)
FN:215,(anonymous_38)
FN:218,(anonymous_39)
FN:224,(anonymous_40)
FN:232,(anonymous_41)
FN:243,(anonymous_42)
FN:247,(anonymous_43)
FN:254,(anonymous_44)
FNF:30
FNH:1
FNDA:0,(anonymous_15)
FNDA:0,(anonymous_16)
FNDA:0,(anonymous_17)
FNDA:0,(anonymous_18)
FNDA:0,(anonymous_19)
FNDA:0,(anonymous_20)
FNDA:0,(anonymous_21)
FNDA:0,(anonymous_22)
FNDA:0,(anonymous_23)
FNDA:0,(anonymous_24)
FNDA:0,(anonymous_25)
FNDA:0,(anonymous_26)
FNDA:0,(anonymous_27)
FNDA:1,(anonymous_28)
FNDA:0,(anonymous_29)
FNDA:0,(anonymous_30)
FNDA:0,(anonymous_31)
FNDA:0,(anonymous_32)
FNDA:0,(anonymous_33)
FNDA:0,(anonymous_34)
FNDA:0,(anonymous_35)
FNDA:0,(anonymous_36)
FNDA:0,(anonymous_37)
FNDA:0,(anonymous_38)
FNDA:0,(anonymous_39)
FNDA:0,(anonymous_40)
FNDA:0,(anonymous_41)
FNDA:0,(anonymous_42)
FNDA:0,(anonymous_43)
FNDA:0,(anonymous_44)
DA:1,4
DA:6,4
DA:9,0
DA:10,0
DA:16,0
DA:17,0
DA:18,0
DA:20,0
DA:26,4
DA:29,0
DA:30,0
DA:36,0
DA:37,0
DA:38,0
DA:40,0
DA:46,4
DA:49,0
DA:50,0
DA:56,0
DA:57,0
DA:58,0
DA:60,0
DA:66,4
DA:69,0
DA:70,0
DA:71,0
DA:72,0
DA:73,0
DA:75,0
DA:81,4
DA:84,0
DA:85,0
DA:86,0
DA:88,0
DA:94,4
DA:97,0
DA:98,0
DA:104,0
DA:105,0
DA:106,0
DA:108,0
DA:115,4
DA:125,4
DA:130,0
DA:133,0
DA:134,0
DA:135,0
DA:136,0
DA:137,0
DA:138,0
DA:141,0
DA:142,0
DA:143,0
DA:144,0
DA:145,0
DA:146,0
DA:149,0
DA:152,0
DA:153,0
DA:154,0
DA:166,1
DA:168,0
DA:169,0
DA:172,0
DA:173,0
DA:174,0
DA:175,0
DA:178,0
DA:179,0
DA:183,1
DA:185,0
DA:186,0
DA:189,0
DA:191,0
DA:192,0
DA:195,0
DA:196,0
DA:200,1
DA:202,0
DA:203,0
DA:206,0
DA:209,0
DA:210,0
DA:214,1
DA:216,0
DA:219,0
DA:220,0
DA:221,0
DA:222,0
DA:225,0
DA:226,0
DA:227,0
DA:231,1
DA:233,0
DA:234,0
DA:235,0
DA:236,0
DA:237,0
DA:238,0
DA:242,1
DA:244,0
DA:245,0
DA:248,0
DA:249,0
DA:250,0
DA:251,0
DA:252,0
DA:255,0
DA:256,0
DA:262,0
DA:263,0
DA:264,0
DA:265,0
DA:266,0
DA:267,0
DA:268,0
DA:269,4
DA:271,4
LF:118
LH:17
BRDA:17,0,0,0
BRDA:17,0,1,0
BRDA:37,1,0,0
BRDA:37,1,1,0
BRDA:57,2,0,0
BRDA:57,2,1,0
BRDA:72,3,0,0
BRDA:72,3,1,0
BRDA:105,4,0,0
BRDA:105,4,1,0
BRF:10
BRH:0
end_of_record
TN:
SF:src\store\slices\cartSlice.js
FN:14,(anonymous_9)
FN:16,(anonymous_10)
FN:27,(anonymous_11)
FN:28,(anonymous_12)
FN:30,(anonymous_13)
FN:32,(anonymous_14)
FN:37,(anonymous_15)
FN:40,(anonymous_16)
FN:43,(anonymous_17)
FN:46,(anonymous_18)
FNF:10
FNH:0
FNDA:0,(anonymous_9)
FNDA:0,(anonymous_10)
FNDA:0,(anonymous_11)
FNDA:0,(anonymous_12)
FNDA:0,(anonymous_13)
FNDA:0,(anonymous_14)
FNDA:0,(anonymous_15)
FNDA:0,(anonymous_16)
FNDA:0,(anonymous_17)
FNDA:0,(anonymous_18)
DA:3,1
DA:5,1
DA:10,1
DA:15,0
DA:16,0
DA:18,0
DA:19,0
DA:21,0
DA:28,0
DA:31,0
DA:32,0
DA:33,0
DA:34,0
DA:38,0
DA:41,0
DA:44,0
DA:47,0
DA:53,0
DA:54,0
DA:55,0
DA:56,0
DA:57,0
DA:58,0
DA:59,0
DA:60,1
DA:62,1
LF:26
LH:5
BRDA:18,0,0,0
BRDA:18,0,1,0
BRDA:19,1,0,0
BRDA:19,1,1,0
BRDA:23,2,0,0
BRDA:23,2,1,0
BRDA:33,3,0,0
BRDA:33,3,1,0
BRDA:33,4,0,0
BRDA:33,4,1,0
BRF:10
BRH:0
end_of_record
TN:
SF:src\store\slices\listingSlice.js
FN:41,(anonymous_10)
FN:46,(anonymous_11)
FN:51,(anonymous_12)
FN:54,(anonymous_13)
FN:56,(anonymous_14)
FN:60,(anonymous_15)
FN:66,(anonymous_16)
FN:67,(anonymous_17)
FN:69,(anonymous_18)
FN:72,(anonymous_19)
FNF:10
FNH:0
FNDA:0,(anonymous_10)
FNDA:0,(anonymous_11)
FNDA:0,(anonymous_12)
FNDA:0,(anonymous_13)
FNDA:0,(anonymous_14)
FNDA:0,(anonymous_15)
FNDA:0,(anonymous_16)
FNDA:0,(anonymous_17)
FNDA:0,(anonymous_18)
FNDA:0,(anonymous_19)
DA:1,1
DA:3,1
DA:37,1
DA:42,0
DA:43,0
DA:47,0
DA:48,0
DA:52,0
DA:56,0
DA:57,0
DA:62,0
DA:63,0
DA:67,0
DA:70,0
DA:73,0
DA:79,0
DA:80,0
DA:81,0
DA:82,0
DA:83,0
DA:84,0
DA:85,0
DA:86,0
DA:87,1
DA:89,1
LF:25
LH:5
BRDA:42,0,0,0
BRDA:42,0,1,0
BRDA:47,1,0,0
BRDA:47,1,1,0
BRDA:62,2,0,0
BRDA:62,2,1,0
BRF:6
BRH:0
end_of_record
TN:
SF:src\utils\api.js
FNF:0
FNH:0
DA:1,2
DA:8,2
LF:2
LH:2
BRF:0
BRH:0
end_of_record
