{"C:\\Amrita College\\Git\\Farmer_Connect\\backend\\controllers\\adminController.js": {"path":"C:\\Amrita College\\Git\\Farmer_Connect\\backend\\controllers\\adminController.js","statementMap":{"0":{"start":{"line":2,"column":20},"end":{"line":2,"column":53}},"1":{"start":{"line":9,"column":4},"end":{"line":15,"column":5}},"2":{"start":{"line":10,"column":22},"end":{"line":10,"column":53}},"3":{"start":{"line":11,"column":8},"end":{"line":11,"column":28}},"4":{"start":{"line":13,"column":8},"end":{"line":13,"column":49}},"5":{"start":{"line":14,"column":8},"end":{"line":14,"column":63}},"6":{"start":{"line":23,"column":4},"end":{"line":34,"column":5}},"7":{"start":{"line":24,"column":21},"end":{"line":24,"column":77}},"8":{"start":{"line":26,"column":8},"end":{"line":28,"column":9}},"9":{"start":{"line":27,"column":12},"end":{"line":27,"column":69}},"10":{"start":{"line":30,"column":8},"end":{"line":30,"column":33}},"11":{"start":{"line":32,"column":8},"end":{"line":32,"column":57}},"12":{"start":{"line":33,"column":8},"end":{"line":33,"column":75}},"13":{"start":{"line":42,"column":4},"end":{"line":54,"column":5}},"14":{"start":{"line":43,"column":26},"end":{"line":43,"column":34}},"15":{"start":{"line":44,"column":23},"end":{"line":44,"column":74}},"16":{"start":{"line":46,"column":8},"end":{"line":48,"column":9}},"17":{"start":{"line":47,"column":12},"end":{"line":47,"column":69}},"18":{"start":{"line":50,"column":8},"end":{"line":50,"column":74}},"19":{"start":{"line":52,"column":8},"end":{"line":52,"column":49}},"20":{"start":{"line":53,"column":8},"end":{"line":53,"column":66}},"21":{"start":{"line":62,"column":4},"end":{"line":83,"column":5}},"22":{"start":{"line":63,"column":26},"end":{"line":63,"column":34}},"23":{"start":{"line":65,"column":8},"end":{"line":67,"column":9}},"24":{"start":{"line":66,"column":12},"end":{"line":66,"column":83}},"25":{"start":{"line":69,"column":23},"end":{"line":69,"column":73}},"26":{"start":{"line":71,"column":8},"end":{"line":73,"column":9}},"27":{"start":{"line":72,"column":12},"end":{"line":72,"column":69}},"28":{"start":{"line":75,"column":8},"end":{"line":77,"column":9}},"29":{"start":{"line":76,"column":12},"end":{"line":76,"column":65}},"30":{"start":{"line":79,"column":8},"end":{"line":79,"column":61}},"31":{"start":{"line":81,"column":8},"end":{"line":81,"column":48}},"32":{"start":{"line":82,"column":8},"end":{"line":82,"column":65}},"33":{"start":{"line":91,"column":4},"end":{"line":97,"column":5}},"34":{"start":{"line":92,"column":22},"end":{"line":92,"column":50}},"35":{"start":{"line":93,"column":8},"end":{"line":93,"column":28}},"36":{"start":{"line":95,"column":8},"end":{"line":95,"column":46}},"37":{"start":{"line":96,"column":8},"end":{"line":96,"column":63}},"38":{"start":{"line":104,"column":4},"end":{"line":110,"column":5}},"39":{"start":{"line":105,"column":27},"end":{"line":105,"column":60}},"40":{"start":{"line":106,"column":8},"end":{"line":106,"column":33}},"41":{"start":{"line":108,"column":8},"end":{"line":108,"column":51}},"42":{"start":{"line":109,"column":8},"end":{"line":109,"column":68}},"43":{"start":{"line":117,"column":4},"end":{"line":134,"column":5}},"44":{"start":{"line":118,"column":42},"end":{"line":118,"column":50}},"45":{"start":{"line":120,"column":8},"end":{"line":122,"column":9}},"46":{"start":{"line":121,"column":12},"end":{"line":121,"column":81}},"47":{"start":{"line":124,"column":26},"end":{"line":124,"column":112}},"48":{"start":{"line":126,"column":8},"end":{"line":128,"column":9}},"49":{"start":{"line":127,"column":12},"end":{"line":127,"column":74}},"50":{"start":{"line":130,"column":8},"end":{"line":130,"column":63}},"51":{"start":{"line":132,"column":8},"end":{"line":132,"column":54}},"52":{"start":{"line":133,"column":8},"end":{"line":133,"column":71}},"53":{"start":{"line":138,"column":0},"end":{"line":146,"column":2}}},"fnMap":{"0":{"name":"getAllUsers","decl":{"start":{"line":8,"column":15},"end":{"line":8,"column":26}},"loc":{"start":{"line":8,"column":37},"end":{"line":16,"column":1}},"line":8},"1":{"name":"getUserVerification","decl":{"start":{"line":22,"column":15},"end":{"line":22,"column":34}},"loc":{"start":{"line":22,"column":45},"end":{"line":35,"column":1}},"line":22},"2":{"name":"approveUser","decl":{"start":{"line":41,"column":15},"end":{"line":41,"column":26}},"loc":{"start":{"line":41,"column":37},"end":{"line":55,"column":1}},"line":41},"3":{"name":"rejectUser","decl":{"start":{"line":61,"column":15},"end":{"line":61,"column":25}},"loc":{"start":{"line":61,"column":36},"end":{"line":84,"column":1}},"line":61},"4":{"name":"getStats","decl":{"start":{"line":90,"column":15},"end":{"line":90,"column":23}},"loc":{"start":{"line":90,"column":34},"end":{"line":98,"column":1}},"line":90},"5":{"name":"getComplaints","decl":{"start":{"line":103,"column":15},"end":{"line":103,"column":28}},"loc":{"start":{"line":103,"column":39},"end":{"line":111,"column":1}},"line":103},"6":{"name":"resolveComplaint","decl":{"start":{"line":116,"column":15},"end":{"line":116,"column":31}},"loc":{"start":{"line":116,"column":42},"end":{"line":135,"column":1}},"line":116}},"branchMap":{"0":{"loc":{"start":{"line":26,"column":8},"end":{"line":28,"column":9}},"type":"if","locations":[{"start":{"line":26,"column":8},"end":{"line":28,"column":9}},{"start":{},"end":{}}],"line":26},"1":{"loc":{"start":{"line":46,"column":8},"end":{"line":48,"column":9}},"type":"if","locations":[{"start":{"line":46,"column":8},"end":{"line":48,"column":9}},{"start":{},"end":{}}],"line":46},"2":{"loc":{"start":{"line":65,"column":8},"end":{"line":67,"column":9}},"type":"if","locations":[{"start":{"line":65,"column":8},"end":{"line":67,"column":9}},{"start":{},"end":{}}],"line":65},"3":{"loc":{"start":{"line":71,"column":8},"end":{"line":73,"column":9}},"type":"if","locations":[{"start":{"line":71,"column":8},"end":{"line":73,"column":9}},{"start":{},"end":{}}],"line":71},"4":{"loc":{"start":{"line":75,"column":8},"end":{"line":77,"column":9}},"type":"if","locations":[{"start":{"line":75,"column":8},"end":{"line":77,"column":9}},{"start":{},"end":{}}],"line":75},"5":{"loc":{"start":{"line":120,"column":8},"end":{"line":122,"column":9}},"type":"if","locations":[{"start":{"line":120,"column":8},"end":{"line":122,"column":9}},{"start":{},"end":{}}],"line":120},"6":{"loc":{"start":{"line":124,"column":91},"end":{"line":124,"column":111}},"type":"binary-expr","locations":[{"start":{"line":124,"column":91},"end":{"line":124,"column":97}},{"start":{"line":124,"column":101},"end":{"line":124,"column":111}}],"line":124},"7":{"loc":{"start":{"line":126,"column":8},"end":{"line":128,"column":9}},"type":"if","locations":[{"start":{"line":126,"column":8},"end":{"line":128,"column":9}},{"start":{},"end":{}}],"line":126}},"s":{"0":1,"1":1,"2":1,"3":1,"4":0,"5":0,"6":2,"7":2,"8":2,"9":1,"10":1,"11":0,"12":0,"13":1,"14":1,"15":1,"16":1,"17":0,"18":1,"19":0,"20":0,"21":1,"22":1,"23":1,"24":1,"25":0,"26":0,"27":0,"28":0,"29":0,"30":0,"31":0,"32":0,"33":1,"34":1,"35":1,"36":0,"37":0,"38":1,"39":1,"40":1,"41":0,"42":0,"43":1,"44":1,"45":1,"46":0,"47":1,"48":1,"49":0,"50":1,"51":0,"52":0,"53":1},"f":{"0":1,"1":2,"2":1,"3":1,"4":1,"5":1,"6":1},"b":{"0":[1,1],"1":[0,1],"2":[1,0],"3":[0,0],"4":[0,0],"5":[0,1],"6":[1,0],"7":[0,1]},"_coverageSchema":"1a1c01bbd47fc00a2c39e90264f33305004495a9","hash":"a61c7f74c94d7b7a8917c1b6b3f2195797247105"}
,"C:\\Amrita College\\Git\\Farmer_Connect\\backend\\controllers\\authController.js": {"path":"C:\\Amrita College\\Git\\Farmer_Connect\\backend\\controllers\\authController.js","statementMap":{"0":{"start":{"line":2,"column":19},"end":{"line":2,"column":51}},"1":{"start":{"line":3,"column":11},"end":{"line":3,"column":34}},"2":{"start":{"line":10,"column":4},"end":{"line":42,"column":5}},"3":{"start":{"line":11,"column":8},"end":{"line":11,"column":59}},"4":{"start":{"line":16,"column":12},"end":{"line":16,"column":20}},"5":{"start":{"line":19,"column":21},"end":{"line":19,"column":49}},"6":{"start":{"line":22,"column":8},"end":{"line":24,"column":9}},"7":{"start":{"line":23,"column":12},"end":{"line":23,"column":89}},"8":{"start":{"line":27,"column":23},"end":{"line":30,"column":10}},"9":{"start":{"line":32,"column":8},"end":{"line":34,"column":9}},"10":{"start":{"line":33,"column":12},"end":{"line":33,"column":65}},"11":{"start":{"line":37,"column":8},"end":{"line":37,"column":52}},"12":{"start":{"line":40,"column":8},"end":{"line":40,"column":46}},"13":{"start":{"line":41,"column":8},"end":{"line":41,"column":63}},"14":{"start":{"line":50,"column":4},"end":{"line":81,"column":5}},"15":{"start":{"line":51,"column":42},"end":{"line":51,"column":50}},"16":{"start":{"line":53,"column":8},"end":{"line":55,"column":9}},"17":{"start":{"line":54,"column":12},"end":{"line":54,"column":94}},"18":{"start":{"line":57,"column":23},"end":{"line":57,"column":72}},"19":{"start":{"line":59,"column":8},"end":{"line":66,"column":9}},"20":{"start":{"line":61,"column":31},"end":{"line":61,"column":70}},"21":{"start":{"line":62,"column":12},"end":{"line":65,"column":15}},"22":{"start":{"line":69,"column":8},"end":{"line":74,"column":11}},"23":{"start":{"line":76,"column":8},"end":{"line":76,"column":40}},"24":{"start":{"line":79,"column":8},"end":{"line":79,"column":43}},"25":{"start":{"line":80,"column":8},"end":{"line":80,"column":56}},"26":{"start":{"line":89,"column":4},"end":{"line":107,"column":5}},"27":{"start":{"line":90,"column":58},"end":{"line":90,"column":66}},"28":{"start":{"line":92,"column":8},"end":{"line":94,"column":9}},"29":{"start":{"line":93,"column":12},"end":{"line":93,"column":78}},"30":{"start":{"line":96,"column":23},"end":{"line":96,"column":87}},"31":{"start":{"line":98,"column":8},"end":{"line":100,"column":9}},"32":{"start":{"line":99,"column":12},"end":{"line":99,"column":65}},"33":{"start":{"line":102,"column":8},"end":{"line":102,"column":25}},"34":{"start":{"line":105,"column":8},"end":{"line":105,"column":47}},"35":{"start":{"line":106,"column":8},"end":{"line":106,"column":60}},"36":{"start":{"line":115,"column":4},"end":{"line":141,"column":5}},"37":{"start":{"line":116,"column":36},"end":{"line":116,"column":44}},"38":{"start":{"line":118,"column":8},"end":{"line":120,"column":9}},"39":{"start":{"line":119,"column":12},"end":{"line":119,"column":86}},"40":{"start":{"line":122,"column":23},"end":{"line":122,"column":67}},"41":{"start":{"line":124,"column":8},"end":{"line":126,"column":9}},"42":{"start":{"line":125,"column":12},"end":{"line":125,"column":65}},"43":{"start":{"line":129,"column":8},"end":{"line":134,"column":11}},"44":{"start":{"line":136,"column":8},"end":{"line":136,"column":40}},"45":{"start":{"line":139,"column":8},"end":{"line":139,"column":48}},"46":{"start":{"line":140,"column":8},"end":{"line":140,"column":56}},"47":{"start":{"line":149,"column":4},"end":{"line":175,"column":5}},"48":{"start":{"line":150,"column":21},"end":{"line":150,"column":62}},"49":{"start":{"line":152,"column":8},"end":{"line":154,"column":9}},"50":{"start":{"line":153,"column":12},"end":{"line":153,"column":69}},"51":{"start":{"line":157,"column":26},"end":{"line":157,"column":106}},"52":{"start":{"line":158,"column":25},"end":{"line":158,"column":48}},"53":{"start":{"line":160,"column":8},"end":{"line":170,"column":11}},"54":{"start":{"line":173,"column":8},"end":{"line":173,"column":43}},"55":{"start":{"line":174,"column":8},"end":{"line":174,"column":62}},"56":{"start":{"line":183,"column":4},"end":{"line":183,"column":34}},"57":{"start":{"line":184,"column":4},"end":{"line":184,"column":53}},"58":{"start":{"line":188,"column":0},"end":{"line":195,"column":2}}},"fnMap":{"0":{"name":"register","decl":{"start":{"line":9,"column":15},"end":{"line":9,"column":23}},"loc":{"start":{"line":9,"column":34},"end":{"line":43,"column":1}},"line":9},"1":{"name":"login","decl":{"start":{"line":49,"column":15},"end":{"line":49,"column":20}},"loc":{"start":{"line":49,"column":31},"end":{"line":82,"column":1}},"line":49},"2":{"name":"forgotPin","decl":{"start":{"line":88,"column":15},"end":{"line":88,"column":24}},"loc":{"start":{"line":88,"column":35},"end":{"line":108,"column":1}},"line":88},"3":{"name":"adminLogin","decl":{"start":{"line":114,"column":15},"end":{"line":114,"column":25}},"loc":{"start":{"line":114,"column":36},"end":{"line":142,"column":1}},"line":114},"4":{"name":"getMe","decl":{"start":{"line":148,"column":15},"end":{"line":148,"column":20}},"loc":{"start":{"line":148,"column":31},"end":{"line":176,"column":1}},"line":148},"5":{"name":"logout","decl":{"start":{"line":182,"column":15},"end":{"line":182,"column":21}},"loc":{"start":{"line":182,"column":32},"end":{"line":185,"column":1}},"line":182}},"branchMap":{"0":{"loc":{"start":{"line":19,"column":21},"end":{"line":19,"column":49}},"type":"binary-expr","locations":[{"start":{"line":19,"column":21},"end":{"line":19,"column":34}},{"start":{"line":19,"column":38},"end":{"line":19,"column":49}}],"line":19},"1":{"loc":{"start":{"line":22,"column":8},"end":{"line":24,"column":9}},"type":"if","locations":[{"start":{"line":22,"column":8},"end":{"line":24,"column":9}},{"start":{},"end":{}}],"line":22},"2":{"loc":{"start":{"line":22,"column":12},"end":{"line":22,"column":36}},"type":"binary-expr","locations":[{"start":{"line":22,"column":12},"end":{"line":22,"column":19}},{"start":{"line":22,"column":23},"end":{"line":22,"column":28}},{"start":{"line":22,"column":32},"end":{"line":22,"column":36}}],"line":22},"3":{"loc":{"start":{"line":32,"column":8},"end":{"line":34,"column":9}},"type":"if","locations":[{"start":{"line":32,"column":8},"end":{"line":34,"column":9}},{"start":{},"end":{}}],"line":32},"4":{"loc":{"start":{"line":53,"column":8},"end":{"line":55,"column":9}},"type":"if","locations":[{"start":{"line":53,"column":8},"end":{"line":55,"column":9}},{"start":{},"end":{}}],"line":53},"5":{"loc":{"start":{"line":53,"column":12},"end":{"line":53,"column":40}},"type":"binary-expr","locations":[{"start":{"line":53,"column":12},"end":{"line":53,"column":19}},{"start":{"line":53,"column":23},"end":{"line":53,"column":27}},{"start":{"line":53,"column":31},"end":{"line":53,"column":40}}],"line":53},"6":{"loc":{"start":{"line":59,"column":8},"end":{"line":66,"column":9}},"type":"if","locations":[{"start":{"line":59,"column":8},"end":{"line":66,"column":9}},{"start":{},"end":{}}],"line":59},"7":{"loc":{"start":{"line":61,"column":31},"end":{"line":61,"column":70}},"type":"cond-expr","locations":[{"start":{"line":61,"column":61},"end":{"line":61,"column":64}},{"start":{"line":61,"column":67},"end":{"line":61,"column":70}}],"line":61},"8":{"loc":{"start":{"line":64,"column":24},"end":{"line":64,"column":45}},"type":"binary-expr","locations":[{"start":{"line":64,"column":24},"end":{"line":64,"column":37}},{"start":{"line":64,"column":41},"end":{"line":64,"column":45}}],"line":64},"9":{"loc":{"start":{"line":92,"column":8},"end":{"line":94,"column":9}},"type":"if","locations":[{"start":{"line":92,"column":8},"end":{"line":94,"column":9}},{"start":{},"end":{}}],"line":92},"10":{"loc":{"start":{"line":92,"column":12},"end":{"line":92,"column":59}},"type":"binary-expr","locations":[{"start":{"line":92,"column":12},"end":{"line":92,"column":19}},{"start":{"line":92,"column":23},"end":{"line":92,"column":35}},{"start":{"line":92,"column":39},"end":{"line":92,"column":46}},{"start":{"line":92,"column":50},"end":{"line":92,"column":59}}],"line":92},"11":{"loc":{"start":{"line":98,"column":8},"end":{"line":100,"column":9}},"type":"if","locations":[{"start":{"line":98,"column":8},"end":{"line":100,"column":9}},{"start":{},"end":{}}],"line":98},"12":{"loc":{"start":{"line":118,"column":8},"end":{"line":120,"column":9}},"type":"if","locations":[{"start":{"line":118,"column":8},"end":{"line":120,"column":9}},{"start":{},"end":{}}],"line":118},"13":{"loc":{"start":{"line":118,"column":12},"end":{"line":118,"column":31}},"type":"binary-expr","locations":[{"start":{"line":118,"column":12},"end":{"line":118,"column":18}},{"start":{"line":118,"column":22},"end":{"line":118,"column":31}}],"line":118},"14":{"loc":{"start":{"line":124,"column":8},"end":{"line":126,"column":9}},"type":"if","locations":[{"start":{"line":124,"column":8},"end":{"line":126,"column":9}},{"start":{},"end":{}}],"line":124},"15":{"loc":{"start":{"line":152,"column":8},"end":{"line":154,"column":9}},"type":"if","locations":[{"start":{"line":152,"column":8},"end":{"line":154,"column":9}},{"start":{},"end":{}}],"line":152},"16":{"loc":{"start":{"line":158,"column":25},"end":{"line":158,"column":48}},"type":"binary-expr","locations":[{"start":{"line":158,"column":25},"end":{"line":158,"column":42}},{"start":{"line":158,"column":46},"end":{"line":158,"column":48}}],"line":158},"17":{"loc":{"start":{"line":164,"column":27},"end":{"line":164,"column":47}},"type":"binary-expr","locations":[{"start":{"line":164,"column":27},"end":{"line":164,"column":41}},{"start":{"line":164,"column":45},"end":{"line":164,"column":47}}],"line":164},"18":{"loc":{"start":{"line":165,"column":30},"end":{"line":165,"column":53}},"type":"binary-expr","locations":[{"start":{"line":165,"column":30},"end":{"line":165,"column":47}},{"start":{"line":165,"column":51},"end":{"line":165,"column":53}}],"line":165},"19":{"loc":{"start":{"line":166,"column":25},"end":{"line":166,"column":45}},"type":"binary-expr","locations":[{"start":{"line":166,"column":25},"end":{"line":166,"column":37}},{"start":{"line":166,"column":41},"end":{"line":166,"column":45}}],"line":166},"20":{"loc":{"start":{"line":167,"column":25},"end":{"line":167,"column":45}},"type":"binary-expr","locations":[{"start":{"line":167,"column":25},"end":{"line":167,"column":37}},{"start":{"line":167,"column":41},"end":{"line":167,"column":45}}],"line":167}},"s":{"0":1,"1":1,"2":2,"3":2,"4":2,"5":2,"6":2,"7":1,"8":1,"9":1,"10":0,"11":1,"12":0,"13":0,"14":2,"15":2,"16":2,"17":0,"18":2,"19":2,"20":1,"21":1,"22":1,"23":1,"24":0,"25":0,"26":0,"27":0,"28":0,"29":0,"30":0,"31":0,"32":0,"33":0,"34":0,"35":0,"36":0,"37":0,"38":0,"39":0,"40":0,"41":0,"42":0,"43":0,"44":0,"45":0,"46":0,"47":0,"48":0,"49":0,"50":0,"51":0,"52":0,"53":0,"54":0,"55":0,"56":1,"57":1,"58":1},"f":{"0":2,"1":2,"2":0,"3":0,"4":0,"5":1},"b":{"0":[2,1],"1":[1,1],"2":[2,1,1],"3":[0,1],"4":[0,2],"5":[2,2,2],"6":[1,1],"7":[0,1],"8":[1,1],"9":[0,0],"10":[0,0,0,0],"11":[0,0],"12":[0,0],"13":[0,0],"14":[0,0],"15":[0,0],"16":[0,0],"17":[0,0],"18":[0,0],"19":[0,0],"20":[0,0]},"_coverageSchema":"1a1c01bbd47fc00a2c39e90264f33305004495a9","hash":"6b85ae9be6dc05fb75f470904f396708836f8fdc"}
,"C:\\Amrita College\\Git\\Farmer_Connect\\backend\\controllers\\listingController.js": {"path":"C:\\Amrita College\\Git\\Farmer_Connect\\backend\\controllers\\listingController.js","statementMap":{"0":{"start":{"line":2,"column":22},"end":{"line":2,"column":57}},"1":{"start":{"line":9,"column":4},"end":{"line":17,"column":5}},"2":{"start":{"line":11,"column":24},"end":{"line":11,"column":80}},"3":{"start":{"line":13,"column":8},"end":{"line":13,"column":42}},"4":{"start":{"line":15,"column":8},"end":{"line":15,"column":51}},"5":{"start":{"line":16,"column":8},"end":{"line":16,"column":68}},"6":{"start":{"line":25,"column":4},"end":{"line":33,"column":5}},"7":{"start":{"line":27,"column":25},"end":{"line":27,"column":67}},"8":{"start":{"line":29,"column":8},"end":{"line":29,"column":31}},"9":{"start":{"line":31,"column":8},"end":{"line":31,"column":49}},"10":{"start":{"line":32,"column":8},"end":{"line":32,"column":66}},"11":{"start":{"line":41,"column":4},"end":{"line":48,"column":5}},"12":{"start":{"line":42,"column":25},"end":{"line":42,"column":71}},"13":{"start":{"line":44,"column":8},"end":{"line":44,"column":31}},"14":{"start":{"line":46,"column":8},"end":{"line":46,"column":51}},"15":{"start":{"line":47,"column":8},"end":{"line":47,"column":66}},"16":{"start":{"line":56,"column":4},"end":{"line":68,"column":5}},"17":{"start":{"line":57,"column":24},"end":{"line":57,"column":73}},"18":{"start":{"line":60,"column":8},"end":{"line":62,"column":9}},"19":{"start":{"line":61,"column":12},"end":{"line":61,"column":72}},"20":{"start":{"line":64,"column":8},"end":{"line":64,"column":30}},"21":{"start":{"line":66,"column":8},"end":{"line":66,"column":52}},"22":{"start":{"line":67,"column":8},"end":{"line":67,"column":65}},"23":{"start":{"line":76,"column":4},"end":{"line":92,"column":5}},"24":{"start":{"line":78,"column":24},"end":{"line":82,"column":9}},"25":{"start":{"line":84,"column":8},"end":{"line":86,"column":9}},"26":{"start":{"line":85,"column":12},"end":{"line":85,"column":90}},"27":{"start":{"line":88,"column":8},"end":{"line":88,"column":30}},"28":{"start":{"line":90,"column":8},"end":{"line":90,"column":51}},"29":{"start":{"line":91,"column":8},"end":{"line":91,"column":68}},"30":{"start":{"line":100,"column":4},"end":{"line":122,"column":5}},"31":{"start":{"line":101,"column":27},"end":{"line":101,"column":35}},"32":{"start":{"line":104,"column":8},"end":{"line":106,"column":9}},"33":{"start":{"line":105,"column":12},"end":{"line":105,"column":73}},"34":{"start":{"line":108,"column":24},"end":{"line":112,"column":9}},"35":{"start":{"line":114,"column":8},"end":{"line":116,"column":9}},"36":{"start":{"line":115,"column":12},"end":{"line":115,"column":90}},"37":{"start":{"line":118,"column":8},"end":{"line":118,"column":30}},"38":{"start":{"line":120,"column":8},"end":{"line":120,"column":50}},"39":{"start":{"line":121,"column":8},"end":{"line":121,"column":75}},"40":{"start":{"line":130,"column":4},"end":{"line":144,"column":5}},"41":{"start":{"line":131,"column":24},"end":{"line":134,"column":9}},"42":{"start":{"line":136,"column":8},"end":{"line":138,"column":9}},"43":{"start":{"line":137,"column":12},"end":{"line":137,"column":90}},"44":{"start":{"line":140,"column":8},"end":{"line":140,"column":62}},"45":{"start":{"line":142,"column":8},"end":{"line":142,"column":51}},"46":{"start":{"line":143,"column":8},"end":{"line":143,"column":68}},"47":{"start":{"line":148,"column":0},"end":{"line":156,"column":2}}},"fnMap":{"0":{"name":"createListing","decl":{"start":{"line":8,"column":15},"end":{"line":8,"column":28}},"loc":{"start":{"line":8,"column":39},"end":{"line":18,"column":1}},"line":8},"1":{"name":"getListings","decl":{"start":{"line":24,"column":15},"end":{"line":24,"column":26}},"loc":{"start":{"line":24,"column":37},"end":{"line":34,"column":1}},"line":24},"2":{"name":"getMyListings","decl":{"start":{"line":40,"column":15},"end":{"line":40,"column":28}},"loc":{"start":{"line":40,"column":39},"end":{"line":49,"column":1}},"line":40},"3":{"name":"getListingById","decl":{"start":{"line":55,"column":15},"end":{"line":55,"column":29}},"loc":{"start":{"line":55,"column":40},"end":{"line":69,"column":1}},"line":55},"4":{"name":"updateListing","decl":{"start":{"line":75,"column":15},"end":{"line":75,"column":28}},"loc":{"start":{"line":75,"column":39},"end":{"line":93,"column":1}},"line":75},"5":{"name":"updateStatus","decl":{"start":{"line":99,"column":15},"end":{"line":99,"column":27}},"loc":{"start":{"line":99,"column":38},"end":{"line":123,"column":1}},"line":99},"6":{"name":"deleteListing","decl":{"start":{"line":129,"column":15},"end":{"line":129,"column":28}},"loc":{"start":{"line":129,"column":39},"end":{"line":145,"column":1}},"line":129}},"branchMap":{"0":{"loc":{"start":{"line":60,"column":8},"end":{"line":62,"column":9}},"type":"if","locations":[{"start":{"line":60,"column":8},"end":{"line":62,"column":9}},{"start":{},"end":{}}],"line":60},"1":{"loc":{"start":{"line":84,"column":8},"end":{"line":86,"column":9}},"type":"if","locations":[{"start":{"line":84,"column":8},"end":{"line":86,"column":9}},{"start":{},"end":{}}],"line":84},"2":{"loc":{"start":{"line":104,"column":8},"end":{"line":106,"column":9}},"type":"if","locations":[{"start":{"line":104,"column":8},"end":{"line":106,"column":9}},{"start":{},"end":{}}],"line":104},"3":{"loc":{"start":{"line":114,"column":8},"end":{"line":116,"column":9}},"type":"if","locations":[{"start":{"line":114,"column":8},"end":{"line":116,"column":9}},{"start":{},"end":{}}],"line":114},"4":{"loc":{"start":{"line":136,"column":8},"end":{"line":138,"column":9}},"type":"if","locations":[{"start":{"line":136,"column":8},"end":{"line":138,"column":9}},{"start":{},"end":{}}],"line":136}},"s":{"0":1,"1":1,"2":1,"3":1,"4":0,"5":0,"6":1,"7":1,"8":1,"9":0,"10":0,"11":1,"12":1,"13":1,"14":0,"15":0,"16":2,"17":2,"18":2,"19":1,"20":1,"21":0,"22":0,"23":1,"24":1,"25":1,"26":0,"27":1,"28":0,"29":0,"30":1,"31":1,"32":1,"33":1,"34":0,"35":0,"36":0,"37":0,"38":0,"39":0,"40":1,"41":1,"42":1,"43":0,"44":1,"45":0,"46":0,"47":1},"f":{"0":1,"1":1,"2":1,"3":2,"4":1,"5":1,"6":1},"b":{"0":[1,1],"1":[0,1],"2":[1,0],"3":[0,0],"4":[0,1]},"_coverageSchema":"1a1c01bbd47fc00a2c39e90264f33305004495a9","hash":"bf8b61b538d5eeb4041d8a0d854c884bfc82bce6"}
,"C:\\Amrita College\\Git\\Farmer_Connect\\backend\\controllers\\orderController.js": {"path":"C:\\Amrita College\\Git\\Farmer_Connect\\backend\\controllers\\orderController.js","statementMap":{"0":{"start":{"line":2,"column":20},"end":{"line":2,"column":53}},"1":{"start":{"line":9,"column":4},"end":{"line":38,"column":5}},"2":{"start":{"line":10,"column":71},"end":{"line":10,"column":79}},"3":{"start":{"line":13,"column":8},"end":{"line":15,"column":9}},"4":{"start":{"line":14,"column":12},"end":{"line":14,"column":91}},"5":{"start":{"line":18,"column":8},"end":{"line":20,"column":9}},"6":{"start":{"line":19,"column":12},"end":{"line":19,"column":83}},"7":{"start":{"line":23,"column":22},"end":{"line":28,"column":10}},"8":{"start":{"line":30,"column":8},"end":{"line":33,"column":11}},"9":{"start":{"line":36,"column":8},"end":{"line":36,"column":49}},"10":{"start":{"line":37,"column":8},"end":{"line":37,"column":65}},"11":{"start":{"line":46,"column":4},"end":{"line":58,"column":5}},"12":{"start":{"line":48,"column":23},"end":{"line":51,"column":9}},"13":{"start":{"line":53,"column":8},"end":{"line":53,"column":29}},"14":{"start":{"line":56,"column":8},"end":{"line":56,"column":49}},"15":{"start":{"line":57,"column":8},"end":{"line":57,"column":64}},"16":{"start":{"line":66,"column":4},"end":{"line":79,"column":5}},"17":{"start":{"line":67,"column":22},"end":{"line":67,"column":67}},"18":{"start":{"line":70,"column":8},"end":{"line":72,"column":9}},"19":{"start":{"line":71,"column":12},"end":{"line":71,"column":70}},"20":{"start":{"line":74,"column":8},"end":{"line":74,"column":28}},"21":{"start":{"line":77,"column":8},"end":{"line":77,"column":50}},"22":{"start":{"line":78,"column":8},"end":{"line":78,"column":63}},"23":{"start":{"line":87,"column":4},"end":{"line":112,"column":5}},"24":{"start":{"line":88,"column":27},"end":{"line":88,"column":35}},"25":{"start":{"line":91,"column":8},"end":{"line":93,"column":9}},"26":{"start":{"line":92,"column":12},"end":{"line":92,"column":73}},"27":{"start":{"line":95,"column":22},"end":{"line":98,"column":9}},"28":{"start":{"line":100,"column":8},"end":{"line":102,"column":9}},"29":{"start":{"line":101,"column":12},"end":{"line":101,"column":70}},"30":{"start":{"line":104,"column":8},"end":{"line":107,"column":11}},"31":{"start":{"line":110,"column":8},"end":{"line":110,"column":55}},"32":{"start":{"line":111,"column":8},"end":{"line":111,"column":73}},"33":{"start":{"line":120,"column":4},"end":{"line":142,"column":5}},"34":{"start":{"line":121,"column":43},"end":{"line":121,"column":51}},"35":{"start":{"line":123,"column":8},"end":{"line":125,"column":9}},"36":{"start":{"line":124,"column":12},"end":{"line":124,"column":94}},"37":{"start":{"line":127,"column":26},"end":{"line":132,"column":9}},"38":{"start":{"line":134,"column":8},"end":{"line":137,"column":11}},"39":{"start":{"line":140,"column":8},"end":{"line":140,"column":53}},"40":{"start":{"line":141,"column":8},"end":{"line":141,"column":69}},"41":{"start":{"line":146,"column":0},"end":{"line":152,"column":2}}},"fnMap":{"0":{"name":"createOrder","decl":{"start":{"line":8,"column":15},"end":{"line":8,"column":26}},"loc":{"start":{"line":8,"column":37},"end":{"line":39,"column":1}},"line":8},"1":{"name":"getMyOrders","decl":{"start":{"line":45,"column":15},"end":{"line":45,"column":26}},"loc":{"start":{"line":45,"column":37},"end":{"line":59,"column":1}},"line":45},"2":{"name":"getOrderById","decl":{"start":{"line":65,"column":15},"end":{"line":65,"column":27}},"loc":{"start":{"line":65,"column":38},"end":{"line":80,"column":1}},"line":65},"3":{"name":"updateOrderStatus","decl":{"start":{"line":86,"column":15},"end":{"line":86,"column":32}},"loc":{"start":{"line":86,"column":43},"end":{"line":113,"column":1}},"line":86},"4":{"name":"createComplaint","decl":{"start":{"line":119,"column":15},"end":{"line":119,"column":30}},"loc":{"start":{"line":119,"column":41},"end":{"line":143,"column":1}},"line":119}},"branchMap":{"0":{"loc":{"start":{"line":13,"column":8},"end":{"line":15,"column":9}},"type":"if","locations":[{"start":{"line":13,"column":8},"end":{"line":15,"column":9}},{"start":{},"end":{}}],"line":13},"1":{"loc":{"start":{"line":13,"column":12},"end":{"line":13,"column":40}},"type":"binary-expr","locations":[{"start":{"line":13,"column":12},"end":{"line":13,"column":18}},{"start":{"line":13,"column":22},"end":{"line":13,"column":40}}],"line":13},"2":{"loc":{"start":{"line":18,"column":8},"end":{"line":20,"column":9}},"type":"if","locations":[{"start":{"line":18,"column":8},"end":{"line":20,"column":9}},{"start":{},"end":{}}],"line":18},"3":{"loc":{"start":{"line":27,"column":25},"end":{"line":27,"column":41}},"type":"binary-expr","locations":[{"start":{"line":27,"column":25},"end":{"line":27,"column":36}},{"start":{"line":27,"column":40},"end":{"line":27,"column":41}}],"line":27},"4":{"loc":{"start":{"line":70,"column":8},"end":{"line":72,"column":9}},"type":"if","locations":[{"start":{"line":70,"column":8},"end":{"line":72,"column":9}},{"start":{},"end":{}}],"line":70},"5":{"loc":{"start":{"line":91,"column":8},"end":{"line":93,"column":9}},"type":"if","locations":[{"start":{"line":91,"column":8},"end":{"line":93,"column":9}},{"start":{},"end":{}}],"line":91},"6":{"loc":{"start":{"line":100,"column":8},"end":{"line":102,"column":9}},"type":"if","locations":[{"start":{"line":100,"column":8},"end":{"line":102,"column":9}},{"start":{},"end":{}}],"line":100},"7":{"loc":{"start":{"line":123,"column":8},"end":{"line":125,"column":9}},"type":"if","locations":[{"start":{"line":123,"column":8},"end":{"line":125,"column":9}},{"start":{},"end":{}}],"line":123},"8":{"loc":{"start":{"line":123,"column":12},"end":{"line":123,"column":38}},"type":"binary-expr","locations":[{"start":{"line":123,"column":12},"end":{"line":123,"column":22}},{"start":{"line":123,"column":26},"end":{"line":123,"column":38}}],"line":123}},"s":{"0":1,"1":2,"2":2,"3":2,"4":1,"5":1,"6":0,"7":1,"8":1,"9":0,"10":0,"11":1,"12":1,"13":1,"14":0,"15":0,"16":2,"17":2,"18":2,"19":1,"20":1,"21":0,"22":0,"23":2,"24":2,"25":2,"26":1,"27":1,"28":1,"29":0,"30":1,"31":0,"32":0,"33":1,"34":1,"35":1,"36":0,"37":1,"38":1,"39":0,"40":0,"41":1},"f":{"0":2,"1":1,"2":2,"3":2,"4":1},"b":{"0":[1,1],"1":[2,2],"2":[0,1],"3":[1,1],"4":[1,1],"5":[1,1],"6":[0,1],"7":[0,1],"8":[1,1]},"_coverageSchema":"1a1c01bbd47fc00a2c39e90264f33305004495a9","hash":"f38a036e18c24495cca9e6233a9933d9e4c636ec"}
,"C:\\Amrita College\\Git\\Farmer_Connect\\backend\\controllers\\userController.js": {"path":"C:\\Amrita College\\Git\\Farmer_Connect\\backend\\controllers\\userController.js","statementMap":{"0":{"start":{"line":1,"column":19},"end":{"line":1,"column":51}},"1":{"start":{"line":2,"column":13},"end":{"line":2,"column":28}},"2":{"start":{"line":9,"column":4},"end":{"line":20,"column":5}},"3":{"start":{"line":10,"column":24},"end":{"line":10,"column":64}},"4":{"start":{"line":12,"column":8},"end":{"line":14,"column":9}},"5":{"start":{"line":13,"column":12},"end":{"line":13,"column":72}},"6":{"start":{"line":16,"column":8},"end":{"line":16,"column":30}},"7":{"start":{"line":18,"column":8},"end":{"line":18,"column":48}},"8":{"start":{"line":19,"column":8},"end":{"line":19,"column":65}},"9":{"start":{"line":28,"column":4},"end":{"line":39,"column":5}},"10":{"start":{"line":29,"column":23},"end":{"line":29,"column":76}},"11":{"start":{"line":31,"column":8},"end":{"line":33,"column":9}},"12":{"start":{"line":32,"column":12},"end":{"line":32,"column":69}},"13":{"start":{"line":35,"column":8},"end":{"line":35,"column":62}},"14":{"start":{"line":37,"column":8},"end":{"line":37,"column":51}},"15":{"start":{"line":38,"column":8},"end":{"line":38,"column":68}},"16":{"start":{"line":47,"column":4},"end":{"line":69,"column":5}},"17":{"start":{"line":48,"column":8},"end":{"line":50,"column":9}},"18":{"start":{"line":49,"column":12},"end":{"line":49,"column":71}},"19":{"start":{"line":52,"column":28},"end":{"line":52,"column":59}},"20":{"start":{"line":53,"column":29},"end":{"line":53,"column":68}},"21":{"start":{"line":55,"column":23},"end":{"line":55,"column":94}},"22":{"start":{"line":57,"column":8},"end":{"line":59,"column":9}},"23":{"start":{"line":58,"column":12},"end":{"line":58,"column":69}},"24":{"start":{"line":61,"column":8},"end":{"line":65,"column":11}},"25":{"start":{"line":67,"column":8},"end":{"line":67,"column":52}},"26":{"start":{"line":68,"column":8},"end":{"line":68,"column":69}},"27":{"start":{"line":77,"column":4},"end":{"line":97,"column":5}},"28":{"start":{"line":78,"column":8},"end":{"line":80,"column":9}},"29":{"start":{"line":79,"column":12},"end":{"line":79,"column":71}},"30":{"start":{"line":82,"column":25},"end":{"line":82,"column":56}},"31":{"start":{"line":83,"column":23},"end":{"line":83,"column":81}},"32":{"start":{"line":85,"column":8},"end":{"line":87,"column":9}},"33":{"start":{"line":86,"column":12},"end":{"line":86,"column":69}},"34":{"start":{"line":89,"column":8},"end":{"line":93,"column":11}},"35":{"start":{"line":95,"column":8},"end":{"line":95,"column":56}},"36":{"start":{"line":96,"column":8},"end":{"line":96,"column":66}},"37":{"start":{"line":105,"column":4},"end":{"line":115,"column":5}},"38":{"start":{"line":106,"column":23},"end":{"line":106,"column":77}},"39":{"start":{"line":108,"column":8},"end":{"line":111,"column":11}},"40":{"start":{"line":113,"column":8},"end":{"line":113,"column":52}},"41":{"start":{"line":114,"column":8},"end":{"line":114,"column":69}},"42":{"start":{"line":123,"column":4},"end":{"line":133,"column":5}},"43":{"start":{"line":124,"column":23},"end":{"line":124,"column":80}},"44":{"start":{"line":126,"column":8},"end":{"line":129,"column":11}},"45":{"start":{"line":131,"column":8},"end":{"line":131,"column":55}},"46":{"start":{"line":132,"column":8},"end":{"line":132,"column":72}},"47":{"start":{"line":136,"column":0},"end":{"line":143,"column":2}}},"fnMap":{"0":{"name":"getProfile","decl":{"start":{"line":8,"column":15},"end":{"line":8,"column":25}},"loc":{"start":{"line":8,"column":36},"end":{"line":21,"column":1}},"line":8},"1":{"name":"updateProfile","decl":{"start":{"line":27,"column":15},"end":{"line":27,"column":28}},"loc":{"start":{"line":27,"column":39},"end":{"line":40,"column":1}},"line":27},"2":{"name":"uploadDocument","decl":{"start":{"line":46,"column":15},"end":{"line":46,"column":29}},"loc":{"start":{"line":46,"column":40},"end":{"line":70,"column":1}},"line":46},"3":{"name":"uploadProfilePhoto","decl":{"start":{"line":76,"column":15},"end":{"line":76,"column":33}},"loc":{"start":{"line":76,"column":44},"end":{"line":98,"column":1}},"line":76},"4":{"name":"updateLocation","decl":{"start":{"line":104,"column":15},"end":{"line":104,"column":29}},"loc":{"start":{"line":104,"column":40},"end":{"line":116,"column":1}},"line":104},"5":{"name":"updatePreferences","decl":{"start":{"line":122,"column":15},"end":{"line":122,"column":32}},"loc":{"start":{"line":122,"column":43},"end":{"line":134,"column":1}},"line":122}},"branchMap":{"0":{"loc":{"start":{"line":12,"column":8},"end":{"line":14,"column":9}},"type":"if","locations":[{"start":{"line":12,"column":8},"end":{"line":14,"column":9}},{"start":{},"end":{}}],"line":12},"1":{"loc":{"start":{"line":31,"column":8},"end":{"line":33,"column":9}},"type":"if","locations":[{"start":{"line":31,"column":8},"end":{"line":33,"column":9}},{"start":{},"end":{}}],"line":31},"2":{"loc":{"start":{"line":48,"column":8},"end":{"line":50,"column":9}},"type":"if","locations":[{"start":{"line":48,"column":8},"end":{"line":50,"column":9}},{"start":{},"end":{}}],"line":48},"3":{"loc":{"start":{"line":53,"column":29},"end":{"line":53,"column":68}},"type":"binary-expr","locations":[{"start":{"line":53,"column":29},"end":{"line":53,"column":50}},{"start":{"line":53,"column":54},"end":{"line":53,"column":68}}],"line":53},"4":{"loc":{"start":{"line":57,"column":8},"end":{"line":59,"column":9}},"type":"if","locations":[{"start":{"line":57,"column":8},"end":{"line":59,"column":9}},{"start":{},"end":{}}],"line":57},"5":{"loc":{"start":{"line":78,"column":8},"end":{"line":80,"column":9}},"type":"if","locations":[{"start":{"line":78,"column":8},"end":{"line":80,"column":9}},{"start":{},"end":{}}],"line":78},"6":{"loc":{"start":{"line":85,"column":8},"end":{"line":87,"column":9}},"type":"if","locations":[{"start":{"line":85,"column":8},"end":{"line":87,"column":9}},{"start":{},"end":{}}],"line":85}},"s":{"0":1,"1":1,"2":2,"3":2,"4":2,"5":1,"6":1,"7":0,"8":0,"9":1,"10":1,"11":1,"12":0,"13":1,"14":0,"15":0,"16":1,"17":1,"18":0,"19":1,"20":1,"21":1,"22":1,"23":0,"24":1,"25":0,"26":0,"27":1,"28":1,"29":0,"30":1,"31":1,"32":1,"33":0,"34":1,"35":0,"36":0,"37":1,"38":1,"39":1,"40":0,"41":0,"42":1,"43":1,"44":1,"45":0,"46":0,"47":1},"f":{"0":2,"1":1,"2":1,"3":1,"4":1,"5":1},"b":{"0":[1,1],"1":[0,1],"2":[0,1],"3":[1,1],"4":[0,1],"5":[0,1],"6":[0,1]},"_coverageSchema":"1a1c01bbd47fc00a2c39e90264f33305004495a9","hash":"57c4fd75072fa2969cd7d6dd8fee98e46eab2fbe"}
,"C:\\Amrita College\\Git\\Farmer_Connect\\backend\\controllers\\voiceController.js": {"path":"C:\\Amrita College\\Git\\Farmer_Connect\\backend\\controllers\\voiceController.js","statementMap":{"0":{"start":{"line":1,"column":28},"end":{"line":12,"column":1}},"1":{"start":{"line":15,"column":25},"end":{"line":71,"column":1}},"2":{"start":{"line":77,"column":30},"end":{"line":82,"column":1}},"3":{"start":{"line":78,"column":4},"end":{"line":81,"column":7}},"4":{"start":{"line":89,"column":23},"end":{"line":150,"column":1}},"5":{"start":{"line":90,"column":38},"end":{"line":90,"column":46}},"6":{"start":{"line":92,"column":4},"end":{"line":94,"column":5}},"7":{"start":{"line":93,"column":8},"end":{"line":93,"column":67}},"8":{"start":{"line":96,"column":20},"end":{"line":96,"column":45}},"9":{"start":{"line":97,"column":17},"end":{"line":97,"column":21}},"10":{"start":{"line":98,"column":17},"end":{"line":98,"column":19}},"11":{"start":{"line":101,"column":4},"end":{"line":123,"column":5}},"12":{"start":{"line":102,"column":25},"end":{"line":102,"column":75}},"13":{"start":{"line":103,"column":8},"end":{"line":121,"column":9}},"14":{"start":{"line":104,"column":12},"end":{"line":120,"column":13}},"15":{"start":{"line":105,"column":16},"end":{"line":105,"column":32}},"16":{"start":{"line":108,"column":16},"end":{"line":117,"column":17}},"17":{"start":{"line":109,"column":43},"end":{"line":109,"column":87}},"18":{"start":{"line":110,"column":32},"end":{"line":110,"column":39}},"19":{"start":{"line":111,"column":20},"end":{"line":113,"column":21}},"20":{"start":{"line":112,"column":24},"end":{"line":112,"column":75}},"21":{"start":{"line":115,"column":20},"end":{"line":115,"column":91}},"22":{"start":{"line":116,"column":20},"end":{"line":116,"column":41}},"23":{"start":{"line":119,"column":16},"end":{"line":119,"column":22}},"24":{"start":{"line":122,"column":8},"end":{"line":122,"column":26}},"25":{"start":{"line":122,"column":20},"end":{"line":122,"column":26}},"26":{"start":{"line":125,"column":4},"end":{"line":132,"column":5}},"27":{"start":{"line":126,"column":8},"end":{"line":131,"column":11}},"28":{"start":{"line":135,"column":21},"end":{"line":141,"column":5}},"29":{"start":{"line":143,"column":4},"end":{"line":149,"column":7}},"30":{"start":{"line":152,"column":0},"end":{"line":155,"column":2}}},"fnMap":{"0":{"name":"(anonymous_0)","decl":{"start":{"line":77,"column":30},"end":{"line":77,"column":31}},"loc":{"start":{"line":77,"column":44},"end":{"line":82,"column":1}},"line":77},"1":{"name":"(anonymous_1)","decl":{"start":{"line":89,"column":23},"end":{"line":89,"column":24}},"loc":{"start":{"line":89,"column":37},"end":{"line":150,"column":1}},"line":89}},"branchMap":{"0":{"loc":{"start":{"line":90,"column":18},"end":{"line":90,"column":33}},"type":"default-arg","locations":[{"start":{"line":90,"column":29},"end":{"line":90,"column":33}}],"line":90},"1":{"loc":{"start":{"line":92,"column":4},"end":{"line":94,"column":5}},"type":"if","locations":[{"start":{"line":92,"column":4},"end":{"line":94,"column":5}},{"start":{},"end":{}}],"line":92},"2":{"loc":{"start":{"line":92,"column":8},"end":{"line":92,"column":41}},"type":"binary-expr","locations":[{"start":{"line":92,"column":8},"end":{"line":92,"column":13}},{"start":{"line":92,"column":17},"end":{"line":92,"column":41}}],"line":92},"3":{"loc":{"start":{"line":102,"column":25},"end":{"line":102,"column":75}},"type":"binary-expr","locations":[{"start":{"line":102,"column":25},"end":{"line":102,"column":47}},{"start":{"line":102,"column":51},"end":{"line":102,"column":69}},{"start":{"line":102,"column":73},"end":{"line":102,"column":75}}],"line":102},"4":{"loc":{"start":{"line":104,"column":12},"end":{"line":120,"column":13}},"type":"if","locations":[{"start":{"line":104,"column":12},"end":{"line":120,"column":13}},{"start":{},"end":{}}],"line":104},"5":{"loc":{"start":{"line":108,"column":16},"end":{"line":117,"column":17}},"type":"if","locations":[{"start":{"line":108,"column":16},"end":{"line":117,"column":17}},{"start":{},"end":{}}],"line":108},"6":{"loc":{"start":{"line":109,"column":43},"end":{"line":109,"column":87}},"type":"binary-expr","locations":[{"start":{"line":109,"column":43},"end":{"line":109,"column":65}},{"start":{"line":109,"column":69},"end":{"line":109,"column":87}}],"line":109},"7":{"loc":{"start":{"line":122,"column":8},"end":{"line":122,"column":26}},"type":"if","locations":[{"start":{"line":122,"column":8},"end":{"line":122,"column":26}},{"start":{},"end":{}}],"line":122},"8":{"loc":{"start":{"line":125,"column":4},"end":{"line":132,"column":5}},"type":"if","locations":[{"start":{"line":125,"column":4},"end":{"line":132,"column":5}},{"start":{},"end":{}}],"line":125}},"s":{"0":1,"1":1,"2":1,"3":1,"4":1,"5":4,"6":4,"7":1,"8":3,"9":3,"10":3,"11":3,"12":11,"13":11,"14":31,"15":2,"16":2,"17":1,"18":1,"19":1,"20":3,"21":1,"22":1,"23":2,"24":11,"25":2,"26":3,"27":1,"28":2,"29":2,"30":1},"f":{"0":1,"1":4},"b":{"0":[1],"1":[1,3],"2":[4,3],"3":[11,0,0],"4":[2,29],"5":[1,1],"6":[1,0],"7":[2,9],"8":[1,2]},"_coverageSchema":"1a1c01bbd47fc00a2c39e90264f33305004495a9","hash":"b78705fbac44cbbf7f2e94813957ed739e397c9f"}
,"C:\\Amrita College\\Git\\Farmer_Connect\\backend\\modules\\authModule.js": {"path":"C:\\Amrita College\\Git\\Farmer_Connect\\backend\\modules\\authModule.js","statementMap":{"0":{"start":{"line":1,"column":11},"end":{"line":1,"column":34}},"1":{"start":{"line":2,"column":12},"end":{"line":2,"column":35}},"2":{"start":{"line":3,"column":15},"end":{"line":3,"column":34}},"3":{"start":{"line":6,"column":27},"end":{"line":6,"column":28}},"4":{"start":{"line":7,"column":30},"end":{"line":7,"column":32}},"5":{"start":{"line":12,"column":21},"end":{"line":15,"column":5}},"6":{"start":{"line":17,"column":4},"end":{"line":19,"column":5}},"7":{"start":{"line":18,"column":8},"end":{"line":18,"column":74}},"8":{"start":{"line":22,"column":20},"end":{"line":22,"column":46}},"9":{"start":{"line":25,"column":21},"end":{"line":25,"column":23}},"10":{"start":{"line":26,"column":4},"end":{"line":26,"column":30}},"11":{"start":{"line":26,"column":14},"end":{"line":26,"column":30}},"12":{"start":{"line":27,"column":4},"end":{"line":27,"column":60}},"13":{"start":{"line":27,"column":43},"end":{"line":27,"column":60}},"14":{"start":{"line":28,"column":4},"end":{"line":28,"column":52}},"15":{"start":{"line":28,"column":35},"end":{"line":28,"column":52}},"16":{"start":{"line":29,"column":4},"end":{"line":29,"column":49}},"17":{"start":{"line":29,"column":33},"end":{"line":29,"column":49}},"18":{"start":{"line":31,"column":19},"end":{"line":44,"column":5}},"19":{"start":{"line":46,"column":17},"end":{"line":46,"column":31}},"20":{"start":{"line":49,"column":4},"end":{"line":52,"column":6}},"21":{"start":{"line":53,"column":4},"end":{"line":56,"column":6}},"22":{"start":{"line":58,"column":4},"end":{"line":58,"column":38}},"23":{"start":{"line":64,"column":23},"end":{"line":67,"column":5}},"24":{"start":{"line":69,"column":4},"end":{"line":71,"column":5}},"25":{"start":{"line":70,"column":8},"end":{"line":70,"column":69}},"26":{"start":{"line":73,"column":17},"end":{"line":73,"column":35}},"27":{"start":{"line":76,"column":4},"end":{"line":79,"column":5}},"28":{"start":{"line":77,"column":33},"end":{"line":77,"column":92}},"29":{"start":{"line":78,"column":8},"end":{"line":78,"column":88}},"30":{"start":{"line":82,"column":4},"end":{"line":88,"column":5}},"31":{"start":{"line":83,"column":8},"end":{"line":86,"column":10}},"32":{"start":{"line":87,"column":8},"end":{"line":87,"column":39}},"33":{"start":{"line":91,"column":20},"end":{"line":91,"column":60}},"34":{"start":{"line":93,"column":4},"end":{"line":111,"column":5}},"35":{"start":{"line":94,"column":28},"end":{"line":94,"column":65}},"36":{"start":{"line":96,"column":8},"end":{"line":110,"column":9}},"37":{"start":{"line":98,"column":30},"end":{"line":98,"column":86}},"38":{"start":{"line":99,"column":12},"end":{"line":102,"column":14}},"39":{"start":{"line":103,"column":12},"end":{"line":103,"column":111}},"40":{"start":{"line":105,"column":12},"end":{"line":108,"column":14}},"41":{"start":{"line":109,"column":12},"end":{"line":109,"column":105}},"42":{"start":{"line":114,"column":4},"end":{"line":117,"column":6}},"43":{"start":{"line":120,"column":4},"end":{"line":122,"column":5}},"44":{"start":{"line":121,"column":8},"end":{"line":121,"column":84}},"45":{"start":{"line":125,"column":18},"end":{"line":125,"column":37}},"46":{"start":{"line":126,"column":4},"end":{"line":126,"column":45}},"47":{"start":{"line":132,"column":23},"end":{"line":135,"column":5}},"48":{"start":{"line":137,"column":4},"end":{"line":139,"column":5}},"49":{"start":{"line":138,"column":8},"end":{"line":138,"column":70}},"50":{"start":{"line":141,"column":17},"end":{"line":141,"column":35}},"51":{"start":{"line":144,"column":24},"end":{"line":144,"column":60}},"52":{"start":{"line":146,"column":4},"end":{"line":148,"column":5}},"53":{"start":{"line":147,"column":8},"end":{"line":147,"column":85}},"54":{"start":{"line":151,"column":20},"end":{"line":151,"column":49}},"55":{"start":{"line":152,"column":4},"end":{"line":155,"column":6}},"56":{"start":{"line":157,"column":4},"end":{"line":157,"column":84}},"57":{"start":{"line":162,"column":4},"end":{"line":164,"column":5}},"58":{"start":{"line":163,"column":8},"end":{"line":163,"column":46}},"59":{"start":{"line":166,"column":19},"end":{"line":169,"column":5}},"60":{"start":{"line":171,"column":4},"end":{"line":173,"column":5}},"61":{"start":{"line":172,"column":8},"end":{"line":172,"column":52}},"62":{"start":{"line":175,"column":18},"end":{"line":175,"column":32}},"63":{"start":{"line":177,"column":20},"end":{"line":177,"column":71}},"64":{"start":{"line":178,"column":4},"end":{"line":180,"column":5}},"65":{"start":{"line":179,"column":8},"end":{"line":179,"column":48}},"66":{"start":{"line":182,"column":18},"end":{"line":182,"column":38}},"67":{"start":{"line":183,"column":4},"end":{"line":183,"column":46}},"68":{"start":{"line":188,"column":19},"end":{"line":188,"column":76}},"69":{"start":{"line":189,"column":4},"end":{"line":189,"column":46}},"70":{"start":{"line":189,"column":34},"end":{"line":189,"column":46}},"71":{"start":{"line":190,"column":4},"end":{"line":190,"column":38}},"72":{"start":{"line":195,"column":4},"end":{"line":199,"column":6}},"73":{"start":{"line":204,"column":4},"end":{"line":225,"column":6}},"74":{"start":{"line":228,"column":0},"end":{"line":235,"column":2}}},"fnMap":{"0":{"name":"registerUser","decl":{"start":{"line":10,"column":15},"end":{"line":10,"column":27}},"loc":{"start":{"line":10,"column":145},"end":{"line":59,"column":1}},"line":10},"1":{"name":"loginUser","decl":{"start":{"line":62,"column":15},"end":{"line":62,"column":24}},"loc":{"start":{"line":62,"column":48},"end":{"line":127,"column":1}},"line":62},"2":{"name":"resetPin","decl":{"start":{"line":130,"column":15},"end":{"line":130,"column":23}},"loc":{"start":{"line":130,"column":63},"end":{"line":158,"column":1}},"line":130},"3":{"name":"adminLogin","decl":{"start":{"line":161,"column":15},"end":{"line":161,"column":25}},"loc":{"start":{"line":161,"column":43},"end":{"line":184,"column":1}},"line":161},"4":{"name":"getUserById","decl":{"start":{"line":187,"column":15},"end":{"line":187,"column":26}},"loc":{"start":{"line":187,"column":31},"end":{"line":191,"column":1}},"line":187},"5":{"name":"generateToken","decl":{"start":{"line":194,"column":9},"end":{"line":194,"column":22}},"loc":{"start":{"line":194,"column":29},"end":{"line":200,"column":1}},"line":194},"6":{"name":"formatUser","decl":{"start":{"line":203,"column":9},"end":{"line":203,"column":19}},"loc":{"start":{"line":203,"column":26},"end":{"line":226,"column":1}},"line":203}},"branchMap":{"0":{"loc":{"start":{"line":17,"column":4},"end":{"line":19,"column":5}},"type":"if","locations":[{"start":{"line":17,"column":4},"end":{"line":19,"column":5}},{"start":{},"end":{}}],"line":17},"1":{"loc":{"start":{"line":26,"column":4},"end":{"line":26,"column":30}},"type":"if","locations":[{"start":{"line":26,"column":4},"end":{"line":26,"column":30}},{"start":{},"end":{}}],"line":26},"2":{"loc":{"start":{"line":27,"column":4},"end":{"line":27,"column":60}},"type":"if","locations":[{"start":{"line":27,"column":4},"end":{"line":27,"column":60}},{"start":{},"end":{}}],"line":27},"3":{"loc":{"start":{"line":27,"column":8},"end":{"line":27,"column":41}},"type":"binary-expr","locations":[{"start":{"line":27,"column":8},"end":{"line":27,"column":25}},{"start":{"line":27,"column":29},"end":{"line":27,"column":41}}],"line":27},"4":{"loc":{"start":{"line":28,"column":4},"end":{"line":28,"column":52}},"type":"if","locations":[{"start":{"line":28,"column":4},"end":{"line":28,"column":52}},{"start":{},"end":{}}],"line":28},"5":{"loc":{"start":{"line":28,"column":8},"end":{"line":28,"column":33}},"type":"binary-expr","locations":[{"start":{"line":28,"column":8},"end":{"line":28,"column":24}},{"start":{"line":28,"column":28},"end":{"line":28,"column":33}}],"line":28},"6":{"loc":{"start":{"line":29,"column":4},"end":{"line":29,"column":49}},"type":"if","locations":[{"start":{"line":29,"column":4},"end":{"line":29,"column":49}},{"start":{},"end":{}}],"line":29},"7":{"loc":{"start":{"line":29,"column":8},"end":{"line":29,"column":31}},"type":"binary-expr","locations":[{"start":{"line":29,"column":8},"end":{"line":29,"column":15}},{"start":{"line":29,"column":19},"end":{"line":29,"column":31}}],"line":29},"8":{"loc":{"start":{"line":40,"column":20},"end":{"line":40,"column":30}},"type":"binary-expr","locations":[{"start":{"line":40,"column":20},"end":{"line":40,"column":24}},{"start":{"line":40,"column":28},"end":{"line":40,"column":30}}],"line":40},"9":{"loc":{"start":{"line":41,"column":12},"end":{"line":41,"column":30}},"type":"binary-expr","locations":[{"start":{"line":41,"column":12},"end":{"line":41,"column":24}},{"start":{"line":41,"column":28},"end":{"line":41,"column":30}}],"line":41},"10":{"loc":{"start":{"line":41,"column":32},"end":{"line":41,"column":51}},"type":"binary-expr","locations":[{"start":{"line":41,"column":32},"end":{"line":41,"column":43}},{"start":{"line":41,"column":47},"end":{"line":41,"column":51}}],"line":41},"11":{"loc":{"start":{"line":41,"column":53},"end":{"line":41,"column":66}},"type":"binary-expr","locations":[{"start":{"line":41,"column":53},"end":{"line":41,"column":60}},{"start":{"line":41,"column":64},"end":{"line":41,"column":66}}],"line":41},"12":{"loc":{"start":{"line":42,"column":12},"end":{"line":42,"column":30}},"type":"binary-expr","locations":[{"start":{"line":42,"column":12},"end":{"line":42,"column":24}},{"start":{"line":42,"column":28},"end":{"line":42,"column":30}}],"line":42},"13":{"loc":{"start":{"line":42,"column":32},"end":{"line":42,"column":43}},"type":"binary-expr","locations":[{"start":{"line":42,"column":32},"end":{"line":42,"column":37}},{"start":{"line":42,"column":41},"end":{"line":42,"column":43}}],"line":42},"14":{"loc":{"start":{"line":42,"column":45},"end":{"line":42,"column":67}},"type":"binary-expr","locations":[{"start":{"line":42,"column":45},"end":{"line":42,"column":61}},{"start":{"line":42,"column":65},"end":{"line":42,"column":67}}],"line":42},"15":{"loc":{"start":{"line":42,"column":69},"end":{"line":42,"column":86}},"type":"binary-expr","locations":[{"start":{"line":42,"column":69},"end":{"line":42,"column":80}},{"start":{"line":42,"column":84},"end":{"line":42,"column":86}}],"line":42},"16":{"loc":{"start":{"line":69,"column":4},"end":{"line":71,"column":5}},"type":"if","locations":[{"start":{"line":69,"column":4},"end":{"line":71,"column":5}},{"start":{},"end":{}}],"line":69},"17":{"loc":{"start":{"line":76,"column":4},"end":{"line":79,"column":5}},"type":"if","locations":[{"start":{"line":76,"column":4},"end":{"line":79,"column":5}},{"start":{},"end":{}}],"line":76},"18":{"loc":{"start":{"line":76,"column":8},"end":{"line":76,"column":65}},"type":"binary-expr","locations":[{"start":{"line":76,"column":8},"end":{"line":76,"column":23}},{"start":{"line":76,"column":27},"end":{"line":76,"column":65}}],"line":76},"19":{"loc":{"start":{"line":82,"column":4},"end":{"line":88,"column":5}},"type":"if","locations":[{"start":{"line":82,"column":4},"end":{"line":88,"column":5}},{"start":{},"end":{}}],"line":82},"20":{"loc":{"start":{"line":82,"column":8},"end":{"line":82,"column":66}},"type":"binary-expr","locations":[{"start":{"line":82,"column":8},"end":{"line":82,"column":23}},{"start":{"line":82,"column":27},"end":{"line":82,"column":66}}],"line":82},"21":{"loc":{"start":{"line":93,"column":4},"end":{"line":111,"column":5}},"type":"if","locations":[{"start":{"line":93,"column":4},"end":{"line":111,"column":5}},{"start":{},"end":{}}],"line":93},"22":{"loc":{"start":{"line":94,"column":29},"end":{"line":94,"column":60}},"type":"binary-expr","locations":[{"start":{"line":94,"column":29},"end":{"line":94,"column":55}},{"start":{"line":94,"column":59},"end":{"line":94,"column":60}}],"line":94},"23":{"loc":{"start":{"line":96,"column":8},"end":{"line":110,"column":9}},"type":"if","locations":[{"start":{"line":96,"column":8},"end":{"line":110,"column":9}},{"start":{"line":104,"column":15},"end":{"line":110,"column":9}}],"line":96},"24":{"loc":{"start":{"line":120,"column":4},"end":{"line":122,"column":5}},"type":"if","locations":[{"start":{"line":120,"column":4},"end":{"line":122,"column":5}},{"start":{},"end":{}}],"line":120},"25":{"loc":{"start":{"line":137,"column":4},"end":{"line":139,"column":5}},"type":"if","locations":[{"start":{"line":137,"column":4},"end":{"line":139,"column":5}},{"start":{},"end":{}}],"line":137},"26":{"loc":{"start":{"line":144,"column":25},"end":{"line":144,"column":49}},"type":"binary-expr","locations":[{"start":{"line":144,"column":25},"end":{"line":144,"column":43}},{"start":{"line":144,"column":47},"end":{"line":144,"column":49}}],"line":144},"27":{"loc":{"start":{"line":146,"column":4},"end":{"line":148,"column":5}},"type":"if","locations":[{"start":{"line":146,"column":4},"end":{"line":148,"column":5}},{"start":{},"end":{}}],"line":146},"28":{"loc":{"start":{"line":146,"column":8},"end":{"line":146,"column":51}},"type":"binary-expr","locations":[{"start":{"line":146,"column":8},"end":{"line":146,"column":20}},{"start":{"line":146,"column":24},"end":{"line":146,"column":51}}],"line":146},"29":{"loc":{"start":{"line":162,"column":4},"end":{"line":164,"column":5}},"type":"if","locations":[{"start":{"line":162,"column":4},"end":{"line":164,"column":5}},{"start":{},"end":{}}],"line":162},"30":{"loc":{"start":{"line":171,"column":4},"end":{"line":173,"column":5}},"type":"if","locations":[{"start":{"line":171,"column":4},"end":{"line":173,"column":5}},{"start":{},"end":{}}],"line":171},"31":{"loc":{"start":{"line":178,"column":4},"end":{"line":180,"column":5}},"type":"if","locations":[{"start":{"line":178,"column":4},"end":{"line":180,"column":5}},{"start":{},"end":{}}],"line":178},"32":{"loc":{"start":{"line":189,"column":4},"end":{"line":189,"column":46}},"type":"if","locations":[{"start":{"line":189,"column":4},"end":{"line":189,"column":46}},{"start":{},"end":{}}],"line":189},"33":{"loc":{"start":{"line":218,"column":20},"end":{"line":218,"column":41}},"type":"binary-expr","locations":[{"start":{"line":218,"column":20},"end":{"line":218,"column":36}},{"start":{"line":218,"column":40},"end":{"line":218,"column":41}}],"line":218},"34":{"loc":{"start":{"line":219,"column":25},"end":{"line":219,"column":53}},"type":"binary-expr","locations":[{"start":{"line":219,"column":25},"end":{"line":219,"column":47}},{"start":{"line":219,"column":51},"end":{"line":219,"column":53}}],"line":219},"35":{"loc":{"start":{"line":220,"column":21},"end":{"line":220,"column":44}},"type":"binary-expr","locations":[{"start":{"line":220,"column":21},"end":{"line":220,"column":38}},{"start":{"line":220,"column":42},"end":{"line":220,"column":44}}],"line":220},"36":{"loc":{"start":{"line":221,"column":22},"end":{"line":221,"column":46}},"type":"binary-expr","locations":[{"start":{"line":221,"column":22},"end":{"line":221,"column":40}},{"start":{"line":221,"column":44},"end":{"line":221,"column":46}}],"line":221},"37":{"loc":{"start":{"line":222,"column":20},"end":{"line":222,"column":42}},"type":"binary-expr","locations":[{"start":{"line":222,"column":20},"end":{"line":222,"column":36}},{"start":{"line":222,"column":40},"end":{"line":222,"column":42}}],"line":222}},"s":{"0":1,"1":1,"2":1,"3":1,"4":1,"5":0,"6":0,"7":0,"8":0,"9":0,"10":0,"11":0,"12":0,"13":0,"14":0,"15":0,"16":0,"17":0,"18":0,"19":0,"20":0,"21":0,"22":0,"23":0,"24":0,"25":0,"26":0,"27":0,"28":0,"29":0,"30":0,"31":0,"32":0,"33":0,"34":0,"35":0,"36":0,"37":0,"38":0,"39":0,"40":0,"41":0,"42":0,"43":0,"44":0,"45":0,"46":0,"47":0,"48":0,"49":0,"50":0,"51":0,"52":0,"53":0,"54":0,"55":0,"56":0,"57":0,"58":0,"59":0,"60":0,"61":0,"62":0,"63":0,"64":0,"65":0,"66":0,"67":0,"68":0,"69":0,"70":0,"71":0,"72":0,"73":0,"74":1},"f":{"0":0,"1":0,"2":0,"3":0,"4":0,"5":0,"6":0},"b":{"0":[0,0],"1":[0,0],"2":[0,0],"3":[0,0],"4":[0,0],"5":[0,0],"6":[0,0],"7":[0,0],"8":[0,0],"9":[0,0],"10":[0,0],"11":[0,0],"12":[0,0],"13":[0,0],"14":[0,0],"15":[0,0],"16":[0,0],"17":[0,0],"18":[0,0],"19":[0,0],"20":[0,0],"21":[0,0],"22":[0,0],"23":[0,0],"24":[0,0],"25":[0,0],"26":[0,0],"27":[0,0],"28":[0,0],"29":[0,0],"30":[0,0],"31":[0,0],"32":[0,0],"33":[0,0],"34":[0,0],"35":[0,0],"36":[0,0],"37":[0,0]},"_coverageSchema":"1a1c01bbd47fc00a2c39e90264f33305004495a9","hash":"0db9cfceb476046d430c95918a39e2f8dd1886b7"}
}
