TN:
SF:controllers\adminController.js
FN:8,getAllUsers
FN:22,getUserVerification
FN:41,approveUser
FN:61,rejectUser
FN:90,getStats
FN:103,getComplaints
FN:116,resolveComplaint
FNF:7
FNH:7
FNDA:1,getAllUsers
FNDA:2,getUserVerification
FNDA:1,approveUser
FNDA:1,rejectUser
FNDA:1,getStats
FNDA:1,getComplaints
FNDA:1,resolveComplaint
DA:2,1
DA:9,1
DA:10,1
DA:11,1
DA:13,0
DA:14,0
DA:23,2
DA:24,2
DA:26,2
DA:27,1
DA:30,1
DA:32,0
DA:33,0
DA:42,1
DA:43,1
DA:44,1
DA:46,1
DA:47,0
DA:50,1
DA:52,0
DA:53,0
DA:62,1
DA:63,1
DA:65,1
DA:66,1
DA:69,0
DA:71,0
DA:72,0
DA:75,0
DA:76,0
DA:79,0
DA:81,0
DA:82,0
DA:91,1
DA:92,1
DA:93,1
DA:95,0
DA:96,0
DA:104,1
DA:105,1
DA:106,1
DA:108,0
DA:109,0
DA:117,1
DA:118,1
DA:120,1
DA:121,0
DA:124,1
DA:126,1
DA:127,0
DA:130,1
DA:132,0
DA:133,0
DA:138,1
LF:54
LH:31
BRDA:26,0,0,1
BRDA:26,0,1,1
BRDA:46,1,0,0
BRDA:46,1,1,1
BRDA:65,2,0,1
BRDA:65,2,1,0
BRDA:71,3,0,0
BRDA:71,3,1,0
BRDA:75,4,0,0
BRDA:75,4,1,0
BRDA:120,5,0,0
BRDA:120,5,1,1
BRDA:124,6,0,1
BRDA:124,6,1,0
BRDA:126,7,0,0
BRDA:126,7,1,1
BRF:16
BRH:7
end_of_record
TN:
SF:controllers\authController.js
FN:9,register
FN:49,login
FN:88,forgotPin
FN:114,adminLogin
FN:148,getMe
FN:182,logout
FNF:6
FNH:3
FNDA:2,register
FNDA:2,login
FNDA:0,forgotPin
FNDA:0,adminLogin
FNDA:0,getMe
FNDA:1,logout
DA:2,1
DA:3,1
DA:10,2
DA:11,2
DA:16,2
DA:19,2
DA:22,2
DA:23,1
DA:27,1
DA:32,1
DA:33,0
DA:37,1
DA:40,0
DA:41,0
DA:50,2
DA:51,2
DA:53,2
DA:54,0
DA:57,2
DA:59,2
DA:61,1
DA:62,1
DA:69,1
DA:76,1
DA:79,0
DA:80,0
DA:89,0
DA:90,0
DA:92,0
DA:93,0
DA:96,0
DA:98,0
DA:99,0
DA:102,0
DA:105,0
DA:106,0
DA:115,0
DA:116,0
DA:118,0
DA:119,0
DA:122,0
DA:124,0
DA:125,0
DA:129,0
DA:136,0
DA:139,0
DA:140,0
DA:149,0
DA:150,0
DA:152,0
DA:153,0
DA:157,0
DA:158,0
DA:160,0
DA:173,0
DA:174,0
DA:183,1
DA:184,1
DA:188,1
LF:59
LH:23
BRDA:19,0,0,2
BRDA:19,0,1,1
BRDA:22,1,0,1
BRDA:22,1,1,1
BRDA:22,2,0,2
BRDA:22,2,1,1
BRDA:22,2,2,1
BRDA:32,3,0,0
BRDA:32,3,1,1
BRDA:53,4,0,0
BRDA:53,4,1,2
BRDA:53,5,0,2
BRDA:53,5,1,2
BRDA:53,5,2,2
BRDA:59,6,0,1
BRDA:59,6,1,1
BRDA:61,7,0,0
BRDA:61,7,1,1
BRDA:64,8,0,1
BRDA:64,8,1,1
BRDA:92,9,0,0
BRDA:92,9,1,0
BRDA:92,10,0,0
BRDA:92,10,1,0
BRDA:92,10,2,0
BRDA:92,10,3,0
BRDA:98,11,0,0
BRDA:98,11,1,0
BRDA:118,12,0,0
BRDA:118,12,1,0
BRDA:118,13,0,0
BRDA:118,13,1,0
BRDA:124,14,0,0
BRDA:124,14,1,0
BRDA:152,15,0,0
BRDA:152,15,1,0
BRDA:158,16,0,0
BRDA:158,16,1,0
BRDA:164,17,0,0
BRDA:164,17,1,0
BRDA:165,18,0,0
BRDA:165,18,1,0
BRDA:166,19,0,0
BRDA:166,19,1,0
BRDA:167,20,0,0
BRDA:167,20,1,0
BRF:46
BRH:17
end_of_record
TN:
SF:controllers\listingController.js
FN:8,createListing
FN:24,getListings
FN:40,getMyListings
FN:55,getListingById
FN:75,updateListing
FN:99,updateStatus
FN:129,deleteListing
FNF:7
FNH:7
FNDA:1,createListing
FNDA:1,getListings
FNDA:1,getMyListings
FNDA:2,getListingById
FNDA:1,updateListing
FNDA:1,updateStatus
FNDA:1,deleteListing
DA:2,1
DA:9,1
DA:11,1
DA:13,1
DA:15,0
DA:16,0
DA:25,1
DA:27,1
DA:29,1
DA:31,0
DA:32,0
DA:41,1
DA:42,1
DA:44,1
DA:46,0
DA:47,0
DA:56,2
DA:57,2
DA:60,2
DA:61,1
DA:64,1
DA:66,0
DA:67,0
DA:76,1
DA:78,1
DA:84,1
DA:85,0
DA:88,1
DA:90,0
DA:91,0
DA:100,1
DA:101,1
DA:104,1
DA:105,1
DA:108,0
DA:114,0
DA:115,0
DA:118,0
DA:120,0
DA:121,0
DA:130,1
DA:131,1
DA:136,1
DA:137,0
DA:140,1
DA:142,0
DA:143,0
DA:148,1
LF:48
LH:28
BRDA:60,0,0,1
BRDA:60,0,1,1
BRDA:84,1,0,0
BRDA:84,1,1,1
BRDA:104,2,0,1
BRDA:104,2,1,0
BRDA:114,3,0,0
BRDA:114,3,1,0
BRDA:136,4,0,0
BRDA:136,4,1,1
BRF:10
BRH:5
end_of_record
TN:
SF:controllers\orderController.js
FN:8,createOrder
FN:45,getMyOrders
FN:65,getOrderById
FN:86,updateOrderStatus
FN:119,createComplaint
FNF:5
FNH:5
FNDA:2,createOrder
FNDA:1,getMyOrders
FNDA:2,getOrderById
FNDA:2,updateOrderStatus
FNDA:1,createComplaint
DA:2,1
DA:9,2
DA:10,2
DA:13,2
DA:14,1
DA:18,1
DA:19,0
DA:23,1
DA:30,1
DA:36,0
DA:37,0
DA:46,1
DA:48,1
DA:53,1
DA:56,0
DA:57,0
DA:66,2
DA:67,2
DA:70,2
DA:71,1
DA:74,1
DA:77,0
DA:78,0
DA:87,2
DA:88,2
DA:91,2
DA:92,1
DA:95,1
DA:100,1
DA:101,0
DA:104,1
DA:110,0
DA:111,0
DA:120,1
DA:121,1
DA:123,1
DA:124,0
DA:127,1
DA:134,1
DA:140,0
DA:141,0
DA:146,1
LF:42
LH:29
BRDA:13,0,0,1
BRDA:13,0,1,1
BRDA:13,1,0,2
BRDA:13,1,1,2
BRDA:18,2,0,0
BRDA:18,2,1,1
BRDA:27,3,0,1
BRDA:27,3,1,1
BRDA:70,4,0,1
BRDA:70,4,1,1
BRDA:91,5,0,1
BRDA:91,5,1,1
BRDA:100,6,0,0
BRDA:100,6,1,1
BRDA:123,7,0,0
BRDA:123,7,1,1
BRDA:123,8,0,1
BRDA:123,8,1,1
BRF:18
BRH:15
end_of_record
TN:
SF:controllers\userController.js
FN:8,getProfile
FN:27,updateProfile
FN:46,uploadDocument
FN:76,uploadProfilePhoto
FN:104,updateLocation
FN:122,updatePreferences
FNF:6
FNH:6
FNDA:2,getProfile
FNDA:1,updateProfile
FNDA:1,uploadDocument
FNDA:1,uploadProfilePhoto
FNDA:1,updateLocation
FNDA:1,updatePreferences
DA:1,1
DA:2,1
DA:9,2
DA:10,2
DA:12,2
DA:13,1
DA:16,1
DA:18,0
DA:19,0
DA:28,1
DA:29,1
DA:31,1
DA:32,0
DA:35,1
DA:37,0
DA:38,0
DA:47,1
DA:48,1
DA:49,0
DA:52,1
DA:53,1
DA:55,1
DA:57,1
DA:58,0
DA:61,1
DA:67,0
DA:68,0
DA:77,1
DA:78,1
DA:79,0
DA:82,1
DA:83,1
DA:85,1
DA:86,0
DA:89,1
DA:95,0
DA:96,0
DA:105,1
DA:106,1
DA:108,1
DA:113,0
DA:114,0
DA:123,1
DA:124,1
DA:126,1
DA:131,0
DA:132,0
DA:136,1
LF:48
LH:31
BRDA:12,0,0,1
BRDA:12,0,1,1
BRDA:31,1,0,0
BRDA:31,1,1,1
BRDA:48,2,0,0
BRDA:48,2,1,1
BRDA:53,3,0,1
BRDA:53,3,1,1
BRDA:57,4,0,0
BRDA:57,4,1,1
BRDA:78,5,0,0
BRDA:78,5,1,1
BRDA:85,6,0,0
BRDA:85,6,1,1
BRF:14
BRH:9
end_of_record
TN:
SF:controllers\voiceController.js
FN:77,(anonymous_0)
FN:89,(anonymous_1)
FNF:2
FNH:2
FNDA:1,(anonymous_0)
FNDA:4,(anonymous_1)
DA:1,1
DA:15,1
DA:77,1
DA:78,1
DA:89,1
DA:90,4
DA:92,4
DA:93,1
DA:96,3
DA:97,3
DA:98,3
DA:101,3
DA:102,11
DA:103,11
DA:104,31
DA:105,2
DA:108,2
DA:109,1
DA:110,1
DA:111,1
DA:112,3
DA:115,1
DA:116,1
DA:119,2
DA:122,11
DA:125,3
DA:126,1
DA:135,2
DA:143,2
DA:152,1
LF:30
LH:30
BRDA:90,0,0,1
BRDA:92,1,0,1
BRDA:92,1,1,3
BRDA:92,2,0,4
BRDA:92,2,1,3
BRDA:102,3,0,11
BRDA:102,3,1,0
BRDA:102,3,2,0
BRDA:104,4,0,2
BRDA:104,4,1,29
BRDA:108,5,0,1
BRDA:108,5,1,1
BRDA:109,6,0,1
BRDA:109,6,1,0
BRDA:122,7,0,2
BRDA:122,7,1,9
BRDA:125,8,0,1
BRDA:125,8,1,2
BRF:18
BRH:15
end_of_record
TN:
SF:modules\authModule.js
FN:10,registerUser
FN:62,loginUser
FN:130,resetPin
FN:161,adminLogin
FN:187,getUserById
FN:194,generateToken
FN:203,formatUser
FNF:7
FNH:0
FNDA:0,registerUser
FNDA:0,loginUser
FNDA:0,resetPin
FNDA:0,adminLogin
FNDA:0,getUserById
FNDA:0,generateToken
FNDA:0,formatUser
DA:1,1
DA:2,1
DA:3,1
DA:6,1
DA:7,1
DA:12,0
DA:17,0
DA:18,0
DA:22,0
DA:25,0
DA:26,0
DA:27,0
DA:28,0
DA:29,0
DA:31,0
DA:46,0
DA:49,0
DA:53,0
DA:58,0
DA:64,0
DA:69,0
DA:70,0
DA:73,0
DA:76,0
DA:77,0
DA:78,0
DA:82,0
DA:83,0
DA:87,0
DA:91,0
DA:93,0
DA:94,0
DA:96,0
DA:98,0
DA:99,0
DA:103,0
DA:105,0
DA:109,0
DA:114,0
DA:120,0
DA:121,0
DA:125,0
DA:126,0
DA:132,0
DA:137,0
DA:138,0
DA:141,0
DA:144,0
DA:146,0
DA:147,0
DA:151,0
DA:152,0
DA:157,0
DA:162,0
DA:163,0
DA:166,0
DA:171,0
DA:172,0
DA:175,0
DA:177,0
DA:178,0
DA:179,0
DA:182,0
DA:183,0
DA:188,0
DA:189,0
DA:190,0
DA:195,0
DA:204,0
DA:228,1
LF:70
LH:6
BRDA:17,0,0,0
BRDA:17,0,1,0
BRDA:26,1,0,0
BRDA:26,1,1,0
BRDA:27,2,0,0
BRDA:27,2,1,0
BRDA:27,3,0,0
BRDA:27,3,1,0
BRDA:28,4,0,0
BRDA:28,4,1,0
BRDA:28,5,0,0
BRDA:28,5,1,0
BRDA:29,6,0,0
BRDA:29,6,1,0
BRDA:29,7,0,0
BRDA:29,7,1,0
BRDA:40,8,0,0
BRDA:40,8,1,0
BRDA:41,9,0,0
BRDA:41,9,1,0
BRDA:41,10,0,0
BRDA:41,10,1,0
BRDA:41,11,0,0
BRDA:41,11,1,0
BRDA:42,12,0,0
BRDA:42,12,1,0
BRDA:42,13,0,0
BRDA:42,13,1,0
BRDA:42,14,0,0
BRDA:42,14,1,0
BRDA:42,15,0,0
BRDA:42,15,1,0
BRDA:69,16,0,0
BRDA:69,16,1,0
BRDA:76,17,0,0
BRDA:76,17,1,0
BRDA:76,18,0,0
BRDA:76,18,1,0
BRDA:82,19,0,0
BRDA:82,19,1,0
BRDA:82,20,0,0
BRDA:82,20,1,0
BRDA:93,21,0,0
BRDA:93,21,1,0
BRDA:94,22,0,0
BRDA:94,22,1,0
BRDA:96,23,0,0
BRDA:96,23,1,0
BRDA:120,24,0,0
BRDA:120,24,1,0
BRDA:137,25,0,0
BRDA:137,25,1,0
BRDA:144,26,0,0
BRDA:144,26,1,0
BRDA:146,27,0,0
BRDA:146,27,1,0
BRDA:146,28,0,0
BRDA:146,28,1,0
BRDA:162,29,0,0
BRDA:162,29,1,0
BRDA:171,30,0,0
BRDA:171,30,1,0
BRDA:178,31,0,0
BRDA:178,31,1,0
BRDA:189,32,0,0
BRDA:189,32,1,0
BRDA:218,33,0,0
BRDA:218,33,1,0
BRDA:219,34,0,0
BRDA:219,34,1,0
BRDA:220,35,0,0
BRDA:220,35,1,0
BRDA:221,36,0,0
BRDA:221,36,1,0
BRDA:222,37,0,0
BRDA:222,37,1,0
BRF:76
BRH:0
end_of_record
